[04/Nov/2018:17:55:47 -0200] 127.0.0.1 "GET /invoices/100 HTTP/1.1" 404 (- ms)
[04/Nov/2018:18:01:54 -0200] 127.0.0.1 "GET /invoices/100 HTTP/1.1" 404 (- ms)
[04/Nov/2018:18:03:35 -0200] 127.0.0.1 "GET /invoices/100 HTTP/1.1" 404 (- ms)
[04/Nov/2018:18:06:21 -0200] 0:0:0:0:0:0:0:1 "GET /invoices/100 HTTP/1.1" 404 (- ms)
[04/Nov/2018:18:07:11 -0200] 0:0:0:0:0:0:0:1 "GET /h2-console HTTP/1.1" 302 (- ms)
[04/Nov/2018:18:07:11 -0200] 0:0:0:0:0:0:0:1 "GET /h2-console/ HTTP/1.1" 200 (- ms)
[04/Nov/2018:18:07:12 -0200] 0:0:0:0:0:0:0:1 "GET /h2-console/stylesheet.css HTTP/1.1" 200 (- ms)
[04/Nov/2018:18:07:12 -0200] 0:0:0:0:0:0:0:1 "GET /h2-console/login.jsp?jsessionid=360c2f9363105381e7c984b61da4ce32 HTTP/1.1" 200 (- ms)
[04/Nov/2018:18:07:12 -0200] 0:0:0:0:0:0:0:1 "GET /h2-console/background.gif HTTP/1.1" 200 (- ms)
[04/Nov/2018:18:07:14 -0200] 0:0:0:0:0:0:0:1 "POST /h2-console/login.do?jsessionid=360c2f9363105381e7c984b61da4ce32 HTTP/1.1" 200 (- ms)
[04/Nov/2018:18:07:14 -0200] 0:0:0:0:0:0:0:1 "GET /h2-console/header.jsp?jsessionid=360c2f9363105381e7c984b61da4ce32 HTTP/1.1" 200 (- ms)
[04/Nov/2018:18:07:14 -0200] 0:0:0:0:0:0:0:1 "GET /h2-console/help.jsp?jsessionid=360c2f9363105381e7c984b61da4ce32 HTTP/1.1" 200 (- ms)
[04/Nov/2018:18:07:14 -0200] 0:0:0:0:0:0:0:1 "GET /h2-console/query.jsp?jsessionid=360c2f9363105381e7c984b61da4ce32 HTTP/1.1" 200 (- ms)
[04/Nov/2018:18:07:14 -0200] 0:0:0:0:0:0:0:1 "GET /h2-console/icon_line.gif HTTP/1.1" 200 (- ms)
[04/Nov/2018:18:07:14 -0200] 0:0:0:0:0:0:0:1 "GET /h2-console/icon_refresh.gif HTTP/1.1" 200 (- ms)
[04/Nov/2018:18:07:14 -0200] 0:0:0:0:0:0:0:1 "GET /h2-console/icon_disconnect.gif HTTP/1.1" 200 (- ms)
[04/Nov/2018:18:07:14 -0200] 0:0:0:0:0:0:0:1 "GET /h2-console/icon_commit.gif HTTP/1.1" 200 (- ms)
[04/Nov/2018:18:07:14 -0200] 0:0:0:0:0:0:0:1 "GET /h2-console/icon_run.gif HTTP/1.1" 200 (- ms)
[04/Nov/2018:18:07:14 -0200] 0:0:0:0:0:0:0:1 "GET /h2-console/icon_run_selected.gif HTTP/1.1" 200 (- ms)
[04/Nov/2018:18:07:14 -0200] 0:0:0:0:0:0:0:1 "GET /h2-console/icon_rollback.gif HTTP/1.1" 200 (- ms)
[04/Nov/2018:18:07:14 -0200] 0:0:0:0:0:0:0:1 "GET /h2-console/icon_stop.gif HTTP/1.1" 200 (- ms)
[04/Nov/2018:18:07:14 -0200] 0:0:0:0:0:0:0:1 "GET /h2-console/icon_help.gif HTTP/1.1" 200 (- ms)
[04/Nov/2018:18:07:14 -0200] 0:0:0:0:0:0:0:1 "GET /h2-console/icon_history.gif HTTP/1.1" 200 (- ms)
[04/Nov/2018:18:07:14 -0200] 0:0:0:0:0:0:0:1 "GET /h2-console/tables.do?jsessionid=360c2f9363105381e7c984b61da4ce32 HTTP/1.1" 200 (- ms)
[04/Nov/2018:18:07:14 -0200] 0:0:0:0:0:0:0:1 "GET /h2-console/tree.js HTTP/1.1" 200 (- ms)
[04/Nov/2018:18:07:15 -0200] 0:0:0:0:0:0:0:1 "GET /h2-console/tree_plus.gif HTTP/1.1" 200 (- ms)
[04/Nov/2018:18:07:15 -0200] 0:0:0:0:0:0:0:1 "GET /h2-console/tree_minus.gif HTTP/1.1" 200 (- ms)
[04/Nov/2018:18:07:15 -0200] 0:0:0:0:0:0:0:1 "GET /h2-console/tree_database.gif HTTP/1.1" 200 (- ms)
[04/Nov/2018:18:07:15 -0200] 0:0:0:0:0:0:0:1 "GET /h2-console/tree_empty.gif HTTP/1.1" 200 (- ms)
[04/Nov/2018:18:07:15 -0200] 0:0:0:0:0:0:0:1 "GET /h2-console/tree_column.gif HTTP/1.1" 200 (- ms)
[04/Nov/2018:18:07:15 -0200] 0:0:0:0:0:0:0:1 "GET /h2-console/tree_table.gif HTTP/1.1" 200 (- ms)
[04/Nov/2018:18:07:15 -0200] 0:0:0:0:0:0:0:1 "GET /h2-console/tree_index.gif HTTP/1.1" 200 (- ms)
[04/Nov/2018:18:07:15 -0200] 0:0:0:0:0:0:0:1 "GET /h2-console/tree_type.gif HTTP/1.1" 200 (- ms)
[04/Nov/2018:18:07:15 -0200] 0:0:0:0:0:0:0:1 "GET /h2-console/tree_index_az.gif HTTP/1.1" 200 (- ms)
[04/Nov/2018:18:07:15 -0200] 0:0:0:0:0:0:0:1 "GET /h2-console/tree_folder.gif HTTP/1.1" 200 (- ms)
[04/Nov/2018:18:07:15 -0200] 0:0:0:0:0:0:0:1 "GET /h2-console/tree_sequence.gif HTTP/1.1" 200 (- ms)
[04/Nov/2018:18:07:15 -0200] 0:0:0:0:0:0:0:1 "GET /h2-console/tree_users.gif HTTP/1.1" 200 (- ms)
[04/Nov/2018:18:07:15 -0200] 0:0:0:0:0:0:0:1 "GET /h2-console/tree_sequences.gif HTTP/1.1" 200 (- ms)
[04/Nov/2018:18:07:15 -0200] 0:0:0:0:0:0:0:1 "GET /h2-console/tree_user.gif HTTP/1.1" 200 (- ms)
[04/Nov/2018:18:07:15 -0200] 0:0:0:0:0:0:0:1 "GET /h2-console/tree_info.gif HTTP/1.1" 200 (- ms)
[04/Nov/2018:18:07:17 -0200] 0:0:0:0:0:0:0:1 "POST /h2-console/query.do?jsessionid=360c2f9363105381e7c984b61da4ce32 HTTP/1.1" 200 (- ms)
[04/Nov/2018:18:07:17 -0200] 0:0:0:0:0:0:0:1 "GET /h2-console/table.js HTTP/1.1" 200 (- ms)
[04/Nov/2018:18:07:31 -0200] 0:0:0:0:0:0:0:1 "GET /invoices/111 HTTP/1.1" 200 (- ms)
[04/Nov/2018:18:09:45 -0200] 0:0:0:0:0:0:0:1 "GET /invoices/ HTTP/1.1" 200 (- ms)
[04/Nov/2018:18:18:09 -0200] 127.0.0.1 "GET /invoices/111 HTTP/1.1" 200 (- ms)
[04/Nov/2018:18:36:48 -0200] 127.0.0.1 "GET /invoices/111 HTTP/1.1" 200 (- ms)
[04/Nov/2018:18:39:13 -0200] 0:0:0:0:0:0:0:1 "GET /h2-console/login.do?jsessionid=360c2f9363105381e7c984b61da4ce32 HTTP/1.1" 200 (- ms)
[04/Nov/2018:18:39:13 -0200] 0:0:0:0:0:0:0:1 "GET /h2-console/stylesheet.css HTTP/1.1" 200 (- ms)
[04/Nov/2018:18:39:13 -0200] 0:0:0:0:0:0:0:1 "GET /h2-console/login.jsp?jsessionid=c0d3a88b3c970c066a83de895e667ca0 HTTP/1.1" 200 (- ms)
[04/Nov/2018:18:39:13 -0200] 0:0:0:0:0:0:0:1 "GET /h2-console/background.gif HTTP/1.1" 200 (- ms)
[04/Nov/2018:18:39:13 -0200] 0:0:0:0:0:0:0:1 "GET /favicon.ico HTTP/1.1" 200 (- ms)
[04/Nov/2018:18:39:15 -0200] 0:0:0:0:0:0:0:1 "POST /h2-console/login.do?jsessionid=c0d3a88b3c970c066a83de895e667ca0 HTTP/1.1" 200 (- ms)
[04/Nov/2018:18:39:15 -0200] 0:0:0:0:0:0:0:1 "GET /h2-console/header.jsp?jsessionid=c0d3a88b3c970c066a83de895e667ca0 HTTP/1.1" 200 (- ms)
[04/Nov/2018:18:39:15 -0200] 0:0:0:0:0:0:0:1 "GET /h2-console/query.jsp?jsessionid=c0d3a88b3c970c066a83de895e667ca0 HTTP/1.1" 200 (- ms)
[04/Nov/2018:18:39:15 -0200] 0:0:0:0:0:0:0:1 "GET /h2-console/help.jsp?jsessionid=c0d3a88b3c970c066a83de895e667ca0 HTTP/1.1" 200 (- ms)
[04/Nov/2018:18:39:15 -0200] 0:0:0:0:0:0:0:1 "GET /h2-console/icon_disconnect.gif HTTP/1.1" 200 (- ms)
[04/Nov/2018:18:39:15 -0200] 0:0:0:0:0:0:0:1 "GET /h2-console/icon_line.gif HTTP/1.1" 200 (- ms)
[04/Nov/2018:18:39:15 -0200] 0:0:0:0:0:0:0:1 "GET /h2-console/icon_refresh.gif HTTP/1.1" 200 (- ms)
[04/Nov/2018:18:39:15 -0200] 0:0:0:0:0:0:0:1 "GET /h2-console/icon_rollback.gif HTTP/1.1" 200 (- ms)
[04/Nov/2018:18:39:15 -0200] 0:0:0:0:0:0:0:1 "GET /h2-console/icon_commit.gif HTTP/1.1" 200 (- ms)
[04/Nov/2018:18:39:15 -0200] 0:0:0:0:0:0:0:1 "GET /h2-console/icon_run.gif HTTP/1.1" 200 (- ms)
[04/Nov/2018:18:39:15 -0200] 0:0:0:0:0:0:0:1 "GET /h2-console/icon_stop.gif HTTP/1.1" 200 (- ms)
[04/Nov/2018:18:39:15 -0200] 0:0:0:0:0:0:0:1 "GET /h2-console/icon_history.gif HTTP/1.1" 200 (- ms)
[04/Nov/2018:18:39:15 -0200] 0:0:0:0:0:0:0:1 "GET /h2-console/icon_run_selected.gif HTTP/1.1" 200 (- ms)
[04/Nov/2018:18:39:15 -0200] 0:0:0:0:0:0:0:1 "GET /h2-console/icon_help.gif HTTP/1.1" 200 (- ms)
[04/Nov/2018:18:39:16 -0200] 0:0:0:0:0:0:0:1 "GET /h2-console/tables.do?jsessionid=c0d3a88b3c970c066a83de895e667ca0 HTTP/1.1" 200 (- ms)
[04/Nov/2018:18:39:16 -0200] 0:0:0:0:0:0:0:1 "GET /h2-console/tree.js HTTP/1.1" 200 (- ms)
[04/Nov/2018:18:39:16 -0200] 0:0:0:0:0:0:0:1 "GET /h2-console/tree_database.gif HTTP/1.1" 200 (- ms)
[04/Nov/2018:18:39:16 -0200] 0:0:0:0:0:0:0:1 "GET /h2-console/tree_minus.gif HTTP/1.1" 200 (- ms)
[04/Nov/2018:18:39:16 -0200] 0:0:0:0:0:0:0:1 "GET /h2-console/tree_plus.gif HTTP/1.1" 200 (- ms)
[04/Nov/2018:18:39:16 -0200] 0:0:0:0:0:0:0:1 "GET /h2-console/tree_table.gif HTTP/1.1" 200 (- ms)
[04/Nov/2018:18:39:16 -0200] 0:0:0:0:0:0:0:1 "GET /h2-console/tree_empty.gif HTTP/1.1" 200 (- ms)
[04/Nov/2018:18:39:16 -0200] 0:0:0:0:0:0:0:1 "GET /h2-console/tree_column.gif HTTP/1.1" 200 (- ms)
[04/Nov/2018:18:39:16 -0200] 0:0:0:0:0:0:0:1 "GET /h2-console/tree_folder.gif HTTP/1.1" 200 (- ms)
[04/Nov/2018:18:39:16 -0200] 0:0:0:0:0:0:0:1 "GET /h2-console/tree_users.gif HTTP/1.1" 200 (- ms)
[04/Nov/2018:18:39:16 -0200] 0:0:0:0:0:0:0:1 "GET /h2-console/tree_sequences.gif HTTP/1.1" 200 (- ms)
[04/Nov/2018:18:39:16 -0200] 0:0:0:0:0:0:0:1 "GET /h2-console/tree_info.gif HTTP/1.1" 200 (- ms)
[04/Nov/2018:18:39:16 -0200] 0:0:0:0:0:0:0:1 "GET /h2-console/tree_type.gif HTTP/1.1" 200 (- ms)
[04/Nov/2018:18:39:16 -0200] 0:0:0:0:0:0:0:1 "GET /h2-console/tree_index_az.gif HTTP/1.1" 200 (- ms)
[04/Nov/2018:18:39:16 -0200] 0:0:0:0:0:0:0:1 "GET /h2-console/tree_index.gif HTTP/1.1" 200 (- ms)
[04/Nov/2018:18:39:16 -0200] 0:0:0:0:0:0:0:1 "GET /h2-console/tree_sequence.gif HTTP/1.1" 200 (- ms)
[04/Nov/2018:18:39:16 -0200] 0:0:0:0:0:0:0:1 "GET /h2-console/tree_user.gif HTTP/1.1" 200 (- ms)
[04/Nov/2018:18:39:20 -0200] 0:0:0:0:0:0:0:1 "POST /h2-console/query.do?jsessionid=c0d3a88b3c970c066a83de895e667ca0 HTTP/1.1" 200 (- ms)
[04/Nov/2018:18:39:20 -0200] 0:0:0:0:0:0:0:1 "GET /h2-console/table.js HTTP/1.1" 200 (- ms)
[04/Nov/2018:18:39:25 -0200] 0:0:0:0:0:0:0:1 "POST /h2-console/query.do?jsessionid=c0d3a88b3c970c066a83de895e667ca0 HTTP/1.1" 200 (- ms)
[04/Nov/2018:18:39:25 -0200] 0:0:0:0:0:0:0:1 "GET /h2-console/stylesheet.css HTTP/1.1" 304 (- ms)
[04/Nov/2018:18:39:36 -0200] 0:0:0:0:0:0:0:1 "GET /invoices/111 HTTP/1.1" 404 (- ms)
[04/Nov/2018:18:40:30 -0200] 127.0.0.1 "GET /invoices/111 HTTP/1.1" 404 (- ms)
[04/Nov/2018:18:46:27 -0200] 0:0:0:0:0:0:0:1 "GET /swagger-ui.html HTTP/1.1" 304 (- ms)
[04/Nov/2018:18:46:27 -0200] 0:0:0:0:0:0:0:1 "GET /webjars/springfox-swagger-ui/swagger-ui.css?v=2.9.2 HTTP/1.1" 304 (- ms)
[04/Nov/2018:18:46:27 -0200] 0:0:0:0:0:0:0:1 "GET /webjars/springfox-swagger-ui/springfox.css?v=2.9.2 HTTP/1.1" 304 (- ms)
[04/Nov/2018:18:46:27 -0200] 0:0:0:0:0:0:0:1 "GET /webjars/springfox-swagger-ui/swagger-ui-bundle.js?v=2.9.2 HTTP/1.1" 304 (- ms)
[04/Nov/2018:18:46:27 -0200] 0:0:0:0:0:0:0:1 "GET /webjars/springfox-swagger-ui/swagger-ui-standalone-preset.js?v=2.9.2 HTTP/1.1" 304 (- ms)
[04/Nov/2018:18:46:27 -0200] 0:0:0:0:0:0:0:1 "GET /webjars/springfox-swagger-ui/springfox.js?v=2.9.2 HTTP/1.1" 304 (- ms)
[04/Nov/2018:18:46:28 -0200] 0:0:0:0:0:0:0:1 "GET /swagger-resources/configuration/ui HTTP/1.1" 200 (- ms)
[04/Nov/2018:18:46:28 -0200] 0:0:0:0:0:0:0:1 "GET /swagger-resources/configuration/security HTTP/1.1" 200 (- ms)
[04/Nov/2018:18:46:28 -0200] 0:0:0:0:0:0:0:1 "GET /swagger-resources HTTP/1.1" 200 (- ms)
[04/Nov/2018:18:46:28 -0200] 0:0:0:0:0:0:0:1 "GET / HTTP/1.1" 302 (- ms)
[04/Nov/2018:18:46:28 -0200] 0:0:0:0:0:0:0:1 "GET /webjars/springfox-swagger-ui/fonts/titillium-web-v6-latin-700.woff2 HTTP/1.1" 304 (- ms)
[04/Nov/2018:18:46:28 -0200] 0:0:0:0:0:0:0:1 "GET /webjars/springfox-swagger-ui/fonts/open-sans-v15-latin-regular.woff2 HTTP/1.1" 304 (- ms)
[04/Nov/2018:18:46:28 -0200] 0:0:0:0:0:0:0:1 "GET /v2/api-docs HTTP/1.1" 200 (- ms)
[04/Nov/2018:18:46:28 -0200] 0:0:0:0:0:0:0:1 "GET /webjars/springfox-swagger-ui/fonts/open-sans-v15-latin-700.woff2 HTTP/1.1" 304 (- ms)
[04/Nov/2018:18:46:28 -0200] 0:0:0:0:0:0:0:1 "GET /webjars/springfox-swagger-ui/fonts/source-code-pro-v7-latin-300.woff2 HTTP/1.1" 304 (- ms)
[04/Nov/2018:18:46:29 -0200] 0:0:0:0:0:0:0:1 "GET /index HTTP/1.1" 200 (- ms)
[04/Nov/2018:18:46:29 -0200] 0:0:0:0:0:0:0:1 "GET /csrf HTTP/1.1" 404 (- ms)
[04/Nov/2018:18:46:34 -0200] 0:0:0:0:0:0:0:1 "GET /swagger-resources/configuration/ui HTTP/1.1" 200 (- ms)
[04/Nov/2018:18:46:34 -0200] 0:0:0:0:0:0:0:1 "GET /swagger-resources/configuration/security HTTP/1.1" 200 (- ms)
[04/Nov/2018:18:46:34 -0200] 0:0:0:0:0:0:0:1 "GET /swagger-resources HTTP/1.1" 200 (- ms)
[04/Nov/2018:18:46:34 -0200] 0:0:0:0:0:0:0:1 "GET / HTTP/1.1" 302 (- ms)
[04/Nov/2018:18:46:34 -0200] 0:0:0:0:0:0:0:1 "GET /v2/api-docs HTTP/1.1" 200 (- ms)
[04/Nov/2018:18:46:34 -0200] 0:0:0:0:0:0:0:1 "GET /index HTTP/1.1" 200 (- ms)
[04/Nov/2018:18:46:35 -0200] 0:0:0:0:0:0:0:1 "GET /csrf HTTP/1.1" 404 (- ms)
[04/Nov/2018:18:46:42 -0200] 0:0:0:0:0:0:0:1 "GET /v2/api-docs HTTP/1.1" 200 (- ms)
[04/Nov/2018:18:46:59 -0200] 0:0:0:0:0:0:0:1 "GET /webjars/springfox-swagger-ui/fonts/source-code-pro-v7-latin-600.woff2 HTTP/1.1" 304 (- ms)
[04/Nov/2018:19:00:00 -0200] 0:0:0:0:0:0:0:1 "GET /invoices/111 HTTP/1.1" 200 (- ms)
[04/Nov/2018:19:01:29 -0200] 0:0:0:0:0:0:0:1 "GET /invoices/111 HTTP/1.1" 200 (- ms)
[04/Nov/2018:19:20:39 -0200] 0:0:0:0:0:0:0:1 "GET /invoices/111 HTTP/1.1" 200 (- ms)
[04/Nov/2018:19:20:49 -0200] 0:0:0:0:0:0:0:1 "GET /invoices/111 HTTP/1.1" 200 (- ms)
[04/Nov/2018:19:22:42 -0200] 0:0:0:0:0:0:0:1 "GET /invoice/111 HTTP/1.1" 404 (- ms)
[04/Nov/2018:19:22:53 -0200] 0:0:0:0:0:0:0:1 "GET /invoices/111 HTTP/1.1" 200 (- ms)
[04/Nov/2018:19:23:56 -0200] 0:0:0:0:0:0:0:1 "POST /h2-console/login.do?jsessionid=c0d3a88b3c970c066a83de895e667ca0 HTTP/1.1" 200 (- ms)
[04/Nov/2018:19:23:56 -0200] 0:0:0:0:0:0:0:1 "GET /h2-console/stylesheet.css HTTP/1.1" 200 (- ms)
[04/Nov/2018:19:23:56 -0200] 0:0:0:0:0:0:0:1 "GET /h2-console/login.jsp?jsessionid=71c1059394e8f7bc06795ee01d57d384 HTTP/1.1" 200 (- ms)
[04/Nov/2018:19:23:56 -0200] 0:0:0:0:0:0:0:1 "GET /h2-console/background.gif HTTP/1.1" 200 (- ms)
[04/Nov/2018:19:23:56 -0200] 0:0:0:0:0:0:0:1 "GET /favicon.ico HTTP/1.1" 200 (- ms)
[04/Nov/2018:19:23:58 -0200] 0:0:0:0:0:0:0:1 "POST /h2-console/login.do?jsessionid=71c1059394e8f7bc06795ee01d57d384 HTTP/1.1" 200 (- ms)
[04/Nov/2018:19:23:58 -0200] 0:0:0:0:0:0:0:1 "GET /h2-console/query.jsp?jsessionid=71c1059394e8f7bc06795ee01d57d384 HTTP/1.1" 200 (- ms)
[04/Nov/2018:19:23:58 -0200] 0:0:0:0:0:0:0:1 "GET /h2-console/header.jsp?jsessionid=71c1059394e8f7bc06795ee01d57d384 HTTP/1.1" 200 (- ms)
[04/Nov/2018:19:23:58 -0200] 0:0:0:0:0:0:0:1 "GET /h2-console/help.jsp?jsessionid=71c1059394e8f7bc06795ee01d57d384 HTTP/1.1" 200 (- ms)
[04/Nov/2018:19:23:58 -0200] 0:0:0:0:0:0:0:1 "GET /h2-console/icon_disconnect.gif HTTP/1.1" 200 (- ms)
[04/Nov/2018:19:23:58 -0200] 0:0:0:0:0:0:0:1 "GET /h2-console/icon_line.gif HTTP/1.1" 200 (- ms)
[04/Nov/2018:19:23:58 -0200] 0:0:0:0:0:0:0:1 "GET /h2-console/icon_refresh.gif HTTP/1.1" 200 (- ms)
[04/Nov/2018:19:23:58 -0200] 0:0:0:0:0:0:0:1 "GET /h2-console/icon_rollback.gif HTTP/1.1" 200 (- ms)
[04/Nov/2018:19:23:58 -0200] 0:0:0:0:0:0:0:1 "GET /h2-console/icon_commit.gif HTTP/1.1" 200 (- ms)
[04/Nov/2018:19:23:58 -0200] 0:0:0:0:0:0:0:1 "GET /h2-console/icon_run.gif HTTP/1.1" 200 (- ms)
[04/Nov/2018:19:23:58 -0200] 0:0:0:0:0:0:0:1 "GET /h2-console/icon_stop.gif HTTP/1.1" 200 (- ms)
[04/Nov/2018:19:23:58 -0200] 0:0:0:0:0:0:0:1 "GET /h2-console/icon_history.gif HTTP/1.1" 200 (- ms)
[04/Nov/2018:19:23:58 -0200] 0:0:0:0:0:0:0:1 "GET /h2-console/icon_help.gif HTTP/1.1" 200 (- ms)
[04/Nov/2018:19:23:58 -0200] 0:0:0:0:0:0:0:1 "GET /h2-console/icon_run_selected.gif HTTP/1.1" 200 (- ms)
[04/Nov/2018:19:23:59 -0200] 0:0:0:0:0:0:0:1 "GET /h2-console/tables.do?jsessionid=71c1059394e8f7bc06795ee01d57d384 HTTP/1.1" 200 (- ms)
[04/Nov/2018:19:23:59 -0200] 0:0:0:0:0:0:0:1 "GET /h2-console/tree.js HTTP/1.1" 200 (- ms)
[04/Nov/2018:19:23:59 -0200] 0:0:0:0:0:0:0:1 "GET /h2-console/tree_minus.gif HTTP/1.1" 200 (- ms)
[04/Nov/2018:19:23:59 -0200] 0:0:0:0:0:0:0:1 "GET /h2-console/tree_database.gif HTTP/1.1" 200 (- ms)
[04/Nov/2018:19:23:59 -0200] 0:0:0:0:0:0:0:1 "GET /h2-console/tree_table.gif HTTP/1.1" 200 (- ms)
[04/Nov/2018:19:23:59 -0200] 0:0:0:0:0:0:0:1 "GET /h2-console/tree_empty.gif HTTP/1.1" 200 (- ms)
[04/Nov/2018:19:23:59 -0200] 0:0:0:0:0:0:0:1 "GET /h2-console/tree_plus.gif HTTP/1.1" 200 (- ms)
[04/Nov/2018:19:23:59 -0200] 0:0:0:0:0:0:0:1 "GET /h2-console/tree_column.gif HTTP/1.1" 200 (- ms)
[04/Nov/2018:19:23:59 -0200] 0:0:0:0:0:0:0:1 "GET /h2-console/tree_index_az.gif HTTP/1.1" 200 (- ms)
[04/Nov/2018:19:23:59 -0200] 0:0:0:0:0:0:0:1 "GET /h2-console/tree_type.gif HTTP/1.1" 200 (- ms)
[04/Nov/2018:19:23:59 -0200] 0:0:0:0:0:0:0:1 "GET /h2-console/tree_index.gif HTTP/1.1" 200 (- ms)
[04/Nov/2018:19:23:59 -0200] 0:0:0:0:0:0:0:1 "GET /h2-console/tree_folder.gif HTTP/1.1" 200 (- ms)
[04/Nov/2018:19:23:59 -0200] 0:0:0:0:0:0:0:1 "GET /h2-console/tree_info.gif HTTP/1.1" 200 (- ms)
[04/Nov/2018:19:23:59 -0200] 0:0:0:0:0:0:0:1 "GET /h2-console/tree_users.gif HTTP/1.1" 200 (- ms)
[04/Nov/2018:19:23:59 -0200] 0:0:0:0:0:0:0:1 "GET /h2-console/tree_sequences.gif HTTP/1.1" 200 (- ms)
[04/Nov/2018:19:23:59 -0200] 0:0:0:0:0:0:0:1 "GET /h2-console/tree_sequence.gif HTTP/1.1" 200 (- ms)
[04/Nov/2018:19:23:59 -0200] 0:0:0:0:0:0:0:1 "GET /h2-console/tree_user.gif HTTP/1.1" 200 (- ms)
[04/Nov/2018:19:24:02 -0200] 0:0:0:0:0:0:0:1 "POST /h2-console/query.do?jsessionid=71c1059394e8f7bc06795ee01d57d384 HTTP/1.1" 200 (- ms)
[04/Nov/2018:19:24:02 -0200] 0:0:0:0:0:0:0:1 "GET /h2-console/table.js HTTP/1.1" 200 (- ms)
[04/Nov/2018:19:24:11 -0200] 0:0:0:0:0:0:0:1 "POST /h2-console/query.do?jsessionid=71c1059394e8f7bc06795ee01d57d384 HTTP/1.1" 200 (- ms)
[04/Nov/2018:19:24:11 -0200] 0:0:0:0:0:0:0:1 "GET /h2-console/stylesheet.css HTTP/1.1" 304 (- ms)
[04/Nov/2018:19:25:39 -0200] 0:0:0:0:0:0:0:1 "POST /h2-console/query.do?jsessionid=71c1059394e8f7bc06795ee01d57d384 HTTP/1.1" 200 (- ms)
[04/Nov/2018:19:25:39 -0200] 0:0:0:0:0:0:0:1 "GET /h2-console/table.js HTTP/1.1" 304 (- ms)
[04/Nov/2018:19:25:39 -0200] 0:0:0:0:0:0:0:1 "GET /h2-console/stylesheet.css HTTP/1.1" 304 (- ms)
[04/Nov/2018:19:27:37 -0200] 0:0:0:0:0:0:0:1 "POST /h2-console/query.do?jsessionid=71c1059394e8f7bc06795ee01d57d384 HTTP/1.1" 200 (- ms)
[04/Nov/2018:19:27:37 -0200] 0:0:0:0:0:0:0:1 "GET /h2-console/stylesheet.css HTTP/1.1" 304 (- ms)
[04/Nov/2018:19:27:37 -0200] 0:0:0:0:0:0:0:1 "GET /h2-console/table.js HTTP/1.1" 304 (- ms)
[04/Nov/2018:19:27:44 -0200] 0:0:0:0:0:0:0:1 "POST /h2-console/query.do?jsessionid=71c1059394e8f7bc06795ee01d57d384 HTTP/1.1" 200 (- ms)
[04/Nov/2018:19:28:15 -0200] 0:0:0:0:0:0:0:1 "POST /h2-console/query.do?jsessionid=71c1059394e8f7bc06795ee01d57d384 HTTP/1.1" 200 (- ms)
[04/Nov/2018:19:28:15 -0200] 0:0:0:0:0:0:0:1 "GET /h2-console/stylesheet.css HTTP/1.1" 304 (- ms)
[04/Nov/2018:19:28:15 -0200] 0:0:0:0:0:0:0:1 "GET /h2-console/table.js HTTP/1.1" 304 (- ms)
[04/Nov/2018:19:30:29 -0200] 0:0:0:0:0:0:0:1 "POST /h2-console/query.do?jsessionid=71c1059394e8f7bc06795ee01d57d384 HTTP/1.1" 200 (- ms)
[04/Nov/2018:19:30:29 -0200] 0:0:0:0:0:0:0:1 "GET /h2-console/stylesheet.css HTTP/1.1" 304 (- ms)
[04/Nov/2018:19:30:29 -0200] 0:0:0:0:0:0:0:1 "GET /h2-console/table.js HTTP/1.1" 304 (- ms)
[04/Nov/2018:19:30:37 -0200] 0:0:0:0:0:0:0:1 "POST /h2-console/query.do?jsessionid=71c1059394e8f7bc06795ee01d57d384 HTTP/1.1" 200 (- ms)
[04/Nov/2018:19:31:34 -0200] 0:0:0:0:0:0:0:1 "POST /h2-console/query.do?jsessionid=71c1059394e8f7bc06795ee01d57d384 HTTP/1.1" 200 (- ms)
[04/Nov/2018:19:31:34 -0200] 0:0:0:0:0:0:0:1 "GET /h2-console/table.js HTTP/1.1" 304 (- ms)
[04/Nov/2018:19:31:34 -0200] 0:0:0:0:0:0:0:1 "GET /h2-console/stylesheet.css HTTP/1.1" 304 (- ms)
[04/Nov/2018:19:32:01 -0200] 0:0:0:0:0:0:0:1 "POST /h2-console/query.do?jsessionid=71c1059394e8f7bc06795ee01d57d384 HTTP/1.1" 200 (- ms)
[04/Nov/2018:19:32:01 -0200] 0:0:0:0:0:0:0:1 "GET /h2-console/table.js HTTP/1.1" 304 (- ms)
[04/Nov/2018:19:32:01 -0200] 0:0:0:0:0:0:0:1 "GET /h2-console/stylesheet.css HTTP/1.1" 304 (- ms)
[04/Nov/2018:19:32:37 -0200] 0:0:0:0:0:0:0:1 "POST /h2-console/query.do?jsessionid=71c1059394e8f7bc06795ee01d57d384 HTTP/1.1" 200 (- ms)
[04/Nov/2018:19:32:37 -0200] 0:0:0:0:0:0:0:1 "GET /h2-console/stylesheet.css HTTP/1.1" 304 (- ms)
[04/Nov/2018:19:32:37 -0200] 0:0:0:0:0:0:0:1 "GET /h2-console/table.js HTTP/1.1" 304 (- ms)
[04/Nov/2018:19:32:43 -0200] 0:0:0:0:0:0:0:1 "POST /h2-console/query.do?jsessionid=71c1059394e8f7bc06795ee01d57d384 HTTP/1.1" 200 (- ms)
[04/Nov/2018:19:32:59 -0200] 0:0:0:0:0:0:0:1 "POST /h2-console/query.do?jsessionid=71c1059394e8f7bc06795ee01d57d384 HTTP/1.1" 200 (- ms)
[04/Nov/2018:19:32:59 -0200] 0:0:0:0:0:0:0:1 "GET /h2-console/stylesheet.css HTTP/1.1" 304 (- ms)
[04/Nov/2018:19:32:59 -0200] 0:0:0:0:0:0:0:1 "GET /h2-console/table.js HTTP/1.1" 304 (- ms)
[04/Nov/2018:19:34:15 -0200] 0:0:0:0:0:0:0:1 "GET /invoices/111 HTTP/1.1" 200 (- ms)
[04/Nov/2018:19:40:11 -0200] 127.0.0.1 "GET /invoices/111 HTTP/1.1" 200 (- ms)
[04/Nov/2018:19:49:06 -0200] 127.0.0.1 "GET /invoices/111 HTTP/1.1" 200 (- ms)
[04/Nov/2018:19:59:13 -0200] 0:0:0:0:0:0:0:1 "GET /invoices/111 HTTP/1.1" 200 (- ms)
[04/Nov/2018:20:02:44 -0200] 0:0:0:0:0:0:0:1 "GET /invoices/111 HTTP/1.1" 200 (- ms)
[04/Nov/2018:20:02:55 -0200] 0:0:0:0:0:0:0:1 "GET /invoices/1111 HTTP/1.1" 200 (- ms)
[04/Nov/2018:20:02:58 -0200] 0:0:0:0:0:0:0:1 "GET /invoices/11111111 HTTP/1.1" 404 (- ms)
[04/Nov/2018:20:03:03 -0200] 0:0:0:0:0:0:0:1 "GET /invoices/111 HTTP/1.1" 200 (- ms)
[04/Nov/2018:20:10:14 -0200] 127.0.0.1 "GET /invoices/111 HTTP/1.1" 200 (- ms)
[04/Nov/2018:20:10:14 -0200] 127.0.0.1 "GET /invoices/111 HTTP/1.1" 200 (- ms)
[04/Nov/2018:20:41:07 -0200] 0:0:0:0:0:0:0:1 "GET /transactions/111 HTTP/1.1" 500 (- ms)
[04/Nov/2018:20:43:45 -0200] 0:0:0:0:0:0:0:1 "GET /transactions/111 HTTP/1.1" 404 (- ms)
[04/Nov/2018:20:43:50 -0200] 0:0:0:0:0:0:0:1 "GET /transactions/112 HTTP/1.1" 200 (- ms)
[04/Nov/2018:20:44:16 -0200] 0:0:0:0:0:0:0:1 "GET /transactions/112 HTTP/1.1" 200 (- ms)
[04/Nov/2018:20:48:39 -0200] 0:0:0:0:0:0:0:1 "GET /transactions/112 HTTP/1.1" 200 (- ms)
[04/Nov/2018:20:48:55 -0200] 0:0:0:0:0:0:0:1 "GET /invoices/112 HTTP/1.1" 404 (- ms)
[04/Nov/2018:20:49:01 -0200] 0:0:0:0:0:0:0:1 "GET /invoices/111 HTTP/1.1" 200 (- ms)
[04/Nov/2018:20:55:29 -0200] 0:0:0:0:0:0:0:1 "GET /invoices/111 HTTP/1.1" 200 (- ms)
[04/Nov/2018:21:06:19 -0200] 0:0:0:0:0:0:0:1 "GET /invoices/111 HTTP/1.1" 200 (- ms)
[04/Nov/2018:21:14:39 -0200] 0:0:0:0:0:0:0:1 "GET /invoices/111 HTTP/1.1" 200 (- ms)
[04/Nov/2018:21:18:52 -0200] 0:0:0:0:0:0:0:1 "GET /invoices/111 HTTP/1.1" 200 (- ms)
[04/Nov/2018:21:19:13 -0200] 0:0:0:0:0:0:0:1 "GET /invoices/111 HTTP/1.1" 200 (- ms)
[04/Nov/2018:21:20:01 -0200] 0:0:0:0:0:0:0:1 "GET /swagger-ui.html HTTP/1.1" 200 (- ms)
[04/Nov/2018:21:20:01 -0200] 0:0:0:0:0:0:0:1 "GET /webjars/springfox-swagger-ui/springfox.css?v=2.9.2 HTTP/1.1" 200 (- ms)
[04/Nov/2018:21:20:01 -0200] 0:0:0:0:0:0:0:1 "GET /webjars/springfox-swagger-ui/springfox.js?v=2.9.2 HTTP/1.1" 200 (- ms)
[04/Nov/2018:21:20:01 -0200] 0:0:0:0:0:0:0:1 "GET /webjars/springfox-swagger-ui/swagger-ui-standalone-preset.js?v=2.9.2 HTTP/1.1" 200 (- ms)
[04/Nov/2018:21:20:01 -0200] 0:0:0:0:0:0:0:1 "GET /webjars/springfox-swagger-ui/swagger-ui.css?v=2.9.2 HTTP/1.1" 200 (- ms)
[04/Nov/2018:21:20:02 -0200] 0:0:0:0:0:0:0:1 "GET /webjars/springfox-swagger-ui/swagger-ui-bundle.js?v=2.9.2 HTTP/1.1" 200 (- ms)
[04/Nov/2018:21:20:02 -0200] 0:0:0:0:0:0:0:1 "GET /webjars/springfox-swagger-ui/favicon-32x32.png?v=2.9.2 HTTP/1.1" 200 (- ms)
[04/Nov/2018:21:20:02 -0200] 0:0:0:0:0:0:0:1 "GET /swagger-resources/configuration/ui HTTP/1.1" 200 (- ms)
[04/Nov/2018:21:20:02 -0200] 0:0:0:0:0:0:0:1 "GET /webjars/springfox-swagger-ui/favicon-16x16.png?v=2.9.2 HTTP/1.1" 200 (- ms)
[04/Nov/2018:21:20:02 -0200] 0:0:0:0:0:0:0:1 "GET /swagger-resources/configuration/security HTTP/1.1" 200 (- ms)
[04/Nov/2018:21:20:02 -0200] 0:0:0:0:0:0:0:1 "GET /swagger-resources HTTP/1.1" 200 (- ms)
[04/Nov/2018:21:20:02 -0200] 0:0:0:0:0:0:0:1 "GET /webjars/springfox-swagger-ui/fonts/titillium-web-v6-latin-700.woff2 HTTP/1.1" 200 (- ms)
[04/Nov/2018:21:20:02 -0200] 0:0:0:0:0:0:0:1 "GET /webjars/springfox-swagger-ui/fonts/open-sans-v15-latin-regular.woff2 HTTP/1.1" 200 (- ms)
[04/Nov/2018:21:20:02 -0200] 0:0:0:0:0:0:0:1 "GET / HTTP/1.1" 302 (- ms)
[04/Nov/2018:21:20:03 -0200] 0:0:0:0:0:0:0:1 "GET /v2/api-docs HTTP/1.1" 200 (- ms)
[04/Nov/2018:21:20:03 -0200] 0:0:0:0:0:0:0:1 "GET /index HTTP/1.1" 200 (- ms)
[04/Nov/2018:21:20:03 -0200] 0:0:0:0:0:0:0:1 "GET /webjars/springfox-swagger-ui/fonts/open-sans-v15-latin-700.woff2 HTTP/1.1" 200 (- ms)
[04/Nov/2018:21:20:03 -0200] 0:0:0:0:0:0:0:1 "GET /webjars/springfox-swagger-ui/fonts/source-code-pro-v7-latin-600.woff2 HTTP/1.1" 200 (- ms)
[04/Nov/2018:21:20:03 -0200] 0:0:0:0:0:0:0:1 "GET /webjars/springfox-swagger-ui/fonts/source-code-pro-v7-latin-300.woff2 HTTP/1.1" 200 (- ms)
[04/Nov/2018:21:20:03 -0200] 0:0:0:0:0:0:0:1 "GET /csrf HTTP/1.1" 404 (- ms)
[04/Nov/2018:21:20:08 -0200] 0:0:0:0:0:0:0:1 "GET /webjars/springfox-swagger-ui/fonts/titillium-web-v6-latin-regular.woff2 HTTP/1.1" 200 (- ms)
[04/Nov/2018:21:21:04 -0200] 0:0:0:0:0:0:0:1 "GET /invoices/111 HTTP/1.1" 200 (- ms)
[04/Nov/2018:21:25:58 -0200] 0:0:0:0:0:0:0:1 "GET /invoices/111 HTTP/1.1" 200 (- ms)
[04/Nov/2018:21:40:13 -0200] 0:0:0:0:0:0:0:1 "GET /invoices/111 HTTP/1.1" 200 (- ms)
[04/Nov/2018:21:52:50 -0200] 0:0:0:0:0:0:0:1 "GET /invoices/111 HTTP/1.1" 200 (- ms)
[04/Nov/2018:21:53:07 -0200] 0:0:0:0:0:0:0:1 "GET /invoices/111 HTTP/1.1" 200 (- ms)
[04/Nov/2018:21:53:59 -0200] 0:0:0:0:0:0:0:1 "GET /invoices HTTP/1.1" 200 (- ms)
[04/Nov/2018:22:27:57 -0200] 0:0:0:0:0:0:0:1 "GET /invoices/111 HTTP/1.1" 200 (- ms)
[04/Nov/2018:22:28:19 -0200] 0:0:0:0:0:0:0:1 "GET /invoices/111 HTTP/1.1" 200 (- ms)
[04/Nov/2018:22:35:03 -0200] 0:0:0:0:0:0:0:1 "GET /invoices/111 HTTP/1.1" 200 (- ms)
[04/Nov/2018:22:45:54 -0200] 0:0:0:0:0:0:0:1 "GET /invoices/111 HTTP/1.1" 200 (- ms)
[04/Nov/2018:23:26:59 -0200] 0:0:0:0:0:0:0:1 "GET /invoices/111 HTTP/1.1" 200 (- ms)
[04/Nov/2018:23:34:43 -0200] 0:0:0:0:0:0:0:1 "GET /transactions HTTP/1.1" 200 (- ms)
[04/Nov/2018:23:39:38 -0200] 0:0:0:0:0:0:0:1 "GET /invoice/111 HTTP/1.1" 404 (- ms)
[04/Nov/2018:23:39:59 -0200] 0:0:0:0:0:0:0:1 "GET /invoices/111 HTTP/1.1" 500 (- ms)
[04/Nov/2018:23:40:02 -0200] 0:0:0:0:0:0:0:1 "GET /invoices/111 HTTP/1.1" 500 (- ms)
[04/Nov/2018:23:42:43 -0200] 0:0:0:0:0:0:0:1 "GET /invoices/111 HTTP/1.1" 500 (- ms)
[04/Nov/2018:23:52:38 -0200] 0:0:0:0:0:0:0:1 "GET /invoices/111 HTTP/1.1" 500 (- ms)
[04/Nov/2018:23:56:09 -0200] 0:0:0:0:0:0:0:1 "GET /invoices/111 HTTP/1.1" 200 (- ms)
[04/Nov/2018:23:58:24 -0200] 0:0:0:0:0:0:0:1 "GET /invoices/111 HTTP/1.1" 200 (- ms)
