[01/Nov/2018:12:16:00 -0300] 0:0:0:0:0:0:0:1 "GET / HTTP/1.1" 200 (- ms)
[01/Nov/2018:12:16:00 -0300] 0:0:0:0:0:0:0:1 "GET /favicon.ico HTTP/1.1" 200 (- ms)
[01/Nov/2018:12:16:15 -0300] 0:0:0:0:0:0:0:1 "GET /profile HTTP/1.1" 200 (- ms)
[01/Nov/2018:12:16:17 -0300] 0:0:0:0:0:0:0:1 "GET /profile HTTP/1.1" 200 (- ms)
[01/Nov/2018:12:16:37 -0300] 0:0:0:0:0:0:0:1 "GET /console HTTP/1.1" 404 (- ms)
[01/Nov/2018:12:22:49 -0300] 0:0:0:0:0:0:0:1 "GET /h2-console]%28http://localhost:8080/h2-console%29 HTTP/1.1" 404 (- ms)
[01/Nov/2018:12:22:56 -0300] 0:0:0:0:0:0:0:1 "GET /h2-console]%28http://localhost:8080/h2-console HTTP/1.1" 404 (- ms)
[01/Nov/2018:12:23:08 -0300] 0:0:0:0:0:0:0:1 "GET /h2-console HTTP/1.1" 302 (- ms)
[01/Nov/2018:12:23:08 -0300] 0:0:0:0:0:0:0:1 "GET /h2-console/ HTTP/1.1" 200 (- ms)
[01/Nov/2018:12:23:08 -0300] 0:0:0:0:0:0:0:1 "GET /h2-console/stylesheet.css HTTP/1.1" 200 (- ms)
[01/Nov/2018:12:23:08 -0300] 0:0:0:0:0:0:0:1 "GET /h2-console/login.jsp?jsessionid=aaffa7c2870f1d0fb0b4fa5bdd3ee091 HTTP/1.1" 200 (- ms)
[01/Nov/2018:12:23:08 -0300] 0:0:0:0:0:0:0:1 "GET /h2-console/background.gif HTTP/1.1" 200 (- ms)
[01/Nov/2018:12:24:05 -0300] 0:0:0:0:0:0:0:1 "POST /h2-console/login.do?jsessionid=aaffa7c2870f1d0fb0b4fa5bdd3ee091 HTTP/1.1" 200 (- ms)
[01/Nov/2018:12:24:05 -0300] 0:0:0:0:0:0:0:1 "GET /h2-console/stylesheet.css HTTP/1.1" 304 (- ms)
[01/Nov/2018:12:24:06 -0300] 0:0:0:0:0:0:0:1 "GET /h2-console/header.jsp?jsessionid=aaffa7c2870f1d0fb0b4fa5bdd3ee091 HTTP/1.1" 200 (- ms)
[01/Nov/2018:12:24:06 -0300] 0:0:0:0:0:0:0:1 "GET /h2-console/query.jsp?jsessionid=aaffa7c2870f1d0fb0b4fa5bdd3ee091 HTTP/1.1" 200 (- ms)
[01/Nov/2018:12:24:06 -0300] 0:0:0:0:0:0:0:1 "GET /h2-console/help.jsp?jsessionid=aaffa7c2870f1d0fb0b4fa5bdd3ee091 HTTP/1.1" 200 (- ms)
[01/Nov/2018:12:24:06 -0300] 0:0:0:0:0:0:0:1 "GET /h2-console/icon_line.gif HTTP/1.1" 200 (- ms)
[01/Nov/2018:12:24:06 -0300] 0:0:0:0:0:0:0:1 "GET /h2-console/icon_disconnect.gif HTTP/1.1" 200 (- ms)
[01/Nov/2018:12:24:06 -0300] 0:0:0:0:0:0:0:1 "GET /h2-console/icon_refresh.gif HTTP/1.1" 200 (- ms)
[01/Nov/2018:12:24:06 -0300] 0:0:0:0:0:0:0:1 "GET /h2-console/icon_commit.gif HTTP/1.1" 200 (- ms)
[01/Nov/2018:12:24:06 -0300] 0:0:0:0:0:0:0:1 "GET /h2-console/icon_rollback.gif HTTP/1.1" 200 (- ms)
[01/Nov/2018:12:24:06 -0300] 0:0:0:0:0:0:0:1 "GET /h2-console/icon_run.gif HTTP/1.1" 200 (- ms)
[01/Nov/2018:12:24:06 -0300] 0:0:0:0:0:0:0:1 "GET /h2-console/icon_run_selected.gif HTTP/1.1" 200 (- ms)
[01/Nov/2018:12:24:06 -0300] 0:0:0:0:0:0:0:1 "GET /h2-console/icon_stop.gif HTTP/1.1" 200 (- ms)
[01/Nov/2018:12:24:06 -0300] 0:0:0:0:0:0:0:1 "GET /h2-console/icon_history.gif HTTP/1.1" 200 (- ms)
[01/Nov/2018:12:24:06 -0300] 0:0:0:0:0:0:0:1 "GET /h2-console/icon_help.gif HTTP/1.1" 200 (- ms)
[01/Nov/2018:12:24:06 -0300] 0:0:0:0:0:0:0:1 "GET /h2-console/tables.do?jsessionid=aaffa7c2870f1d0fb0b4fa5bdd3ee091 HTTP/1.1" 200 (- ms)
[01/Nov/2018:12:24:06 -0300] 0:0:0:0:0:0:0:1 "GET /h2-console/tree.js HTTP/1.1" 200 (- ms)
[01/Nov/2018:12:24:06 -0300] 0:0:0:0:0:0:0:1 "GET /h2-console/tree_database.gif HTTP/1.1" 200 (- ms)
[01/Nov/2018:12:24:06 -0300] 0:0:0:0:0:0:0:1 "GET /h2-console/tree_plus.gif HTTP/1.1" 200 (- ms)
[01/Nov/2018:12:24:06 -0300] 0:0:0:0:0:0:0:1 "GET /h2-console/tree_minus.gif HTTP/1.1" 200 (- ms)
[01/Nov/2018:12:24:06 -0300] 0:0:0:0:0:0:0:1 "GET /h2-console/tree_table.gif HTTP/1.1" 200 (- ms)
[01/Nov/2018:12:24:06 -0300] 0:0:0:0:0:0:0:1 "GET /h2-console/tree_empty.gif HTTP/1.1" 200 (- ms)
[01/Nov/2018:12:24:06 -0300] 0:0:0:0:0:0:0:1 "GET /h2-console/tree_column.gif HTTP/1.1" 200 (- ms)
[01/Nov/2018:12:24:06 -0300] 0:0:0:0:0:0:0:1 "GET /h2-console/tree_index_az.gif HTTP/1.1" 200 (- ms)
[01/Nov/2018:12:24:06 -0300] 0:0:0:0:0:0:0:1 "GET /h2-console/tree_index.gif HTTP/1.1" 200 (- ms)
[01/Nov/2018:12:24:06 -0300] 0:0:0:0:0:0:0:1 "GET /h2-console/tree_type.gif HTTP/1.1" 200 (- ms)
[01/Nov/2018:12:24:06 -0300] 0:0:0:0:0:0:0:1 "GET /h2-console/tree_folder.gif HTTP/1.1" 200 (- ms)
[01/Nov/2018:12:24:06 -0300] 0:0:0:0:0:0:0:1 "GET /h2-console/tree_sequences.gif HTTP/1.1" 200 (- ms)
[01/Nov/2018:12:24:06 -0300] 0:0:0:0:0:0:0:1 "GET /h2-console/tree_users.gif HTTP/1.1" 200 (- ms)
[01/Nov/2018:12:24:06 -0300] 0:0:0:0:0:0:0:1 "GET /h2-console/tree_info.gif HTTP/1.1" 200 (- ms)
[01/Nov/2018:12:24:06 -0300] 0:0:0:0:0:0:0:1 "GET /h2-console/tree_sequence.gif HTTP/1.1" 200 (- ms)
[01/Nov/2018:12:24:06 -0300] 0:0:0:0:0:0:0:1 "GET /h2-console/tree_user.gif HTTP/1.1" 200 (- ms)
[01/Nov/2018:12:33:43 -0300] 0:0:0:0:0:0:0:1 "POST /h2-console/login.do?jsessionid=aaffa7c2870f1d0fb0b4fa5bdd3ee091 HTTP/1.1" 200 (- ms)
[01/Nov/2018:12:33:43 -0300] 0:0:0:0:0:0:0:1 "GET /h2-console/stylesheet.css HTTP/1.1" 200 (- ms)
[01/Nov/2018:12:33:43 -0300] 0:0:0:0:0:0:0:1 "GET /h2-console/login.jsp?jsessionid=58e4be6444042813474213de82f928ac HTTP/1.1" 200 (- ms)
[01/Nov/2018:12:33:43 -0300] 0:0:0:0:0:0:0:1 "GET /h2-console/background.gif HTTP/1.1" 200 (- ms)
[01/Nov/2018:12:33:43 -0300] 0:0:0:0:0:0:0:1 "GET /favicon.ico HTTP/1.1" 200 (- ms)
[01/Nov/2018:12:33:46 -0300] 0:0:0:0:0:0:0:1 "POST /h2-console/login.do?jsessionid=58e4be6444042813474213de82f928ac HTTP/1.1" 200 (- ms)
[01/Nov/2018:12:33:46 -0300] 0:0:0:0:0:0:0:1 "GET /h2-console/header.jsp?jsessionid=58e4be6444042813474213de82f928ac HTTP/1.1" 200 (- ms)
[01/Nov/2018:12:33:46 -0300] 0:0:0:0:0:0:0:1 "GET /h2-console/query.jsp?jsessionid=58e4be6444042813474213de82f928ac HTTP/1.1" 200 (- ms)
[01/Nov/2018:12:33:46 -0300] 0:0:0:0:0:0:0:1 "GET /h2-console/help.jsp?jsessionid=58e4be6444042813474213de82f928ac HTTP/1.1" 200 (- ms)
[01/Nov/2018:12:33:46 -0300] 0:0:0:0:0:0:0:1 "GET /h2-console/icon_disconnect.gif HTTP/1.1" 200 (- ms)
[01/Nov/2018:12:33:46 -0300] 0:0:0:0:0:0:0:1 "GET /h2-console/icon_line.gif HTTP/1.1" 200 (- ms)
[01/Nov/2018:12:33:46 -0300] 0:0:0:0:0:0:0:1 "GET /h2-console/icon_refresh.gif HTTP/1.1" 200 (- ms)
[01/Nov/2018:12:33:46 -0300] 0:0:0:0:0:0:0:1 "GET /h2-console/icon_rollback.gif HTTP/1.1" 200 (- ms)
[01/Nov/2018:12:33:46 -0300] 0:0:0:0:0:0:0:1 "GET /h2-console/icon_commit.gif HTTP/1.1" 200 (- ms)
[01/Nov/2018:12:33:46 -0300] 0:0:0:0:0:0:0:1 "GET /h2-console/icon_run.gif HTTP/1.1" 200 (- ms)
[01/Nov/2018:12:33:46 -0300] 0:0:0:0:0:0:0:1 "GET /h2-console/icon_help.gif HTTP/1.1" 200 (- ms)
[01/Nov/2018:12:33:46 -0300] 0:0:0:0:0:0:0:1 "GET /h2-console/icon_run_selected.gif HTTP/1.1" 200 (- ms)
[01/Nov/2018:12:33:46 -0300] 0:0:0:0:0:0:0:1 "GET /h2-console/icon_history.gif HTTP/1.1" 200 (- ms)
[01/Nov/2018:12:33:46 -0300] 0:0:0:0:0:0:0:1 "GET /h2-console/icon_stop.gif HTTP/1.1" 200 (- ms)
[01/Nov/2018:12:33:47 -0300] 0:0:0:0:0:0:0:1 "GET /h2-console/tables.do?jsessionid=58e4be6444042813474213de82f928ac HTTP/1.1" 200 (- ms)
[01/Nov/2018:12:33:47 -0300] 0:0:0:0:0:0:0:1 "GET /h2-console/tree.js HTTP/1.1" 200 (- ms)
[01/Nov/2018:12:33:47 -0300] 0:0:0:0:0:0:0:1 "GET /h2-console/tree_database.gif HTTP/1.1" 200 (- ms)
[01/Nov/2018:12:33:47 -0300] 0:0:0:0:0:0:0:1 "GET /h2-console/tree_empty.gif HTTP/1.1" 200 (- ms)
[01/Nov/2018:12:33:47 -0300] 0:0:0:0:0:0:0:1 "GET /h2-console/tree_plus.gif HTTP/1.1" 200 (- ms)
[01/Nov/2018:12:33:47 -0300] 0:0:0:0:0:0:0:1 "GET /h2-console/tree_table.gif HTTP/1.1" 200 (- ms)
[01/Nov/2018:12:33:47 -0300] 0:0:0:0:0:0:0:1 "GET /h2-console/tree_minus.gif HTTP/1.1" 200 (- ms)
[01/Nov/2018:12:33:47 -0300] 0:0:0:0:0:0:0:1 "GET /h2-console/tree_column.gif HTTP/1.1" 200 (- ms)
[01/Nov/2018:12:33:47 -0300] 0:0:0:0:0:0:0:1 "GET /h2-console/tree_users.gif HTTP/1.1" 200 (- ms)
[01/Nov/2018:12:33:47 -0300] 0:0:0:0:0:0:0:1 "GET /h2-console/tree_folder.gif HTTP/1.1" 200 (- ms)
[01/Nov/2018:12:33:47 -0300] 0:0:0:0:0:0:0:1 "GET /h2-console/tree_info.gif HTTP/1.1" 200 (- ms)
[01/Nov/2018:12:33:47 -0300] 0:0:0:0:0:0:0:1 "GET /h2-console/tree_index_az.gif HTTP/1.1" 200 (- ms)
[01/Nov/2018:12:33:47 -0300] 0:0:0:0:0:0:0:1 "GET /h2-console/tree_sequences.gif HTTP/1.1" 200 (- ms)
[01/Nov/2018:12:33:47 -0300] 0:0:0:0:0:0:0:1 "GET /h2-console/tree_type.gif HTTP/1.1" 200 (- ms)
[01/Nov/2018:12:33:47 -0300] 0:0:0:0:0:0:0:1 "GET /h2-console/tree_index.gif HTTP/1.1" 200 (- ms)
[01/Nov/2018:12:33:47 -0300] 0:0:0:0:0:0:0:1 "GET /h2-console/tree_sequence.gif HTTP/1.1" 200 (- ms)
[01/Nov/2018:12:33:47 -0300] 0:0:0:0:0:0:0:1 "GET /h2-console/tree_user.gif HTTP/1.1" 200 (- ms)
[01/Nov/2018:12:37:43 -0300] 0:0:0:0:0:0:0:1 "POST /h2-console/login.do?jsessionid=58e4be6444042813474213de82f928ac HTTP/1.1" 200 (- ms)
[01/Nov/2018:12:37:43 -0300] 0:0:0:0:0:0:0:1 "GET /h2-console/stylesheet.css HTTP/1.1" 200 (- ms)
[01/Nov/2018:12:37:43 -0300] 0:0:0:0:0:0:0:1 "GET /h2-console/login.jsp?jsessionid=54206489a8c5beacf14d7d781872f623 HTTP/1.1" 200 (- ms)
[01/Nov/2018:12:37:43 -0300] 0:0:0:0:0:0:0:1 "GET /h2-console/background.gif HTTP/1.1" 200 (- ms)
[01/Nov/2018:12:37:43 -0300] 0:0:0:0:0:0:0:1 "GET /favicon.ico HTTP/1.1" 200 (- ms)
[01/Nov/2018:12:37:45 -0300] 0:0:0:0:0:0:0:1 "POST /h2-console/login.do?jsessionid=54206489a8c5beacf14d7d781872f623 HTTP/1.1" 200 (- ms)
[01/Nov/2018:12:37:45 -0300] 0:0:0:0:0:0:0:1 "GET /h2-console/header.jsp?jsessionid=54206489a8c5beacf14d7d781872f623 HTTP/1.1" 200 (- ms)
[01/Nov/2018:12:37:45 -0300] 0:0:0:0:0:0:0:1 "GET /h2-console/query.jsp?jsessionid=54206489a8c5beacf14d7d781872f623 HTTP/1.1" 200 (- ms)
[01/Nov/2018:12:37:45 -0300] 0:0:0:0:0:0:0:1 "GET /h2-console/help.jsp?jsessionid=54206489a8c5beacf14d7d781872f623 HTTP/1.1" 200 (- ms)
[01/Nov/2018:12:37:45 -0300] 0:0:0:0:0:0:0:1 "GET /h2-console/icon_line.gif HTTP/1.1" 200 (- ms)
[01/Nov/2018:12:37:45 -0300] 0:0:0:0:0:0:0:1 "GET /h2-console/icon_disconnect.gif HTTP/1.1" 200 (- ms)
[01/Nov/2018:12:37:45 -0300] 0:0:0:0:0:0:0:1 "GET /h2-console/icon_commit.gif HTTP/1.1" 200 (- ms)
[01/Nov/2018:12:37:45 -0300] 0:0:0:0:0:0:0:1 "GET /h2-console/icon_rollback.gif HTTP/1.1" 200 (- ms)
[01/Nov/2018:12:37:45 -0300] 0:0:0:0:0:0:0:1 "GET /h2-console/icon_refresh.gif HTTP/1.1" 200 (- ms)
[01/Nov/2018:12:37:45 -0300] 0:0:0:0:0:0:0:1 "GET /h2-console/icon_help.gif HTTP/1.1" 200 (- ms)
[01/Nov/2018:12:37:45 -0300] 0:0:0:0:0:0:0:1 "GET /h2-console/icon_run.gif HTTP/1.1" 200 (- ms)
[01/Nov/2018:12:37:45 -0300] 0:0:0:0:0:0:0:1 "GET /h2-console/icon_stop.gif HTTP/1.1" 200 (- ms)
[01/Nov/2018:12:37:45 -0300] 0:0:0:0:0:0:0:1 "GET /h2-console/icon_history.gif HTTP/1.1" 200 (- ms)
[01/Nov/2018:12:37:45 -0300] 0:0:0:0:0:0:0:1 "GET /h2-console/icon_run_selected.gif HTTP/1.1" 200 (- ms)
[01/Nov/2018:12:37:46 -0300] 0:0:0:0:0:0:0:1 "GET /h2-console/tables.do?jsessionid=54206489a8c5beacf14d7d781872f623 HTTP/1.1" 200 (- ms)
[01/Nov/2018:12:37:46 -0300] 0:0:0:0:0:0:0:1 "GET /h2-console/tree.js HTTP/1.1" 200 (- ms)
[01/Nov/2018:12:37:46 -0300] 0:0:0:0:0:0:0:1 "GET /h2-console/tree_database.gif HTTP/1.1" 200 (- ms)
[01/Nov/2018:12:37:46 -0300] 0:0:0:0:0:0:0:1 "GET /h2-console/tree_plus.gif HTTP/1.1" 200 (- ms)
[01/Nov/2018:12:37:46 -0300] 0:0:0:0:0:0:0:1 "GET /h2-console/tree_table.gif HTTP/1.1" 200 (- ms)
[01/Nov/2018:12:37:46 -0300] 0:0:0:0:0:0:0:1 "GET /h2-console/tree_minus.gif HTTP/1.1" 200 (- ms)
[01/Nov/2018:12:37:46 -0300] 0:0:0:0:0:0:0:1 "GET /h2-console/tree_empty.gif HTTP/1.1" 200 (- ms)
[01/Nov/2018:12:37:46 -0300] 0:0:0:0:0:0:0:1 "GET /h2-console/tree_column.gif HTTP/1.1" 200 (- ms)
[01/Nov/2018:12:37:46 -0300] 0:0:0:0:0:0:0:1 "GET /h2-console/tree_type.gif HTTP/1.1" 200 (- ms)
[01/Nov/2018:12:37:46 -0300] 0:0:0:0:0:0:0:1 "GET /h2-console/tree_users.gif HTTP/1.1" 200 (- ms)
[01/Nov/2018:12:37:46 -0300] 0:0:0:0:0:0:0:1 "GET /h2-console/tree_folder.gif HTTP/1.1" 200 (- ms)
[01/Nov/2018:12:37:46 -0300] 0:0:0:0:0:0:0:1 "GET /h2-console/tree_sequences.gif HTTP/1.1" 200 (- ms)
[01/Nov/2018:12:37:46 -0300] 0:0:0:0:0:0:0:1 "GET /h2-console/tree_index_az.gif HTTP/1.1" 200 (- ms)
[01/Nov/2018:12:37:46 -0300] 0:0:0:0:0:0:0:1 "GET /h2-console/tree_info.gif HTTP/1.1" 200 (- ms)
[01/Nov/2018:12:37:46 -0300] 0:0:0:0:0:0:0:1 "GET /h2-console/tree_index.gif HTTP/1.1" 200 (- ms)
[01/Nov/2018:12:37:46 -0300] 0:0:0:0:0:0:0:1 "GET /h2-console/tree_sequence.gif HTTP/1.1" 200 (- ms)
[01/Nov/2018:12:37:46 -0300] 0:0:0:0:0:0:0:1 "GET /h2-console/tree_user.gif HTTP/1.1" 200 (- ms)
[01/Nov/2018:12:45:40 -0300] 0:0:0:0:0:0:0:1 "POST /h2-console/login.do?jsessionid=54206489a8c5beacf14d7d781872f623 HTTP/1.1" 200 (- ms)
[01/Nov/2018:12:45:40 -0300] 0:0:0:0:0:0:0:1 "GET /h2-console/stylesheet.css HTTP/1.1" 200 (- ms)
[01/Nov/2018:12:45:40 -0300] 0:0:0:0:0:0:0:1 "GET /h2-console/login.jsp?jsessionid=d054b481a9ae959d7e423131ff4c2126 HTTP/1.1" 200 (- ms)
[01/Nov/2018:12:45:40 -0300] 0:0:0:0:0:0:0:1 "GET /h2-console/background.gif HTTP/1.1" 200 (- ms)
[01/Nov/2018:12:45:40 -0300] 0:0:0:0:0:0:0:1 "GET /favicon.ico HTTP/1.1" 200 (- ms)
[01/Nov/2018:12:45:41 -0300] 0:0:0:0:0:0:0:1 "POST /h2-console/login.do?jsessionid=d054b481a9ae959d7e423131ff4c2126 HTTP/1.1" 200 (- ms)
[01/Nov/2018:12:45:41 -0300] 0:0:0:0:0:0:0:1 "GET /h2-console/header.jsp?jsessionid=d054b481a9ae959d7e423131ff4c2126 HTTP/1.1" 200 (- ms)
[01/Nov/2018:12:45:41 -0300] 0:0:0:0:0:0:0:1 "GET /h2-console/query.jsp?jsessionid=d054b481a9ae959d7e423131ff4c2126 HTTP/1.1" 200 (- ms)
[01/Nov/2018:12:45:41 -0300] 0:0:0:0:0:0:0:1 "GET /h2-console/help.jsp?jsessionid=d054b481a9ae959d7e423131ff4c2126 HTTP/1.1" 200 (- ms)
[01/Nov/2018:12:45:41 -0300] 0:0:0:0:0:0:0:1 "GET /h2-console/icon_disconnect.gif HTTP/1.1" 200 (- ms)
[01/Nov/2018:12:45:41 -0300] 0:0:0:0:0:0:0:1 "GET /h2-console/icon_line.gif HTTP/1.1" 200 (- ms)
[01/Nov/2018:12:45:41 -0300] 0:0:0:0:0:0:0:1 "GET /h2-console/icon_refresh.gif HTTP/1.1" 200 (- ms)
[01/Nov/2018:12:45:41 -0300] 0:0:0:0:0:0:0:1 "GET /h2-console/icon_rollback.gif HTTP/1.1" 200 (- ms)
[01/Nov/2018:12:45:41 -0300] 0:0:0:0:0:0:0:1 "GET /h2-console/icon_commit.gif HTTP/1.1" 200 (- ms)
[01/Nov/2018:12:45:41 -0300] 0:0:0:0:0:0:0:1 "GET /h2-console/icon_run.gif HTTP/1.1" 200 (- ms)
[01/Nov/2018:12:45:42 -0300] 0:0:0:0:0:0:0:1 "GET /h2-console/icon_stop.gif HTTP/1.1" 200 (- ms)
[01/Nov/2018:12:45:42 -0300] 0:0:0:0:0:0:0:1 "GET /h2-console/icon_run_selected.gif HTTP/1.1" 200 (- ms)
[01/Nov/2018:12:45:42 -0300] 0:0:0:0:0:0:0:1 "GET /h2-console/icon_history.gif HTTP/1.1" 200 (- ms)
[01/Nov/2018:12:45:42 -0300] 0:0:0:0:0:0:0:1 "GET /h2-console/icon_help.gif HTTP/1.1" 200 (- ms)
[01/Nov/2018:12:45:42 -0300] 0:0:0:0:0:0:0:1 "GET /h2-console/tables.do?jsessionid=d054b481a9ae959d7e423131ff4c2126 HTTP/1.1" 200 (- ms)
[01/Nov/2018:12:45:42 -0300] 0:0:0:0:0:0:0:1 "GET /h2-console/tree.js HTTP/1.1" 200 (- ms)
[01/Nov/2018:12:45:42 -0300] 0:0:0:0:0:0:0:1 "GET /h2-console/tree_minus.gif HTTP/1.1" 200 (- ms)
[01/Nov/2018:12:45:42 -0300] 0:0:0:0:0:0:0:1 "GET /h2-console/tree_database.gif HTTP/1.1" 200 (- ms)
[01/Nov/2018:12:45:42 -0300] 0:0:0:0:0:0:0:1 "GET /h2-console/tree_table.gif HTTP/1.1" 200 (- ms)
[01/Nov/2018:12:45:42 -0300] 0:0:0:0:0:0:0:1 "GET /h2-console/tree_plus.gif HTTP/1.1" 200 (- ms)
[01/Nov/2018:12:45:42 -0300] 0:0:0:0:0:0:0:1 "GET /h2-console/tree_empty.gif HTTP/1.1" 200 (- ms)
[01/Nov/2018:12:45:42 -0300] 0:0:0:0:0:0:0:1 "GET /h2-console/tree_column.gif HTTP/1.1" 200 (- ms)
[01/Nov/2018:12:45:42 -0300] 0:0:0:0:0:0:0:1 "GET /h2-console/tree_users.gif HTTP/1.1" 200 (- ms)
[01/Nov/2018:12:45:42 -0300] 0:0:0:0:0:0:0:1 "GET /h2-console/tree_folder.gif HTTP/1.1" 200 (- ms)
[01/Nov/2018:12:45:42 -0300] 0:0:0:0:0:0:0:1 "GET /h2-console/tree_info.gif HTTP/1.1" 200 (- ms)
[01/Nov/2018:12:45:42 -0300] 0:0:0:0:0:0:0:1 "GET /h2-console/tree_type.gif HTTP/1.1" 200 (- ms)
[01/Nov/2018:12:45:42 -0300] 0:0:0:0:0:0:0:1 "GET /h2-console/tree_sequences.gif HTTP/1.1" 200 (- ms)
[01/Nov/2018:12:45:42 -0300] 0:0:0:0:0:0:0:1 "GET /h2-console/tree_index_az.gif HTTP/1.1" 200 (- ms)
[01/Nov/2018:12:45:42 -0300] 0:0:0:0:0:0:0:1 "GET /h2-console/tree_index.gif HTTP/1.1" 200 (- ms)
[01/Nov/2018:12:45:42 -0300] 0:0:0:0:0:0:0:1 "GET /h2-console/tree_sequence.gif HTTP/1.1" 200 (- ms)
[01/Nov/2018:12:45:42 -0300] 0:0:0:0:0:0:0:1 "GET /h2-console/tree_user.gif HTTP/1.1" 200 (- ms)
[01/Nov/2018:12:52:26 -0300] 0:0:0:0:0:0:0:1 "GET /h2-console/login.do?jsessionid=d054b481a9ae959d7e423131ff4c2126 HTTP/1.1" 200 (- ms)
[01/Nov/2018:12:52:27 -0300] 0:0:0:0:0:0:0:1 "GET /h2-console/stylesheet.css HTTP/1.1" 200 (- ms)
[01/Nov/2018:12:52:27 -0300] 0:0:0:0:0:0:0:1 "GET /h2-console/login.jsp?jsessionid=5089bce4d843e6fa489bc149d0bf5cd3 HTTP/1.1" 200 (- ms)
[01/Nov/2018:12:52:27 -0300] 0:0:0:0:0:0:0:1 "GET /h2-console/background.gif HTTP/1.1" 200 (- ms)
[01/Nov/2018:12:52:27 -0300] 0:0:0:0:0:0:0:1 "GET /favicon.ico HTTP/1.1" 200 (- ms)
[01/Nov/2018:12:52:28 -0300] 0:0:0:0:0:0:0:1 "POST /h2-console/login.do?jsessionid=5089bce4d843e6fa489bc149d0bf5cd3 HTTP/1.1" 200 (- ms)
[01/Nov/2018:12:52:29 -0300] 0:0:0:0:0:0:0:1 "GET /h2-console/header.jsp?jsessionid=5089bce4d843e6fa489bc149d0bf5cd3 HTTP/1.1" 200 (- ms)
[01/Nov/2018:12:52:29 -0300] 0:0:0:0:0:0:0:1 "GET /h2-console/help.jsp?jsessionid=5089bce4d843e6fa489bc149d0bf5cd3 HTTP/1.1" 200 (- ms)
[01/Nov/2018:12:52:29 -0300] 0:0:0:0:0:0:0:1 "GET /h2-console/query.jsp?jsessionid=5089bce4d843e6fa489bc149d0bf5cd3 HTTP/1.1" 200 (- ms)
[01/Nov/2018:12:52:29 -0300] 0:0:0:0:0:0:0:1 "GET /h2-console/icon_disconnect.gif HTTP/1.1" 200 (- ms)
[01/Nov/2018:12:52:29 -0300] 0:0:0:0:0:0:0:1 "GET /h2-console/icon_line.gif HTTP/1.1" 200 (- ms)
[01/Nov/2018:12:52:29 -0300] 0:0:0:0:0:0:0:1 "GET /h2-console/icon_refresh.gif HTTP/1.1" 200 (- ms)
[01/Nov/2018:12:52:29 -0300] 0:0:0:0:0:0:0:1 "GET /h2-console/icon_commit.gif HTTP/1.1" 200 (- ms)
[01/Nov/2018:12:52:29 -0300] 0:0:0:0:0:0:0:1 "GET /h2-console/icon_rollback.gif HTTP/1.1" 200 (- ms)
[01/Nov/2018:12:52:29 -0300] 0:0:0:0:0:0:0:1 "GET /h2-console/icon_run_selected.gif HTTP/1.1" 200 (- ms)
[01/Nov/2018:12:52:29 -0300] 0:0:0:0:0:0:0:1 "GET /h2-console/icon_run.gif HTTP/1.1" 200 (- ms)
[01/Nov/2018:12:52:29 -0300] 0:0:0:0:0:0:0:1 "GET /h2-console/icon_stop.gif HTTP/1.1" 200 (- ms)
[01/Nov/2018:12:52:29 -0300] 0:0:0:0:0:0:0:1 "GET /h2-console/icon_history.gif HTTP/1.1" 200 (- ms)
[01/Nov/2018:12:52:29 -0300] 0:0:0:0:0:0:0:1 "GET /h2-console/icon_help.gif HTTP/1.1" 200 (- ms)
[01/Nov/2018:12:52:30 -0300] 0:0:0:0:0:0:0:1 "GET /h2-console/tables.do?jsessionid=5089bce4d843e6fa489bc149d0bf5cd3 HTTP/1.1" 200 (- ms)
[01/Nov/2018:12:52:30 -0300] 0:0:0:0:0:0:0:1 "GET /h2-console/tree.js HTTP/1.1" 200 (- ms)
[01/Nov/2018:12:52:30 -0300] 0:0:0:0:0:0:0:1 "GET /h2-console/tree_database.gif HTTP/1.1" 200 (- ms)
[01/Nov/2018:12:52:30 -0300] 0:0:0:0:0:0:0:1 "GET /h2-console/tree_minus.gif HTTP/1.1" 200 (- ms)
[01/Nov/2018:12:52:30 -0300] 0:0:0:0:0:0:0:1 "GET /h2-console/tree_column.gif HTTP/1.1" 200 (- ms)
[01/Nov/2018:12:52:30 -0300] 0:0:0:0:0:0:0:1 "GET /h2-console/tree_plus.gif HTTP/1.1" 200 (- ms)
[01/Nov/2018:12:52:30 -0300] 0:0:0:0:0:0:0:1 "GET /h2-console/tree_empty.gif HTTP/1.1" 200 (- ms)
[01/Nov/2018:12:52:30 -0300] 0:0:0:0:0:0:0:1 "GET /h2-console/tree_type.gif HTTP/1.1" 200 (- ms)
[01/Nov/2018:12:52:30 -0300] 0:0:0:0:0:0:0:1 "GET /h2-console/tree_table.gif HTTP/1.1" 200 (- ms)
[01/Nov/2018:12:52:30 -0300] 0:0:0:0:0:0:0:1 "GET /h2-console/tree_index_az.gif HTTP/1.1" 200 (- ms)
[01/Nov/2018:12:52:30 -0300] 0:0:0:0:0:0:0:1 "GET /h2-console/tree_index.gif HTTP/1.1" 200 (- ms)
[01/Nov/2018:12:52:30 -0300] 0:0:0:0:0:0:0:1 "GET /h2-console/tree_folder.gif HTTP/1.1" 200 (- ms)
[01/Nov/2018:12:52:30 -0300] 0:0:0:0:0:0:0:1 "GET /h2-console/tree_sequences.gif HTTP/1.1" 200 (- ms)
[01/Nov/2018:12:52:30 -0300] 0:0:0:0:0:0:0:1 "GET /h2-console/tree_sequence.gif HTTP/1.1" 200 (- ms)
[01/Nov/2018:12:52:30 -0300] 0:0:0:0:0:0:0:1 "GET /h2-console/tree_users.gif HTTP/1.1" 200 (- ms)
[01/Nov/2018:12:52:30 -0300] 0:0:0:0:0:0:0:1 "GET /h2-console/tree_user.gif HTTP/1.1" 200 (- ms)
[01/Nov/2018:12:52:30 -0300] 0:0:0:0:0:0:0:1 "GET /h2-console/tree_info.gif HTTP/1.1" 200 (- ms)
[01/Nov/2018:13:01:19 -0300] 0:0:0:0:0:0:0:1 "POST /h2-console/login.do?jsessionid=5089bce4d843e6fa489bc149d0bf5cd3 HTTP/1.1" 200 (- ms)
[01/Nov/2018:13:01:19 -0300] 0:0:0:0:0:0:0:1 "GET /h2-console/stylesheet.css HTTP/1.1" 200 (- ms)
[01/Nov/2018:13:01:19 -0300] 0:0:0:0:0:0:0:1 "GET /h2-console/login.jsp?jsessionid=80186a73e0325f5cc4f90daccc813396 HTTP/1.1" 200 (- ms)
[01/Nov/2018:13:01:19 -0300] 0:0:0:0:0:0:0:1 "GET /h2-console/background.gif HTTP/1.1" 200 (- ms)
[01/Nov/2018:13:01:19 -0300] 0:0:0:0:0:0:0:1 "GET /favicon.ico HTTP/1.1" 200 (- ms)
[01/Nov/2018:13:01:21 -0300] 0:0:0:0:0:0:0:1 "POST /h2-console/login.do?jsessionid=80186a73e0325f5cc4f90daccc813396 HTTP/1.1" 200 (- ms)
[01/Nov/2018:13:01:21 -0300] 0:0:0:0:0:0:0:1 "GET /h2-console/header.jsp?jsessionid=80186a73e0325f5cc4f90daccc813396 HTTP/1.1" 200 (- ms)
[01/Nov/2018:13:01:21 -0300] 0:0:0:0:0:0:0:1 "GET /h2-console/query.jsp?jsessionid=80186a73e0325f5cc4f90daccc813396 HTTP/1.1" 200 (- ms)
[01/Nov/2018:13:01:21 -0300] 0:0:0:0:0:0:0:1 "GET /h2-console/help.jsp?jsessionid=80186a73e0325f5cc4f90daccc813396 HTTP/1.1" 200 (- ms)
[01/Nov/2018:13:01:21 -0300] 0:0:0:0:0:0:0:1 "GET /h2-console/icon_line.gif HTTP/1.1" 200 (- ms)
[01/Nov/2018:13:01:21 -0300] 0:0:0:0:0:0:0:1 "GET /h2-console/icon_disconnect.gif HTTP/1.1" 200 (- ms)
[01/Nov/2018:13:01:21 -0300] 0:0:0:0:0:0:0:1 "GET /h2-console/icon_refresh.gif HTTP/1.1" 200 (- ms)
[01/Nov/2018:13:01:21 -0300] 0:0:0:0:0:0:0:1 "GET /h2-console/icon_rollback.gif HTTP/1.1" 200 (- ms)
[01/Nov/2018:13:01:21 -0300] 0:0:0:0:0:0:0:1 "GET /h2-console/icon_commit.gif HTTP/1.1" 200 (- ms)
[01/Nov/2018:13:01:21 -0300] 0:0:0:0:0:0:0:1 "GET /h2-console/icon_run.gif HTTP/1.1" 200 (- ms)
[01/Nov/2018:13:01:21 -0300] 0:0:0:0:0:0:0:1 "GET /h2-console/icon_history.gif HTTP/1.1" 200 (- ms)
[01/Nov/2018:13:01:21 -0300] 0:0:0:0:0:0:0:1 "GET /h2-console/icon_stop.gif HTTP/1.1" 200 (- ms)
[01/Nov/2018:13:01:21 -0300] 0:0:0:0:0:0:0:1 "GET /h2-console/icon_help.gif HTTP/1.1" 200 (- ms)
[01/Nov/2018:13:01:21 -0300] 0:0:0:0:0:0:0:1 "GET /h2-console/icon_run_selected.gif HTTP/1.1" 200 (- ms)
[01/Nov/2018:13:01:22 -0300] 0:0:0:0:0:0:0:1 "GET /h2-console/tables.do?jsessionid=80186a73e0325f5cc4f90daccc813396 HTTP/1.1" 200 (- ms)
[01/Nov/2018:13:01:22 -0300] 0:0:0:0:0:0:0:1 "GET /h2-console/tree.js HTTP/1.1" 200 (- ms)
[01/Nov/2018:13:01:22 -0300] 0:0:0:0:0:0:0:1 "GET /h2-console/tree_plus.gif HTTP/1.1" 200 (- ms)
[01/Nov/2018:13:01:22 -0300] 0:0:0:0:0:0:0:1 "GET /h2-console/tree_minus.gif HTTP/1.1" 200 (- ms)
[01/Nov/2018:13:01:22 -0300] 0:0:0:0:0:0:0:1 "GET /h2-console/tree_column.gif HTTP/1.1" 200 (- ms)
[01/Nov/2018:13:01:22 -0300] 0:0:0:0:0:0:0:1 "GET /h2-console/tree_empty.gif HTTP/1.1" 200 (- ms)
[01/Nov/2018:13:01:22 -0300] 0:0:0:0:0:0:0:1 "GET /h2-console/tree_database.gif HTTP/1.1" 200 (- ms)
[01/Nov/2018:13:01:22 -0300] 0:0:0:0:0:0:0:1 "GET /h2-console/tree_table.gif HTTP/1.1" 200 (- ms)
[01/Nov/2018:13:01:22 -0300] 0:0:0:0:0:0:0:1 "GET /h2-console/tree_folder.gif HTTP/1.1" 200 (- ms)
[01/Nov/2018:13:01:22 -0300] 0:0:0:0:0:0:0:1 "GET /h2-console/tree_users.gif HTTP/1.1" 200 (- ms)
[01/Nov/2018:13:01:22 -0300] 0:0:0:0:0:0:0:1 "GET /h2-console/tree_sequences.gif HTTP/1.1" 200 (- ms)
[01/Nov/2018:13:01:22 -0300] 0:0:0:0:0:0:0:1 "GET /h2-console/tree_index_az.gif HTTP/1.1" 200 (- ms)
[01/Nov/2018:13:01:22 -0300] 0:0:0:0:0:0:0:1 "GET /h2-console/tree_info.gif HTTP/1.1" 200 (- ms)
[01/Nov/2018:13:01:22 -0300] 0:0:0:0:0:0:0:1 "GET /h2-console/tree_type.gif HTTP/1.1" 200 (- ms)
[01/Nov/2018:13:01:22 -0300] 0:0:0:0:0:0:0:1 "GET /h2-console/tree_index.gif HTTP/1.1" 200 (- ms)
[01/Nov/2018:13:01:22 -0300] 0:0:0:0:0:0:0:1 "GET /h2-console/tree_sequence.gif HTTP/1.1" 200 (- ms)
[01/Nov/2018:13:01:22 -0300] 0:0:0:0:0:0:0:1 "GET /h2-console/tree_user.gif HTTP/1.1" 200 (- ms)
[01/Nov/2018:13:03:54 -0300] 0:0:0:0:0:0:0:1 "POST /h2-console/login.do?jsessionid=80186a73e0325f5cc4f90daccc813396 HTTP/1.1" 200 (- ms)
[01/Nov/2018:13:03:54 -0300] 0:0:0:0:0:0:0:1 "GET /h2-console/stylesheet.css HTTP/1.1" 200 (- ms)
[01/Nov/2018:13:03:54 -0300] 0:0:0:0:0:0:0:1 "GET /h2-console/header.jsp?jsessionid=80186a73e0325f5cc4f90daccc813396 HTTP/1.1" 200 (- ms)
[01/Nov/2018:13:03:54 -0300] 0:0:0:0:0:0:0:1 "GET /h2-console/query.jsp?jsessionid=80186a73e0325f5cc4f90daccc813396 HTTP/1.1" 200 (- ms)
[01/Nov/2018:13:03:54 -0300] 0:0:0:0:0:0:0:1 "GET /h2-console/help.jsp?jsessionid=80186a73e0325f5cc4f90daccc813396 HTTP/1.1" 200 (- ms)
[01/Nov/2018:13:03:54 -0300] 0:0:0:0:0:0:0:1 "GET /h2-console/icon_line.gif HTTP/1.1" 200 (- ms)
[01/Nov/2018:13:03:54 -0300] 0:0:0:0:0:0:0:1 "GET /h2-console/icon_commit.gif HTTP/1.1" 200 (- ms)
[01/Nov/2018:13:03:54 -0300] 0:0:0:0:0:0:0:1 "GET /h2-console/icon_refresh.gif HTTP/1.1" 200 (- ms)
[01/Nov/2018:13:03:54 -0300] 0:0:0:0:0:0:0:1 "GET /h2-console/icon_disconnect.gif HTTP/1.1" 200 (- ms)
[01/Nov/2018:13:03:54 -0300] 0:0:0:0:0:0:0:1 "GET /h2-console/icon_rollback.gif HTTP/1.1" 200 (- ms)
[01/Nov/2018:13:03:54 -0300] 0:0:0:0:0:0:0:1 "GET /h2-console/icon_run.gif HTTP/1.1" 200 (- ms)
[01/Nov/2018:13:03:54 -0300] 0:0:0:0:0:0:0:1 "GET /h2-console/icon_run_selected.gif HTTP/1.1" 200 (- ms)
[01/Nov/2018:13:03:54 -0300] 0:0:0:0:0:0:0:1 "GET /h2-console/icon_history.gif HTTP/1.1" 200 (- ms)
[01/Nov/2018:13:03:54 -0300] 0:0:0:0:0:0:0:1 "GET /h2-console/icon_stop.gif HTTP/1.1" 200 (- ms)
[01/Nov/2018:13:03:54 -0300] 0:0:0:0:0:0:0:1 "GET /h2-console/icon_help.gif HTTP/1.1" 200 (- ms)
[01/Nov/2018:13:03:55 -0300] 0:0:0:0:0:0:0:1 "GET /h2-console/tables.do?jsessionid=80186a73e0325f5cc4f90daccc813396 HTTP/1.1" 200 (- ms)
[01/Nov/2018:13:03:55 -0300] 0:0:0:0:0:0:0:1 "GET /h2-console/tree.js HTTP/1.1" 200 (- ms)
[01/Nov/2018:13:03:55 -0300] 0:0:0:0:0:0:0:1 "GET /h2-console/tree_plus.gif HTTP/1.1" 200 (- ms)
[01/Nov/2018:13:03:55 -0300] 0:0:0:0:0:0:0:1 "GET /h2-console/tree_minus.gif HTTP/1.1" 200 (- ms)
[01/Nov/2018:13:03:55 -0300] 0:0:0:0:0:0:0:1 "GET /h2-console/tree_database.gif HTTP/1.1" 200 (- ms)
[01/Nov/2018:13:03:55 -0300] 0:0:0:0:0:0:0:1 "GET /h2-console/tree_table.gif HTTP/1.1" 200 (- ms)
[01/Nov/2018:13:03:55 -0300] 0:0:0:0:0:0:0:1 "GET /h2-console/tree_empty.gif HTTP/1.1" 200 (- ms)
[01/Nov/2018:13:03:55 -0300] 0:0:0:0:0:0:0:1 "GET /h2-console/tree_column.gif HTTP/1.1" 200 (- ms)
[01/Nov/2018:13:03:55 -0300] 0:0:0:0:0:0:0:1 "GET /h2-console/tree_sequences.gif HTTP/1.1" 200 (- ms)
[01/Nov/2018:13:03:55 -0300] 0:0:0:0:0:0:0:1 "GET /h2-console/tree_folder.gif HTTP/1.1" 200 (- ms)
[01/Nov/2018:13:03:55 -0300] 0:0:0:0:0:0:0:1 "GET /h2-console/tree_type.gif HTTP/1.1" 200 (- ms)
[01/Nov/2018:13:03:55 -0300] 0:0:0:0:0:0:0:1 "GET /h2-console/tree_index_az.gif HTTP/1.1" 200 (- ms)
[01/Nov/2018:13:03:55 -0300] 0:0:0:0:0:0:0:1 "GET /h2-console/tree_users.gif HTTP/1.1" 200 (- ms)
[01/Nov/2018:13:03:55 -0300] 0:0:0:0:0:0:0:1 "GET /h2-console/tree_info.gif HTTP/1.1" 200 (- ms)
[01/Nov/2018:13:03:55 -0300] 0:0:0:0:0:0:0:1 "GET /h2-console/tree_index.gif HTTP/1.1" 200 (- ms)
[01/Nov/2018:13:03:55 -0300] 0:0:0:0:0:0:0:1 "GET /h2-console/tree_sequence.gif HTTP/1.1" 200 (- ms)
[01/Nov/2018:13:03:55 -0300] 0:0:0:0:0:0:0:1 "GET /h2-console/tree_user.gif HTTP/1.1" 200 (- ms)
[01/Nov/2018:13:03:55 -0300] 0:0:0:0:0:0:0:1 "GET /favicon.ico HTTP/1.1" 200 (- ms)
[01/Nov/2018:13:06:51 -0300] 0:0:0:0:0:0:0:1 "POST /h2-console/login.do?jsessionid=80186a73e0325f5cc4f90daccc813396 HTTP/1.1" 200 (- ms)
[01/Nov/2018:13:06:51 -0300] 0:0:0:0:0:0:0:1 "GET /h2-console/stylesheet.css HTTP/1.1" 200 (- ms)
[01/Nov/2018:13:06:51 -0300] 0:0:0:0:0:0:0:1 "GET /h2-console/login.jsp?jsessionid=df31ce4d03b185ec6fbee75dd5a3b27e HTTP/1.1" 200 (- ms)
[01/Nov/2018:13:06:51 -0300] 0:0:0:0:0:0:0:1 "GET /h2-console/background.gif HTTP/1.1" 200 (- ms)
[01/Nov/2018:13:06:51 -0300] 0:0:0:0:0:0:0:1 "GET /favicon.ico HTTP/1.1" 200 (- ms)
[01/Nov/2018:13:06:58 -0300] 0:0:0:0:0:0:0:1 "POST /h2-console/login.do?jsessionid=df31ce4d03b185ec6fbee75dd5a3b27e HTTP/1.1" 200 (- ms)
[01/Nov/2018:13:06:58 -0300] 0:0:0:0:0:0:0:1 "GET /h2-console/header.jsp?jsessionid=df31ce4d03b185ec6fbee75dd5a3b27e HTTP/1.1" 200 (- ms)
[01/Nov/2018:13:06:58 -0300] 0:0:0:0:0:0:0:1 "GET /h2-console/query.jsp?jsessionid=df31ce4d03b185ec6fbee75dd5a3b27e HTTP/1.1" 200 (- ms)
[01/Nov/2018:13:06:58 -0300] 0:0:0:0:0:0:0:1 "GET /h2-console/help.jsp?jsessionid=df31ce4d03b185ec6fbee75dd5a3b27e HTTP/1.1" 200 (- ms)
[01/Nov/2018:13:06:58 -0300] 0:0:0:0:0:0:0:1 "GET /h2-console/icon_disconnect.gif HTTP/1.1" 200 (- ms)
[01/Nov/2018:13:06:58 -0300] 0:0:0:0:0:0:0:1 "GET /h2-console/icon_line.gif HTTP/1.1" 200 (- ms)
[01/Nov/2018:13:06:58 -0300] 0:0:0:0:0:0:0:1 "GET /h2-console/icon_refresh.gif HTTP/1.1" 200 (- ms)
[01/Nov/2018:13:06:58 -0300] 0:0:0:0:0:0:0:1 "GET /h2-console/icon_rollback.gif HTTP/1.1" 200 (- ms)
[01/Nov/2018:13:06:58 -0300] 0:0:0:0:0:0:0:1 "GET /h2-console/icon_commit.gif HTTP/1.1" 200 (- ms)
[01/Nov/2018:13:06:58 -0300] 0:0:0:0:0:0:0:1 "GET /h2-console/icon_run.gif HTTP/1.1" 200 (- ms)
[01/Nov/2018:13:06:58 -0300] 0:0:0:0:0:0:0:1 "GET /h2-console/icon_stop.gif HTTP/1.1" 200 (- ms)
[01/Nov/2018:13:06:58 -0300] 0:0:0:0:0:0:0:1 "GET /h2-console/icon_run_selected.gif HTTP/1.1" 200 (- ms)
[01/Nov/2018:13:06:58 -0300] 0:0:0:0:0:0:0:1 "GET /h2-console/icon_history.gif HTTP/1.1" 200 (- ms)
[01/Nov/2018:13:06:58 -0300] 0:0:0:0:0:0:0:1 "GET /h2-console/icon_help.gif HTTP/1.1" 200 (- ms)
[01/Nov/2018:13:06:58 -0300] 0:0:0:0:0:0:0:1 "GET /h2-console/tables.do?jsessionid=df31ce4d03b185ec6fbee75dd5a3b27e HTTP/1.1" 200 (- ms)
[01/Nov/2018:13:06:58 -0300] 0:0:0:0:0:0:0:1 "GET /h2-console/tree.js HTTP/1.1" 200 (- ms)
[01/Nov/2018:13:06:58 -0300] 0:0:0:0:0:0:0:1 "GET /h2-console/tree_empty.gif HTTP/1.1" 200 (- ms)
[01/Nov/2018:13:06:58 -0300] 0:0:0:0:0:0:0:1 "GET /h2-console/tree_column.gif HTTP/1.1" 200 (- ms)
[01/Nov/2018:13:06:58 -0300] 0:0:0:0:0:0:0:1 "GET /h2-console/tree_minus.gif HTTP/1.1" 200 (- ms)
[01/Nov/2018:13:06:58 -0300] 0:0:0:0:0:0:0:1 "GET /h2-console/tree_database.gif HTTP/1.1" 200 (- ms)
[01/Nov/2018:13:06:58 -0300] 0:0:0:0:0:0:0:1 "GET /h2-console/tree_table.gif HTTP/1.1" 200 (- ms)
[01/Nov/2018:13:06:58 -0300] 0:0:0:0:0:0:0:1 "GET /h2-console/tree_plus.gif HTTP/1.1" 200 (- ms)
[01/Nov/2018:13:06:58 -0300] 0:0:0:0:0:0:0:1 "GET /h2-console/tree_users.gif HTTP/1.1" 200 (- ms)
[01/Nov/2018:13:06:58 -0300] 0:0:0:0:0:0:0:1 "GET /h2-console/tree_folder.gif HTTP/1.1" 200 (- ms)
[01/Nov/2018:13:06:58 -0300] 0:0:0:0:0:0:0:1 "GET /h2-console/tree_info.gif HTTP/1.1" 200 (- ms)
[01/Nov/2018:13:06:58 -0300] 0:0:0:0:0:0:0:1 "GET /h2-console/tree_sequences.gif HTTP/1.1" 200 (- ms)
[01/Nov/2018:13:06:59 -0300] 0:0:0:0:0:0:0:1 "GET /h2-console/tree_type.gif HTTP/1.1" 200 (- ms)
[01/Nov/2018:13:06:59 -0300] 0:0:0:0:0:0:0:1 "GET /h2-console/tree_index_az.gif HTTP/1.1" 200 (- ms)
[01/Nov/2018:13:06:59 -0300] 0:0:0:0:0:0:0:1 "GET /h2-console/tree_index.gif HTTP/1.1" 200 (- ms)
[01/Nov/2018:13:06:59 -0300] 0:0:0:0:0:0:0:1 "GET /h2-console/tree_sequence.gif HTTP/1.1" 200 (- ms)
[01/Nov/2018:13:06:59 -0300] 0:0:0:0:0:0:0:1 "GET /h2-console/tree_user.gif HTTP/1.1" 200 (- ms)
[01/Nov/2018:13:12:16 -0300] 0:0:0:0:0:0:0:1 "POST /h2-console/login.do?jsessionid=df31ce4d03b185ec6fbee75dd5a3b27e HTTP/1.1" 200 (- ms)
[01/Nov/2018:13:12:16 -0300] 0:0:0:0:0:0:0:1 "GET /h2-console/stylesheet.css HTTP/1.1" 200 (- ms)
[01/Nov/2018:13:12:16 -0300] 0:0:0:0:0:0:0:1 "GET /h2-console/header.jsp?jsessionid=df31ce4d03b185ec6fbee75dd5a3b27e HTTP/1.1" 200 (- ms)
[01/Nov/2018:13:12:16 -0300] 0:0:0:0:0:0:0:1 "GET /h2-console/query.jsp?jsessionid=df31ce4d03b185ec6fbee75dd5a3b27e HTTP/1.1" 200 (- ms)
[01/Nov/2018:13:12:16 -0300] 0:0:0:0:0:0:0:1 "GET /h2-console/help.jsp?jsessionid=df31ce4d03b185ec6fbee75dd5a3b27e HTTP/1.1" 200 (- ms)
[01/Nov/2018:13:12:16 -0300] 0:0:0:0:0:0:0:1 "GET /h2-console/icon_disconnect.gif HTTP/1.1" 200 (- ms)
[01/Nov/2018:13:12:16 -0300] 0:0:0:0:0:0:0:1 "GET /h2-console/icon_line.gif HTTP/1.1" 200 (- ms)
[01/Nov/2018:13:12:16 -0300] 0:0:0:0:0:0:0:1 "GET /h2-console/icon_rollback.gif HTTP/1.1" 200 (- ms)
[01/Nov/2018:13:12:16 -0300] 0:0:0:0:0:0:0:1 "GET /h2-console/icon_refresh.gif HTTP/1.1" 200 (- ms)
[01/Nov/2018:13:12:16 -0300] 0:0:0:0:0:0:0:1 "GET /h2-console/icon_commit.gif HTTP/1.1" 200 (- ms)
[01/Nov/2018:13:12:16 -0300] 0:0:0:0:0:0:0:1 "GET /h2-console/icon_run.gif HTTP/1.1" 200 (- ms)
[01/Nov/2018:13:12:16 -0300] 0:0:0:0:0:0:0:1 "GET /h2-console/icon_help.gif HTTP/1.1" 200 (- ms)
[01/Nov/2018:13:12:16 -0300] 0:0:0:0:0:0:0:1 "GET /h2-console/icon_stop.gif HTTP/1.1" 200 (- ms)
[01/Nov/2018:13:12:16 -0300] 0:0:0:0:0:0:0:1 "GET /h2-console/icon_history.gif HTTP/1.1" 200 (- ms)
[01/Nov/2018:13:12:16 -0300] 0:0:0:0:0:0:0:1 "GET /h2-console/icon_run_selected.gif HTTP/1.1" 200 (- ms)
[01/Nov/2018:13:12:17 -0300] 0:0:0:0:0:0:0:1 "GET /h2-console/tables.do?jsessionid=df31ce4d03b185ec6fbee75dd5a3b27e HTTP/1.1" 200 (- ms)
[01/Nov/2018:13:12:17 -0300] 0:0:0:0:0:0:0:1 "GET /h2-console/tree.js HTTP/1.1" 200 (- ms)
[01/Nov/2018:13:12:17 -0300] 0:0:0:0:0:0:0:1 "GET /h2-console/tree_plus.gif HTTP/1.1" 200 (- ms)
[01/Nov/2018:13:12:17 -0300] 0:0:0:0:0:0:0:1 "GET /h2-console/tree_database.gif HTTP/1.1" 200 (- ms)
[01/Nov/2018:13:12:17 -0300] 0:0:0:0:0:0:0:1 "GET /h2-console/tree_minus.gif HTTP/1.1" 200 (- ms)
[01/Nov/2018:13:12:17 -0300] 0:0:0:0:0:0:0:1 "GET /h2-console/tree_column.gif HTTP/1.1" 200 (- ms)
[01/Nov/2018:13:12:17 -0300] 0:0:0:0:0:0:0:1 "GET /h2-console/tree_table.gif HTTP/1.1" 200 (- ms)
[01/Nov/2018:13:12:17 -0300] 0:0:0:0:0:0:0:1 "GET /h2-console/tree_empty.gif HTTP/1.1" 200 (- ms)
[01/Nov/2018:13:12:17 -0300] 0:0:0:0:0:0:0:1 "GET /h2-console/tree_users.gif HTTP/1.1" 200 (- ms)
[01/Nov/2018:13:12:17 -0300] 0:0:0:0:0:0:0:1 "GET /h2-console/tree_sequences.gif HTTP/1.1" 200 (- ms)
[01/Nov/2018:13:12:17 -0300] 0:0:0:0:0:0:0:1 "GET /h2-console/tree_folder.gif HTTP/1.1" 200 (- ms)
[01/Nov/2018:13:12:17 -0300] 0:0:0:0:0:0:0:1 "GET /h2-console/tree_info.gif HTTP/1.1" 200 (- ms)
[01/Nov/2018:13:12:17 -0300] 0:0:0:0:0:0:0:1 "GET /h2-console/tree_type.gif HTTP/1.1" 200 (- ms)
[01/Nov/2018:13:12:17 -0300] 0:0:0:0:0:0:0:1 "GET /h2-console/tree_index_az.gif HTTP/1.1" 200 (- ms)
[01/Nov/2018:13:12:17 -0300] 0:0:0:0:0:0:0:1 "GET /h2-console/tree_index.gif HTTP/1.1" 200 (- ms)
[01/Nov/2018:13:12:17 -0300] 0:0:0:0:0:0:0:1 "GET /h2-console/tree_sequence.gif HTTP/1.1" 200 (- ms)
[01/Nov/2018:13:12:17 -0300] 0:0:0:0:0:0:0:1 "GET /h2-console/tree_user.gif HTTP/1.1" 200 (- ms)
[01/Nov/2018:13:12:17 -0300] 0:0:0:0:0:0:0:1 "GET /favicon.ico HTTP/1.1" 200 (- ms)
[01/Nov/2018:13:22:52 -0300] 0:0:0:0:0:0:0:1 "POST /h2-console/login.do?jsessionid=df31ce4d03b185ec6fbee75dd5a3b27e HTTP/1.1" 200 (- ms)
[01/Nov/2018:13:22:52 -0300] 0:0:0:0:0:0:0:1 "GET /h2-console/stylesheet.css HTTP/1.1" 200 (- ms)
[01/Nov/2018:13:22:52 -0300] 0:0:0:0:0:0:0:1 "GET /h2-console/login.jsp?jsessionid=7957b92051190c634d8ce962b9b90e9a HTTP/1.1" 200 (- ms)
[01/Nov/2018:13:22:52 -0300] 0:0:0:0:0:0:0:1 "GET /h2-console/background.gif HTTP/1.1" 200 (- ms)
[01/Nov/2018:13:22:52 -0300] 0:0:0:0:0:0:0:1 "GET /favicon.ico HTTP/1.1" 200 (- ms)
[01/Nov/2018:13:22:53 -0300] 0:0:0:0:0:0:0:1 "POST /h2-console/login.do?jsessionid=7957b92051190c634d8ce962b9b90e9a HTTP/1.1" 200 (- ms)
[01/Nov/2018:13:22:53 -0300] 0:0:0:0:0:0:0:1 "GET /h2-console/header.jsp?jsessionid=7957b92051190c634d8ce962b9b90e9a HTTP/1.1" 200 (- ms)
[01/Nov/2018:13:22:53 -0300] 0:0:0:0:0:0:0:1 "GET /h2-console/help.jsp?jsessionid=7957b92051190c634d8ce962b9b90e9a HTTP/1.1" 200 (- ms)
[01/Nov/2018:13:22:53 -0300] 0:0:0:0:0:0:0:1 "GET /h2-console/query.jsp?jsessionid=7957b92051190c634d8ce962b9b90e9a HTTP/1.1" 200 (- ms)
[01/Nov/2018:13:22:54 -0300] 0:0:0:0:0:0:0:1 "GET /h2-console/icon_line.gif HTTP/1.1" 200 (- ms)
[01/Nov/2018:13:22:54 -0300] 0:0:0:0:0:0:0:1 "GET /h2-console/icon_refresh.gif HTTP/1.1" 200 (- ms)
[01/Nov/2018:13:22:54 -0300] 0:0:0:0:0:0:0:1 "GET /h2-console/icon_disconnect.gif HTTP/1.1" 200 (- ms)
[01/Nov/2018:13:22:54 -0300] 0:0:0:0:0:0:0:1 "GET /h2-console/icon_rollback.gif HTTP/1.1" 200 (- ms)
[01/Nov/2018:13:22:54 -0300] 0:0:0:0:0:0:0:1 "GET /h2-console/icon_commit.gif HTTP/1.1" 200 (- ms)
[01/Nov/2018:13:22:54 -0300] 0:0:0:0:0:0:0:1 "GET /h2-console/icon_stop.gif HTTP/1.1" 200 (- ms)
[01/Nov/2018:13:22:54 -0300] 0:0:0:0:0:0:0:1 "GET /h2-console/icon_run_selected.gif HTTP/1.1" 200 (- ms)
[01/Nov/2018:13:22:54 -0300] 0:0:0:0:0:0:0:1 "GET /h2-console/icon_history.gif HTTP/1.1" 200 (- ms)
[01/Nov/2018:13:22:54 -0300] 0:0:0:0:0:0:0:1 "GET /h2-console/icon_help.gif HTTP/1.1" 200 (- ms)
[01/Nov/2018:13:22:54 -0300] 0:0:0:0:0:0:0:1 "GET /h2-console/icon_run.gif HTTP/1.1" 200 (- ms)
[01/Nov/2018:13:22:54 -0300] 0:0:0:0:0:0:0:1 "GET /h2-console/tables.do?jsessionid=7957b92051190c634d8ce962b9b90e9a HTTP/1.1" 200 (- ms)
[01/Nov/2018:13:22:54 -0300] 0:0:0:0:0:0:0:1 "GET /h2-console/tree.js HTTP/1.1" 200 (- ms)
[01/Nov/2018:13:22:54 -0300] 0:0:0:0:0:0:0:1 "GET /h2-console/tree_database.gif HTTP/1.1" 200 (- ms)
[01/Nov/2018:13:22:54 -0300] 0:0:0:0:0:0:0:1 "GET /h2-console/tree_minus.gif HTTP/1.1" 200 (- ms)
[01/Nov/2018:13:22:54 -0300] 0:0:0:0:0:0:0:1 "GET /h2-console/tree_plus.gif HTTP/1.1" 200 (- ms)
[01/Nov/2018:13:22:54 -0300] 0:0:0:0:0:0:0:1 "GET /h2-console/tree_table.gif HTTP/1.1" 200 (- ms)
[01/Nov/2018:13:22:54 -0300] 0:0:0:0:0:0:0:1 "GET /h2-console/tree_empty.gif HTTP/1.1" 200 (- ms)
[01/Nov/2018:13:22:54 -0300] 0:0:0:0:0:0:0:1 "GET /h2-console/tree_column.gif HTTP/1.1" 200 (- ms)
[01/Nov/2018:13:22:54 -0300] 0:0:0:0:0:0:0:1 "GET /h2-console/tree_type.gif HTTP/1.1" 200 (- ms)
[01/Nov/2018:13:22:54 -0300] 0:0:0:0:0:0:0:1 "GET /h2-console/tree_users.gif HTTP/1.1" 200 (- ms)
[01/Nov/2018:13:22:54 -0300] 0:0:0:0:0:0:0:1 "GET /h2-console/tree_index_az.gif HTTP/1.1" 200 (- ms)
[01/Nov/2018:13:22:54 -0300] 0:0:0:0:0:0:0:1 "GET /h2-console/tree_index.gif HTTP/1.1" 200 (- ms)
[01/Nov/2018:13:22:54 -0300] 0:0:0:0:0:0:0:1 "GET /h2-console/tree_folder.gif HTTP/1.1" 200 (- ms)
[01/Nov/2018:13:22:54 -0300] 0:0:0:0:0:0:0:1 "GET /h2-console/tree_info.gif HTTP/1.1" 200 (- ms)
[01/Nov/2018:13:22:54 -0300] 0:0:0:0:0:0:0:1 "GET /h2-console/tree_sequences.gif HTTP/1.1" 200 (- ms)
[01/Nov/2018:13:22:54 -0300] 0:0:0:0:0:0:0:1 "GET /h2-console/tree_sequence.gif HTTP/1.1" 200 (- ms)
[01/Nov/2018:13:22:54 -0300] 0:0:0:0:0:0:0:1 "GET /h2-console/tree_user.gif HTTP/1.1" 200 (- ms)
[01/Nov/2018:13:31:26 -0300] 0:0:0:0:0:0:0:1 "POST /h2-console/login.do?jsessionid=7957b92051190c634d8ce962b9b90e9a HTTP/1.1" 200 (- ms)
[01/Nov/2018:13:31:26 -0300] 0:0:0:0:0:0:0:1 "GET /h2-console/stylesheet.css HTTP/1.1" 200 (- ms)
[01/Nov/2018:13:31:26 -0300] 0:0:0:0:0:0:0:1 "GET /h2-console/login.jsp?jsessionid=b858140fa0f789f8b567f8b8676d6d76 HTTP/1.1" 200 (- ms)
[01/Nov/2018:13:31:26 -0300] 0:0:0:0:0:0:0:1 "GET /h2-console/background.gif HTTP/1.1" 200 (- ms)
[01/Nov/2018:13:31:26 -0300] 0:0:0:0:0:0:0:1 "GET /favicon.ico HTTP/1.1" 200 (- ms)
[01/Nov/2018:13:31:27 -0300] 0:0:0:0:0:0:0:1 "POST /h2-console/login.do?jsessionid=b858140fa0f789f8b567f8b8676d6d76 HTTP/1.1" 200 (- ms)
[01/Nov/2018:13:31:27 -0300] 0:0:0:0:0:0:0:1 "GET /h2-console/header.jsp?jsessionid=b858140fa0f789f8b567f8b8676d6d76 HTTP/1.1" 200 (- ms)
[01/Nov/2018:13:31:27 -0300] 0:0:0:0:0:0:0:1 "GET /h2-console/query.jsp?jsessionid=b858140fa0f789f8b567f8b8676d6d76 HTTP/1.1" 200 (- ms)
[01/Nov/2018:13:31:27 -0300] 0:0:0:0:0:0:0:1 "GET /h2-console/help.jsp?jsessionid=b858140fa0f789f8b567f8b8676d6d76 HTTP/1.1" 200 (- ms)
[01/Nov/2018:13:31:27 -0300] 0:0:0:0:0:0:0:1 "GET /h2-console/icon_disconnect.gif HTTP/1.1" 200 (- ms)
[01/Nov/2018:13:31:27 -0300] 0:0:0:0:0:0:0:1 "GET /h2-console/icon_line.gif HTTP/1.1" 200 (- ms)
[01/Nov/2018:13:31:28 -0300] 0:0:0:0:0:0:0:1 "GET /h2-console/icon_refresh.gif HTTP/1.1" 200 (- ms)
[01/Nov/2018:13:31:28 -0300] 0:0:0:0:0:0:0:1 "GET /h2-console/icon_rollback.gif HTTP/1.1" 200 (- ms)
[01/Nov/2018:13:31:28 -0300] 0:0:0:0:0:0:0:1 "GET /h2-console/icon_commit.gif HTTP/1.1" 200 (- ms)
[01/Nov/2018:13:31:28 -0300] 0:0:0:0:0:0:0:1 "GET /h2-console/icon_run.gif HTTP/1.1" 200 (- ms)
[01/Nov/2018:13:31:28 -0300] 0:0:0:0:0:0:0:1 "GET /h2-console/icon_run_selected.gif HTTP/1.1" 200 (- ms)
[01/Nov/2018:13:31:28 -0300] 0:0:0:0:0:0:0:1 "GET /h2-console/icon_stop.gif HTTP/1.1" 200 (- ms)
[01/Nov/2018:13:31:28 -0300] 0:0:0:0:0:0:0:1 "GET /h2-console/icon_history.gif HTTP/1.1" 200 (- ms)
[01/Nov/2018:13:31:28 -0300] 0:0:0:0:0:0:0:1 "GET /h2-console/icon_help.gif HTTP/1.1" 200 (- ms)
[01/Nov/2018:13:31:28 -0300] 0:0:0:0:0:0:0:1 "GET /h2-console/tables.do?jsessionid=b858140fa0f789f8b567f8b8676d6d76 HTTP/1.1" 200 (- ms)
[01/Nov/2018:13:31:28 -0300] 0:0:0:0:0:0:0:1 "GET /h2-console/tree.js HTTP/1.1" 200 (- ms)
[01/Nov/2018:13:31:28 -0300] 0:0:0:0:0:0:0:1 "GET /h2-console/tree_minus.gif HTTP/1.1" 200 (- ms)
[01/Nov/2018:13:31:28 -0300] 0:0:0:0:0:0:0:1 "GET /h2-console/tree_database.gif HTTP/1.1" 200 (- ms)
[01/Nov/2018:13:31:28 -0300] 0:0:0:0:0:0:0:1 "GET /h2-console/tree_plus.gif HTTP/1.1" 200 (- ms)
[01/Nov/2018:13:31:28 -0300] 0:0:0:0:0:0:0:1 "GET /h2-console/tree_empty.gif HTTP/1.1" 200 (- ms)
[01/Nov/2018:13:31:28 -0300] 0:0:0:0:0:0:0:1 "GET /h2-console/tree_table.gif HTTP/1.1" 200 (- ms)
[01/Nov/2018:13:31:28 -0300] 0:0:0:0:0:0:0:1 "GET /h2-console/tree_column.gif HTTP/1.1" 200 (- ms)
[01/Nov/2018:13:31:28 -0300] 0:0:0:0:0:0:0:1 "GET /h2-console/tree_users.gif HTTP/1.1" 200 (- ms)
[01/Nov/2018:13:31:28 -0300] 0:0:0:0:0:0:0:1 "GET /h2-console/tree_info.gif HTTP/1.1" 200 (- ms)
[01/Nov/2018:13:31:28 -0300] 0:0:0:0:0:0:0:1 "GET /h2-console/tree_folder.gif HTTP/1.1" 200 (- ms)
[01/Nov/2018:13:31:28 -0300] 0:0:0:0:0:0:0:1 "GET /h2-console/tree_sequences.gif HTTP/1.1" 200 (- ms)
[01/Nov/2018:13:31:28 -0300] 0:0:0:0:0:0:0:1 "GET /h2-console/tree_type.gif HTTP/1.1" 200 (- ms)
[01/Nov/2018:13:31:28 -0300] 0:0:0:0:0:0:0:1 "GET /h2-console/tree_index_az.gif HTTP/1.1" 200 (- ms)
[01/Nov/2018:13:31:28 -0300] 0:0:0:0:0:0:0:1 "GET /h2-console/tree_index.gif HTTP/1.1" 200 (- ms)
[01/Nov/2018:13:31:28 -0300] 0:0:0:0:0:0:0:1 "GET /h2-console/tree_sequence.gif HTTP/1.1" 200 (- ms)
[01/Nov/2018:13:31:28 -0300] 0:0:0:0:0:0:0:1 "GET /h2-console/tree_user.gif HTTP/1.1" 200 (- ms)
[01/Nov/2018:13:32:24 -0300] 0:0:0:0:0:0:0:1 "POST /h2-console/login.do?jsessionid=b858140fa0f789f8b567f8b8676d6d76 HTTP/1.1" 200 (- ms)
[01/Nov/2018:13:32:24 -0300] 0:0:0:0:0:0:0:1 "GET /h2-console/stylesheet.css HTTP/1.1" 200 (- ms)
[01/Nov/2018:13:32:24 -0300] 0:0:0:0:0:0:0:1 "GET /h2-console/login.jsp?jsessionid=93572627152b019dd2b1e4078d058b75 HTTP/1.1" 200 (- ms)
[01/Nov/2018:13:32:24 -0300] 0:0:0:0:0:0:0:1 "GET /h2-console/background.gif HTTP/1.1" 200 (- ms)
[01/Nov/2018:13:32:24 -0300] 0:0:0:0:0:0:0:1 "GET /favicon.ico HTTP/1.1" 200 (- ms)
[01/Nov/2018:13:32:26 -0300] 0:0:0:0:0:0:0:1 "POST /h2-console/login.do?jsessionid=93572627152b019dd2b1e4078d058b75 HTTP/1.1" 200 (- ms)
[01/Nov/2018:13:32:26 -0300] 0:0:0:0:0:0:0:1 "GET /h2-console/header.jsp?jsessionid=93572627152b019dd2b1e4078d058b75 HTTP/1.1" 200 (- ms)
[01/Nov/2018:13:32:26 -0300] 0:0:0:0:0:0:0:1 "GET /h2-console/query.jsp?jsessionid=93572627152b019dd2b1e4078d058b75 HTTP/1.1" 200 (- ms)
[01/Nov/2018:13:32:26 -0300] 0:0:0:0:0:0:0:1 "GET /h2-console/help.jsp?jsessionid=93572627152b019dd2b1e4078d058b75 HTTP/1.1" 200 (- ms)
[01/Nov/2018:13:32:26 -0300] 0:0:0:0:0:0:0:1 "GET /h2-console/icon_disconnect.gif HTTP/1.1" 200 (- ms)
[01/Nov/2018:13:32:26 -0300] 0:0:0:0:0:0:0:1 "GET /h2-console/icon_line.gif HTTP/1.1" 200 (- ms)
[01/Nov/2018:13:32:26 -0300] 0:0:0:0:0:0:0:1 "GET /h2-console/icon_refresh.gif HTTP/1.1" 200 (- ms)
[01/Nov/2018:13:32:26 -0300] 0:0:0:0:0:0:0:1 "GET /h2-console/icon_rollback.gif HTTP/1.1" 200 (- ms)
[01/Nov/2018:13:32:26 -0300] 0:0:0:0:0:0:0:1 "GET /h2-console/icon_commit.gif HTTP/1.1" 200 (- ms)
[01/Nov/2018:13:32:26 -0300] 0:0:0:0:0:0:0:1 "GET /h2-console/icon_run.gif HTTP/1.1" 200 (- ms)
[01/Nov/2018:13:32:26 -0300] 0:0:0:0:0:0:0:1 "GET /h2-console/icon_stop.gif HTTP/1.1" 200 (- ms)
[01/Nov/2018:13:32:26 -0300] 0:0:0:0:0:0:0:1 "GET /h2-console/icon_history.gif HTTP/1.1" 200 (- ms)
[01/Nov/2018:13:32:26 -0300] 0:0:0:0:0:0:0:1 "GET /h2-console/icon_help.gif HTTP/1.1" 200 (- ms)
[01/Nov/2018:13:32:26 -0300] 0:0:0:0:0:0:0:1 "GET /h2-console/icon_run_selected.gif HTTP/1.1" 200 (- ms)
[01/Nov/2018:13:32:27 -0300] 0:0:0:0:0:0:0:1 "GET /h2-console/tables.do?jsessionid=93572627152b019dd2b1e4078d058b75 HTTP/1.1" 200 (- ms)
[01/Nov/2018:13:32:27 -0300] 0:0:0:0:0:0:0:1 "GET /h2-console/tree.js HTTP/1.1" 200 (- ms)
[01/Nov/2018:13:32:27 -0300] 0:0:0:0:0:0:0:1 "GET /h2-console/tree_plus.gif HTTP/1.1" 200 (- ms)
[01/Nov/2018:13:32:27 -0300] 0:0:0:0:0:0:0:1 "GET /h2-console/tree_minus.gif HTTP/1.1" 200 (- ms)
[01/Nov/2018:13:32:27 -0300] 0:0:0:0:0:0:0:1 "GET /h2-console/tree_database.gif HTTP/1.1" 200 (- ms)
[01/Nov/2018:13:32:27 -0300] 0:0:0:0:0:0:0:1 "GET /h2-console/tree_empty.gif HTTP/1.1" 200 (- ms)
[01/Nov/2018:13:32:27 -0300] 0:0:0:0:0:0:0:1 "GET /h2-console/tree_table.gif HTTP/1.1" 200 (- ms)
[01/Nov/2018:13:32:27 -0300] 0:0:0:0:0:0:0:1 "GET /h2-console/tree_column.gif HTTP/1.1" 200 (- ms)
[01/Nov/2018:13:32:27 -0300] 0:0:0:0:0:0:0:1 "GET /h2-console/tree_users.gif HTTP/1.1" 200 (- ms)
[01/Nov/2018:13:32:27 -0300] 0:0:0:0:0:0:0:1 "GET /h2-console/tree_folder.gif HTTP/1.1" 200 (- ms)
[01/Nov/2018:13:32:27 -0300] 0:0:0:0:0:0:0:1 "GET /h2-console/tree_sequences.gif HTTP/1.1" 200 (- ms)
[01/Nov/2018:13:32:27 -0300] 0:0:0:0:0:0:0:1 "GET /h2-console/tree_info.gif HTTP/1.1" 200 (- ms)
[01/Nov/2018:13:32:27 -0300] 0:0:0:0:0:0:0:1 "GET /h2-console/tree_index_az.gif HTTP/1.1" 200 (- ms)
[01/Nov/2018:13:32:27 -0300] 0:0:0:0:0:0:0:1 "GET /h2-console/tree_type.gif HTTP/1.1" 200 (- ms)
[01/Nov/2018:13:32:27 -0300] 0:0:0:0:0:0:0:1 "GET /h2-console/tree_index.gif HTTP/1.1" 200 (- ms)
[01/Nov/2018:13:32:27 -0300] 0:0:0:0:0:0:0:1 "GET /h2-console/tree_sequence.gif HTTP/1.1" 200 (- ms)
[01/Nov/2018:13:32:27 -0300] 0:0:0:0:0:0:0:1 "GET /h2-console/tree_user.gif HTTP/1.1" 200 (- ms)
[01/Nov/2018:13:43:26 -0300] 0:0:0:0:0:0:0:1 "POST /h2-console/login.do?jsessionid=93572627152b019dd2b1e4078d058b75 HTTP/1.1" 200 (- ms)
[01/Nov/2018:13:43:27 -0300] 0:0:0:0:0:0:0:1 "GET /h2-console/stylesheet.css HTTP/1.1" 200 (- ms)
[01/Nov/2018:13:43:27 -0300] 0:0:0:0:0:0:0:1 "GET /h2-console/login.jsp?jsessionid=da5061002beed33467fa1851031d7476 HTTP/1.1" 200 (- ms)
[01/Nov/2018:13:43:27 -0300] 0:0:0:0:0:0:0:1 "GET /h2-console/background.gif HTTP/1.1" 200 (- ms)
[01/Nov/2018:13:43:27 -0300] 0:0:0:0:0:0:0:1 "GET /favicon.ico HTTP/1.1" 200 (- ms)
[01/Nov/2018:13:43:28 -0300] 0:0:0:0:0:0:0:1 "POST /h2-console/login.do?jsessionid=da5061002beed33467fa1851031d7476 HTTP/1.1" 200 (- ms)
[01/Nov/2018:13:43:28 -0300] 0:0:0:0:0:0:0:1 "GET /h2-console/header.jsp?jsessionid=da5061002beed33467fa1851031d7476 HTTP/1.1" 200 (- ms)
[01/Nov/2018:13:43:28 -0300] 0:0:0:0:0:0:0:1 "GET /h2-console/help.jsp?jsessionid=da5061002beed33467fa1851031d7476 HTTP/1.1" 200 (- ms)
[01/Nov/2018:13:43:28 -0300] 0:0:0:0:0:0:0:1 "GET /h2-console/query.jsp?jsessionid=da5061002beed33467fa1851031d7476 HTTP/1.1" 200 (- ms)
[01/Nov/2018:13:43:29 -0300] 0:0:0:0:0:0:0:1 "GET /h2-console/icon_disconnect.gif HTTP/1.1" 200 (- ms)
[01/Nov/2018:13:43:29 -0300] 0:0:0:0:0:0:0:1 "GET /h2-console/icon_refresh.gif HTTP/1.1" 200 (- ms)
[01/Nov/2018:13:43:29 -0300] 0:0:0:0:0:0:0:1 "GET /h2-console/icon_line.gif HTTP/1.1" 200 (- ms)
[01/Nov/2018:13:43:29 -0300] 0:0:0:0:0:0:0:1 "GET /h2-console/icon_rollback.gif HTTP/1.1" 200 (- ms)
[01/Nov/2018:13:43:29 -0300] 0:0:0:0:0:0:0:1 "GET /h2-console/icon_commit.gif HTTP/1.1" 200 (- ms)
[01/Nov/2018:13:43:29 -0300] 0:0:0:0:0:0:0:1 "GET /h2-console/icon_run.gif HTTP/1.1" 200 (- ms)
[01/Nov/2018:13:43:29 -0300] 0:0:0:0:0:0:0:1 "GET /h2-console/icon_run_selected.gif HTTP/1.1" 200 (- ms)
[01/Nov/2018:13:43:29 -0300] 0:0:0:0:0:0:0:1 "GET /h2-console/icon_stop.gif HTTP/1.1" 200 (- ms)
[01/Nov/2018:13:43:29 -0300] 0:0:0:0:0:0:0:1 "GET /h2-console/icon_history.gif HTTP/1.1" 200 (- ms)
[01/Nov/2018:13:43:29 -0300] 0:0:0:0:0:0:0:1 "GET /h2-console/icon_help.gif HTTP/1.1" 200 (- ms)
[01/Nov/2018:13:43:29 -0300] 0:0:0:0:0:0:0:1 "GET /h2-console/tables.do?jsessionid=da5061002beed33467fa1851031d7476 HTTP/1.1" 200 (- ms)
[01/Nov/2018:13:43:29 -0300] 0:0:0:0:0:0:0:1 "GET /h2-console/tree.js HTTP/1.1" 200 (- ms)
[01/Nov/2018:13:43:29 -0300] 0:0:0:0:0:0:0:1 "GET /h2-console/tree_minus.gif HTTP/1.1" 200 (- ms)
[01/Nov/2018:13:43:29 -0300] 0:0:0:0:0:0:0:1 "GET /h2-console/tree_database.gif HTTP/1.1" 200 (- ms)
[01/Nov/2018:13:43:29 -0300] 0:0:0:0:0:0:0:1 "GET /h2-console/tree_table.gif HTTP/1.1" 200 (- ms)
[01/Nov/2018:13:43:29 -0300] 0:0:0:0:0:0:0:1 "GET /h2-console/tree_plus.gif HTTP/1.1" 200 (- ms)
[01/Nov/2018:13:43:29 -0300] 0:0:0:0:0:0:0:1 "GET /h2-console/tree_empty.gif HTTP/1.1" 200 (- ms)
[01/Nov/2018:13:43:29 -0300] 0:0:0:0:0:0:0:1 "GET /h2-console/tree_column.gif HTTP/1.1" 200 (- ms)
[01/Nov/2018:13:43:29 -0300] 0:0:0:0:0:0:0:1 "GET /h2-console/tree_index_az.gif HTTP/1.1" 200 (- ms)
[01/Nov/2018:13:43:29 -0300] 0:0:0:0:0:0:0:1 "GET /h2-console/tree_type.gif HTTP/1.1" 200 (- ms)
[01/Nov/2018:13:43:29 -0300] 0:0:0:0:0:0:0:1 "GET /h2-console/tree_info.gif HTTP/1.1" 200 (- ms)
[01/Nov/2018:13:43:29 -0300] 0:0:0:0:0:0:0:1 "GET /h2-console/tree_users.gif HTTP/1.1" 200 (- ms)
[01/Nov/2018:13:43:29 -0300] 0:0:0:0:0:0:0:1 "GET /h2-console/tree_folder.gif HTTP/1.1" 200 (- ms)
[01/Nov/2018:13:43:29 -0300] 0:0:0:0:0:0:0:1 "GET /h2-console/tree_sequences.gif HTTP/1.1" 200 (- ms)
[01/Nov/2018:13:43:29 -0300] 0:0:0:0:0:0:0:1 "GET /h2-console/tree_index.gif HTTP/1.1" 200 (- ms)
[01/Nov/2018:13:43:29 -0300] 0:0:0:0:0:0:0:1 "GET /h2-console/tree_user.gif HTTP/1.1" 200 (- ms)
[01/Nov/2018:13:43:29 -0300] 0:0:0:0:0:0:0:1 "GET /h2-console/tree_sequence.gif HTTP/1.1" 200 (- ms)
[01/Nov/2018:13:50:27 -0300] 0:0:0:0:0:0:0:1 "POST /h2-console/login.do?jsessionid=da5061002beed33467fa1851031d7476 HTTP/1.1" 200 (- ms)
[01/Nov/2018:13:50:27 -0300] 0:0:0:0:0:0:0:1 "GET /h2-console/stylesheet.css HTTP/1.1" 200 (- ms)
[01/Nov/2018:13:50:27 -0300] 0:0:0:0:0:0:0:1 "GET /h2-console/header.jsp?jsessionid=da5061002beed33467fa1851031d7476 HTTP/1.1" 200 (- ms)
[01/Nov/2018:13:50:27 -0300] 0:0:0:0:0:0:0:1 "GET /h2-console/query.jsp?jsessionid=da5061002beed33467fa1851031d7476 HTTP/1.1" 200 (- ms)
[01/Nov/2018:13:50:27 -0300] 0:0:0:0:0:0:0:1 "GET /h2-console/help.jsp?jsessionid=da5061002beed33467fa1851031d7476 HTTP/1.1" 200 (- ms)
[01/Nov/2018:13:50:27 -0300] 0:0:0:0:0:0:0:1 "GET /h2-console/icon_disconnect.gif HTTP/1.1" 200 (- ms)
[01/Nov/2018:13:50:27 -0300] 0:0:0:0:0:0:0:1 "GET /h2-console/icon_refresh.gif HTTP/1.1" 200 (- ms)
[01/Nov/2018:13:50:27 -0300] 0:0:0:0:0:0:0:1 "GET /h2-console/icon_line.gif HTTP/1.1" 200 (- ms)
[01/Nov/2018:13:50:27 -0300] 0:0:0:0:0:0:0:1 "GET /h2-console/icon_rollback.gif HTTP/1.1" 200 (- ms)
[01/Nov/2018:13:50:27 -0300] 0:0:0:0:0:0:0:1 "GET /h2-console/icon_commit.gif HTTP/1.1" 200 (- ms)
[01/Nov/2018:13:50:27 -0300] 0:0:0:0:0:0:0:1 "GET /h2-console/icon_run.gif HTTP/1.1" 200 (- ms)
[01/Nov/2018:13:50:27 -0300] 0:0:0:0:0:0:0:1 "GET /h2-console/icon_run_selected.gif HTTP/1.1" 200 (- ms)
[01/Nov/2018:13:50:27 -0300] 0:0:0:0:0:0:0:1 "GET /h2-console/icon_stop.gif HTTP/1.1" 200 (- ms)
[01/Nov/2018:13:50:27 -0300] 0:0:0:0:0:0:0:1 "GET /h2-console/icon_history.gif HTTP/1.1" 200 (- ms)
[01/Nov/2018:13:50:27 -0300] 0:0:0:0:0:0:0:1 "GET /h2-console/icon_help.gif HTTP/1.1" 200 (- ms)
[01/Nov/2018:13:50:27 -0300] 0:0:0:0:0:0:0:1 "GET /h2-console/tables.do?jsessionid=da5061002beed33467fa1851031d7476 HTTP/1.1" 200 (- ms)
[01/Nov/2018:13:50:27 -0300] 0:0:0:0:0:0:0:1 "GET /h2-console/tree.js HTTP/1.1" 200 (- ms)
[01/Nov/2018:13:50:27 -0300] 0:0:0:0:0:0:0:1 "GET /h2-console/tree_table.gif HTTP/1.1" 200 (- ms)
[01/Nov/2018:13:50:27 -0300] 0:0:0:0:0:0:0:1 "GET /h2-console/tree_empty.gif HTTP/1.1" 200 (- ms)
[01/Nov/2018:13:50:27 -0300] 0:0:0:0:0:0:0:1 "GET /h2-console/tree_plus.gif HTTP/1.1" 200 (- ms)
[01/Nov/2018:13:50:27 -0300] 0:0:0:0:0:0:0:1 "GET /h2-console/tree_database.gif HTTP/1.1" 200 (- ms)
[01/Nov/2018:13:50:27 -0300] 0:0:0:0:0:0:0:1 "GET /h2-console/tree_minus.gif HTTP/1.1" 200 (- ms)
[01/Nov/2018:13:50:27 -0300] 0:0:0:0:0:0:0:1 "GET /h2-console/tree_column.gif HTTP/1.1" 200 (- ms)
[01/Nov/2018:13:50:27 -0300] 0:0:0:0:0:0:0:1 "GET /h2-console/tree_type.gif HTTP/1.1" 200 (- ms)
[01/Nov/2018:13:50:27 -0300] 0:0:0:0:0:0:0:1 "GET /h2-console/tree_index_az.gif HTTP/1.1" 200 (- ms)
[01/Nov/2018:13:50:27 -0300] 0:0:0:0:0:0:0:1 "GET /h2-console/tree_sequence.gif HTTP/1.1" 200 (- ms)
[01/Nov/2018:13:50:27 -0300] 0:0:0:0:0:0:0:1 "GET /h2-console/tree_sequences.gif HTTP/1.1" 200 (- ms)
[01/Nov/2018:13:50:27 -0300] 0:0:0:0:0:0:0:1 "GET /h2-console/tree_index.gif HTTP/1.1" 200 (- ms)
[01/Nov/2018:13:50:27 -0300] 0:0:0:0:0:0:0:1 "GET /h2-console/tree_folder.gif HTTP/1.1" 200 (- ms)
[01/Nov/2018:13:50:27 -0300] 0:0:0:0:0:0:0:1 "GET /h2-console/tree_users.gif HTTP/1.1" 200 (- ms)
[01/Nov/2018:13:50:27 -0300] 0:0:0:0:0:0:0:1 "GET /h2-console/tree_info.gif HTTP/1.1" 200 (- ms)
[01/Nov/2018:13:50:27 -0300] 0:0:0:0:0:0:0:1 "GET /h2-console/tree_user.gif HTTP/1.1" 200 (- ms)
[01/Nov/2018:13:50:27 -0300] 0:0:0:0:0:0:0:1 "GET /favicon.ico HTTP/1.1" 200 (- ms)
[01/Nov/2018:15:07:03 -0300] 0:0:0:0:0:0:0:1 "GET /cliente HTTP/1.1" 404 (- ms)
[01/Nov/2018:15:07:55 -0300] 0:0:0:0:0:0:0:1 "GET /actuator HTTP/1.1" 200 (- ms)
[01/Nov/2018:15:08:07 -0300] 0:0:0:0:0:0:0:1 "GET /actuator/health/%7Bcomponent%7D/%7Binstance%7D HTTP/1.1" 404 (- ms)
[01/Nov/2018:15:08:38 -0300] 0:0:0:0:0:0:0:1 "GET /cliente/exibe HTTP/1.1" 500 (- ms)
[01/Nov/2018:15:12:45 -0300] 0:0:0:0:0:0:0:1 "GET /cliente/exibe HTTP/1.1" 200 (- ms)
[01/Nov/2018:15:12:45 -0300] 0:0:0:0:0:0:0:1 "GET /favicon.ico HTTP/1.1" 200 (- ms)
[01/Nov/2018:16:17:38 -0300] 0:0:0:0:0:0:0:1 "GET /cliente/exibe HTTP/1.1" 200 (- ms)
[01/Nov/2018:16:17:38 -0300] 0:0:0:0:0:0:0:1 "GET /favicon.ico HTTP/1.1" 200 (- ms)
[01/Nov/2018:16:46:55 -0300] 0:0:0:0:0:0:0:1 "GET /cliente/exibe HTTP/1.1" 200 (- ms)
[01/Nov/2018:16:46:55 -0300] 0:0:0:0:0:0:0:1 "GET /favicon.ico HTTP/1.1" 200 (- ms)
[01/Nov/2018:16:47:30 -0300] 0:0:0:0:0:0:0:1 "GET /h2-console HTTP/1.1" 302 (- ms)
[01/Nov/2018:16:47:30 -0300] 0:0:0:0:0:0:0:1 "GET /h2-console/ HTTP/1.1" 200 (- ms)
[01/Nov/2018:16:47:30 -0300] 0:0:0:0:0:0:0:1 "GET /h2-console/stylesheet.css HTTP/1.1" 200 (- ms)
[01/Nov/2018:16:47:30 -0300] 0:0:0:0:0:0:0:1 "GET /h2-console/login.jsp?jsessionid=d15510aeee614172c9351157d189a766 HTTP/1.1" 200 (- ms)
[01/Nov/2018:16:47:30 -0300] 0:0:0:0:0:0:0:1 "GET /h2-console/background.gif HTTP/1.1" 200 (- ms)
[01/Nov/2018:16:47:32 -0300] 0:0:0:0:0:0:0:1 "POST /h2-console/login.do?jsessionid=d15510aeee614172c9351157d189a766 HTTP/1.1" 200 (- ms)
[01/Nov/2018:16:47:33 -0300] 0:0:0:0:0:0:0:1 "GET /h2-console/header.jsp?jsessionid=d15510aeee614172c9351157d189a766 HTTP/1.1" 200 (- ms)
[01/Nov/2018:16:47:33 -0300] 0:0:0:0:0:0:0:1 "GET /h2-console/query.jsp?jsessionid=d15510aeee614172c9351157d189a766 HTTP/1.1" 200 (- ms)
[01/Nov/2018:16:47:33 -0300] 0:0:0:0:0:0:0:1 "GET /h2-console/help.jsp?jsessionid=d15510aeee614172c9351157d189a766 HTTP/1.1" 200 (- ms)
[01/Nov/2018:16:47:33 -0300] 0:0:0:0:0:0:0:1 "GET /h2-console/icon_disconnect.gif HTTP/1.1" 200 (- ms)
[01/Nov/2018:16:47:33 -0300] 0:0:0:0:0:0:0:1 "GET /h2-console/icon_run.gif HTTP/1.1" 200 (- ms)
[01/Nov/2018:16:47:33 -0300] 0:0:0:0:0:0:0:1 "GET /h2-console/icon_line.gif HTTP/1.1" 200 (- ms)
[01/Nov/2018:16:47:33 -0300] 0:0:0:0:0:0:0:1 "GET /h2-console/icon_refresh.gif HTTP/1.1" 200 (- ms)
[01/Nov/2018:16:47:33 -0300] 0:0:0:0:0:0:0:1 "GET /h2-console/icon_rollback.gif HTTP/1.1" 200 (- ms)
[01/Nov/2018:16:47:33 -0300] 0:0:0:0:0:0:0:1 "GET /h2-console/icon_commit.gif HTTP/1.1" 200 (- ms)
[01/Nov/2018:16:47:33 -0300] 0:0:0:0:0:0:0:1 "GET /h2-console/icon_help.gif HTTP/1.1" 200 (- ms)
[01/Nov/2018:16:47:33 -0300] 0:0:0:0:0:0:0:1 "GET /h2-console/icon_history.gif HTTP/1.1" 200 (- ms)
[01/Nov/2018:16:47:33 -0300] 0:0:0:0:0:0:0:1 "GET /h2-console/icon_run_selected.gif HTTP/1.1" 200 (- ms)
[01/Nov/2018:16:47:33 -0300] 0:0:0:0:0:0:0:1 "GET /h2-console/icon_stop.gif HTTP/1.1" 200 (- ms)
[01/Nov/2018:16:47:33 -0300] 0:0:0:0:0:0:0:1 "GET /h2-console/tables.do?jsessionid=d15510aeee614172c9351157d189a766 HTTP/1.1" 200 (- ms)
[01/Nov/2018:16:47:33 -0300] 0:0:0:0:0:0:0:1 "GET /h2-console/tree.js HTTP/1.1" 200 (- ms)
[01/Nov/2018:16:47:33 -0300] 0:0:0:0:0:0:0:1 "GET /h2-console/tree_database.gif HTTP/1.1" 200 (- ms)
[01/Nov/2018:16:47:33 -0300] 0:0:0:0:0:0:0:1 "GET /h2-console/tree_minus.gif HTTP/1.1" 200 (- ms)
[01/Nov/2018:16:47:33 -0300] 0:0:0:0:0:0:0:1 "GET /h2-console/tree_table.gif HTTP/1.1" 200 (- ms)
[01/Nov/2018:16:47:33 -0300] 0:0:0:0:0:0:0:1 "GET /h2-console/tree_plus.gif HTTP/1.1" 200 (- ms)
[01/Nov/2018:16:47:33 -0300] 0:0:0:0:0:0:0:1 "GET /h2-console/tree_empty.gif HTTP/1.1" 200 (- ms)
[01/Nov/2018:16:47:33 -0300] 0:0:0:0:0:0:0:1 "GET /h2-console/tree_column.gif HTTP/1.1" 200 (- ms)
[01/Nov/2018:16:47:33 -0300] 0:0:0:0:0:0:0:1 "GET /h2-console/tree_sequences.gif HTTP/1.1" 200 (- ms)
[01/Nov/2018:16:47:33 -0300] 0:0:0:0:0:0:0:1 "GET /h2-console/tree_folder.gif HTTP/1.1" 200 (- ms)
[01/Nov/2018:16:47:33 -0300] 0:0:0:0:0:0:0:1 "GET /h2-console/tree_users.gif HTTP/1.1" 200 (- ms)
[01/Nov/2018:16:47:33 -0300] 0:0:0:0:0:0:0:1 "GET /h2-console/tree_info.gif HTTP/1.1" 200 (- ms)
[01/Nov/2018:16:47:33 -0300] 0:0:0:0:0:0:0:1 "GET /h2-console/tree_type.gif HTTP/1.1" 200 (- ms)
[01/Nov/2018:16:47:33 -0300] 0:0:0:0:0:0:0:1 "GET /h2-console/tree_index_az.gif HTTP/1.1" 200 (- ms)
[01/Nov/2018:16:47:33 -0300] 0:0:0:0:0:0:0:1 "GET /h2-console/tree_index.gif HTTP/1.1" 200 (- ms)
[01/Nov/2018:16:47:33 -0300] 0:0:0:0:0:0:0:1 "GET /h2-console/tree_sequence.gif HTTP/1.1" 200 (- ms)
[01/Nov/2018:16:47:33 -0300] 0:0:0:0:0:0:0:1 "GET /h2-console/tree_user.gif HTTP/1.1" 200 (- ms)
[01/Nov/2018:16:47:40 -0300] 0:0:0:0:0:0:0:1 "POST /h2-console/query.do?jsessionid=d15510aeee614172c9351157d189a766 HTTP/1.1" 200 (- ms)
[01/Nov/2018:16:47:40 -0300] 0:0:0:0:0:0:0:1 "GET /h2-console/stylesheet.css HTTP/1.1" 304 (- ms)
[01/Nov/2018:16:47:40 -0300] 0:0:0:0:0:0:0:1 "GET /h2-console/table.js HTTP/1.1" 200 (- ms)
[01/Nov/2018:17:00:54 -0300] 0:0:0:0:0:0:0:1 "POST /h2-console/login.do?jsessionid=d15510aeee614172c9351157d189a766 HTTP/1.1" 200 (- ms)
[01/Nov/2018:17:00:54 -0300] 0:0:0:0:0:0:0:1 "GET /h2-console/stylesheet.css HTTP/1.1" 200 (- ms)
[01/Nov/2018:17:00:54 -0300] 0:0:0:0:0:0:0:1 "GET /h2-console/login.jsp?jsessionid=a9e0ea67b34f4eb2144574add3fee27a HTTP/1.1" 200 (- ms)
[01/Nov/2018:17:00:54 -0300] 0:0:0:0:0:0:0:1 "GET /h2-console/background.gif HTTP/1.1" 200 (- ms)
[01/Nov/2018:17:00:54 -0300] 0:0:0:0:0:0:0:1 "GET /favicon.ico HTTP/1.1" 200 (- ms)
[01/Nov/2018:17:00:55 -0300] 0:0:0:0:0:0:0:1 "POST /h2-console/login.do?jsessionid=a9e0ea67b34f4eb2144574add3fee27a HTTP/1.1" 200 (- ms)
[01/Nov/2018:17:00:56 -0300] 0:0:0:0:0:0:0:1 "GET /h2-console/header.jsp?jsessionid=a9e0ea67b34f4eb2144574add3fee27a HTTP/1.1" 200 (- ms)
[01/Nov/2018:17:00:56 -0300] 0:0:0:0:0:0:0:1 "GET /h2-console/query.jsp?jsessionid=a9e0ea67b34f4eb2144574add3fee27a HTTP/1.1" 200 (- ms)
[01/Nov/2018:17:00:56 -0300] 0:0:0:0:0:0:0:1 "GET /h2-console/help.jsp?jsessionid=a9e0ea67b34f4eb2144574add3fee27a HTTP/1.1" 200 (- ms)
[01/Nov/2018:17:00:56 -0300] 0:0:0:0:0:0:0:1 "GET /h2-console/icon_disconnect.gif HTTP/1.1" 200 (- ms)
[01/Nov/2018:17:00:56 -0300] 0:0:0:0:0:0:0:1 "GET /h2-console/icon_line.gif HTTP/1.1" 200 (- ms)
[01/Nov/2018:17:00:56 -0300] 0:0:0:0:0:0:0:1 "GET /h2-console/icon_refresh.gif HTTP/1.1" 200 (- ms)
[01/Nov/2018:17:00:56 -0300] 0:0:0:0:0:0:0:1 "GET /h2-console/icon_rollback.gif HTTP/1.1" 200 (- ms)
[01/Nov/2018:17:00:56 -0300] 0:0:0:0:0:0:0:1 "GET /h2-console/icon_commit.gif HTTP/1.1" 200 (- ms)
[01/Nov/2018:17:00:56 -0300] 0:0:0:0:0:0:0:1 "GET /h2-console/icon_run.gif HTTP/1.1" 200 (- ms)
[01/Nov/2018:17:00:56 -0300] 0:0:0:0:0:0:0:1 "GET /h2-console/icon_history.gif HTTP/1.1" 200 (- ms)
[01/Nov/2018:17:00:56 -0300] 0:0:0:0:0:0:0:1 "GET /h2-console/icon_help.gif HTTP/1.1" 200 (- ms)
[01/Nov/2018:17:00:56 -0300] 0:0:0:0:0:0:0:1 "GET /h2-console/icon_run_selected.gif HTTP/1.1" 200 (- ms)
[01/Nov/2018:17:00:56 -0300] 0:0:0:0:0:0:0:1 "GET /h2-console/icon_stop.gif HTTP/1.1" 200 (- ms)
[01/Nov/2018:17:00:56 -0300] 0:0:0:0:0:0:0:1 "GET /h2-console/tables.do?jsessionid=a9e0ea67b34f4eb2144574add3fee27a HTTP/1.1" 200 (- ms)
[01/Nov/2018:17:00:57 -0300] 0:0:0:0:0:0:0:1 "GET /h2-console/tree.js HTTP/1.1" 200 (- ms)
[01/Nov/2018:17:00:57 -0300] 0:0:0:0:0:0:0:1 "GET /h2-console/tree_plus.gif HTTP/1.1" 200 (- ms)
[01/Nov/2018:17:00:57 -0300] 0:0:0:0:0:0:0:1 "GET /h2-console/tree_database.gif HTTP/1.1" 200 (- ms)
[01/Nov/2018:17:00:57 -0300] 0:0:0:0:0:0:0:1 "GET /h2-console/tree_empty.gif HTTP/1.1" 200 (- ms)
[01/Nov/2018:17:00:57 -0300] 0:0:0:0:0:0:0:1 "GET /h2-console/tree_minus.gif HTTP/1.1" 200 (- ms)
[01/Nov/2018:17:00:57 -0300] 0:0:0:0:0:0:0:1 "GET /h2-console/tree_table.gif HTTP/1.1" 200 (- ms)
[01/Nov/2018:17:00:57 -0300] 0:0:0:0:0:0:0:1 "GET /h2-console/tree_column.gif HTTP/1.1" 200 (- ms)
[01/Nov/2018:17:00:57 -0300] 0:0:0:0:0:0:0:1 "GET /h2-console/tree_info.gif HTTP/1.1" 200 (- ms)
[01/Nov/2018:17:00:57 -0300] 0:0:0:0:0:0:0:1 "GET /h2-console/tree_users.gif HTTP/1.1" 200 (- ms)
[01/Nov/2018:17:00:57 -0300] 0:0:0:0:0:0:0:1 "GET /h2-console/tree_sequences.gif HTTP/1.1" 200 (- ms)
[01/Nov/2018:17:00:57 -0300] 0:0:0:0:0:0:0:1 "GET /h2-console/tree_folder.gif HTTP/1.1" 200 (- ms)
[01/Nov/2018:17:00:57 -0300] 0:0:0:0:0:0:0:1 "GET /h2-console/tree_type.gif HTTP/1.1" 200 (- ms)
[01/Nov/2018:17:00:57 -0300] 0:0:0:0:0:0:0:1 "GET /h2-console/tree_index_az.gif HTTP/1.1" 200 (- ms)
[01/Nov/2018:17:00:57 -0300] 0:0:0:0:0:0:0:1 "GET /h2-console/tree_index.gif HTTP/1.1" 200 (- ms)
[01/Nov/2018:17:00:57 -0300] 0:0:0:0:0:0:0:1 "GET /h2-console/tree_sequence.gif HTTP/1.1" 200 (- ms)
[01/Nov/2018:17:00:57 -0300] 0:0:0:0:0:0:0:1 "GET /h2-console/tree_user.gif HTTP/1.1" 200 (- ms)
[01/Nov/2018:17:01:01 -0300] 0:0:0:0:0:0:0:1 "POST /h2-console/query.do?jsessionid=a9e0ea67b34f4eb2144574add3fee27a HTTP/1.1" 200 (- ms)
[01/Nov/2018:17:01:01 -0300] 0:0:0:0:0:0:0:1 "GET /h2-console/table.js HTTP/1.1" 200 (- ms)
[01/Nov/2018:17:01:09 -0300] 0:0:0:0:0:0:0:1 "POST /h2-console/query.do?jsessionid=a9e0ea67b34f4eb2144574add3fee27a HTTP/1.1" 200 (- ms)
[01/Nov/2018:17:01:09 -0300] 0:0:0:0:0:0:0:1 "GET /h2-console/stylesheet.css HTTP/1.1" 304 (- ms)
[01/Nov/2018:17:04:26 -0300] 0:0:0:0:0:0:0:1 "POST /h2-console/login.do?jsessionid=a9e0ea67b34f4eb2144574add3fee27a HTTP/1.1" 200 (- ms)
[01/Nov/2018:17:04:26 -0300] 0:0:0:0:0:0:0:1 "GET /h2-console/stylesheet.css HTTP/1.1" 200 (- ms)
[01/Nov/2018:17:04:26 -0300] 0:0:0:0:0:0:0:1 "GET /h2-console/login.jsp?jsessionid=9ae63d84f44df211f4f0b0c5e17dcbd1 HTTP/1.1" 200 (- ms)
[01/Nov/2018:17:04:26 -0300] 0:0:0:0:0:0:0:1 "GET /h2-console/background.gif HTTP/1.1" 200 (- ms)
[01/Nov/2018:17:04:26 -0300] 0:0:0:0:0:0:0:1 "GET /favicon.ico HTTP/1.1" 200 (- ms)
[01/Nov/2018:17:04:27 -0300] 0:0:0:0:0:0:0:1 "POST /h2-console/login.do?jsessionid=9ae63d84f44df211f4f0b0c5e17dcbd1 HTTP/1.1" 200 (- ms)
[01/Nov/2018:17:04:28 -0300] 0:0:0:0:0:0:0:1 "GET /h2-console/header.jsp?jsessionid=9ae63d84f44df211f4f0b0c5e17dcbd1 HTTP/1.1" 200 (- ms)
[01/Nov/2018:17:04:28 -0300] 0:0:0:0:0:0:0:1 "GET /h2-console/help.jsp?jsessionid=9ae63d84f44df211f4f0b0c5e17dcbd1 HTTP/1.1" 200 (- ms)
[01/Nov/2018:17:04:28 -0300] 0:0:0:0:0:0:0:1 "GET /h2-console/query.jsp?jsessionid=9ae63d84f44df211f4f0b0c5e17dcbd1 HTTP/1.1" 200 (- ms)
[01/Nov/2018:17:04:28 -0300] 0:0:0:0:0:0:0:1 "GET /h2-console/icon_line.gif HTTP/1.1" 200 (- ms)
[01/Nov/2018:17:04:28 -0300] 0:0:0:0:0:0:0:1 "GET /h2-console/icon_disconnect.gif HTTP/1.1" 200 (- ms)
[01/Nov/2018:17:04:28 -0300] 0:0:0:0:0:0:0:1 "GET /h2-console/icon_commit.gif HTTP/1.1" 200 (- ms)
[01/Nov/2018:17:04:28 -0300] 0:0:0:0:0:0:0:1 "GET /h2-console/icon_refresh.gif HTTP/1.1" 200 (- ms)
[01/Nov/2018:17:04:28 -0300] 0:0:0:0:0:0:0:1 "GET /h2-console/icon_rollback.gif HTTP/1.1" 200 (- ms)
[01/Nov/2018:17:04:28 -0300] 0:0:0:0:0:0:0:1 "GET /h2-console/icon_run.gif HTTP/1.1" 200 (- ms)
[01/Nov/2018:17:04:28 -0300] 0:0:0:0:0:0:0:1 "GET /h2-console/icon_run_selected.gif HTTP/1.1" 200 (- ms)
[01/Nov/2018:17:04:28 -0300] 0:0:0:0:0:0:0:1 "GET /h2-console/icon_help.gif HTTP/1.1" 200 (- ms)
[01/Nov/2018:17:04:28 -0300] 0:0:0:0:0:0:0:1 "GET /h2-console/icon_history.gif HTTP/1.1" 200 (- ms)
[01/Nov/2018:17:04:28 -0300] 0:0:0:0:0:0:0:1 "GET /h2-console/icon_stop.gif HTTP/1.1" 200 (- ms)
[01/Nov/2018:17:04:28 -0300] 0:0:0:0:0:0:0:1 "GET /h2-console/tables.do?jsessionid=9ae63d84f44df211f4f0b0c5e17dcbd1 HTTP/1.1" 200 (- ms)
[01/Nov/2018:17:04:28 -0300] 0:0:0:0:0:0:0:1 "GET /h2-console/tree.js HTTP/1.1" 200 (- ms)
[01/Nov/2018:17:04:28 -0300] 0:0:0:0:0:0:0:1 "GET /h2-console/tree_minus.gif HTTP/1.1" 200 (- ms)
[01/Nov/2018:17:04:28 -0300] 0:0:0:0:0:0:0:1 "GET /h2-console/tree_database.gif HTTP/1.1" 200 (- ms)
[01/Nov/2018:17:04:28 -0300] 0:0:0:0:0:0:0:1 "GET /h2-console/tree_plus.gif HTTP/1.1" 200 (- ms)
[01/Nov/2018:17:04:28 -0300] 0:0:0:0:0:0:0:1 "GET /h2-console/tree_column.gif HTTP/1.1" 200 (- ms)
[01/Nov/2018:17:04:28 -0300] 0:0:0:0:0:0:0:1 "GET /h2-console/tree_table.gif HTTP/1.1" 200 (- ms)
[01/Nov/2018:17:04:28 -0300] 0:0:0:0:0:0:0:1 "GET /h2-console/tree_empty.gif HTTP/1.1" 200 (- ms)
[01/Nov/2018:17:04:28 -0300] 0:0:0:0:0:0:0:1 "GET /h2-console/tree_type.gif HTTP/1.1" 200 (- ms)
[01/Nov/2018:17:04:29 -0300] 0:0:0:0:0:0:0:1 "GET /h2-console/tree_index_az.gif HTTP/1.1" 200 (- ms)
[01/Nov/2018:17:04:29 -0300] 0:0:0:0:0:0:0:1 "GET /h2-console/tree_users.gif HTTP/1.1" 200 (- ms)
[01/Nov/2018:17:04:29 -0300] 0:0:0:0:0:0:0:1 "GET /h2-console/tree_info.gif HTTP/1.1" 200 (- ms)
[01/Nov/2018:17:04:29 -0300] 0:0:0:0:0:0:0:1 "GET /h2-console/tree_sequences.gif HTTP/1.1" 200 (- ms)
[01/Nov/2018:17:04:29 -0300] 0:0:0:0:0:0:0:1 "GET /h2-console/tree_folder.gif HTTP/1.1" 200 (- ms)
[01/Nov/2018:17:04:29 -0300] 0:0:0:0:0:0:0:1 "GET /h2-console/tree_index.gif HTTP/1.1" 200 (- ms)
[01/Nov/2018:17:04:29 -0300] 0:0:0:0:0:0:0:1 "GET /h2-console/tree_sequence.gif HTTP/1.1" 200 (- ms)
[01/Nov/2018:17:04:29 -0300] 0:0:0:0:0:0:0:1 "GET /h2-console/tree_user.gif HTTP/1.1" 200 (- ms)
[01/Nov/2018:17:04:31 -0300] 0:0:0:0:0:0:0:1 "POST /h2-console/query.do?jsessionid=9ae63d84f44df211f4f0b0c5e17dcbd1 HTTP/1.1" 200 (- ms)
[01/Nov/2018:17:04:31 -0300] 0:0:0:0:0:0:0:1 "GET /h2-console/table.js HTTP/1.1" 200 (- ms)
[01/Nov/2018:17:04:39 -0300] 0:0:0:0:0:0:0:1 "GET /cliente/exibe HTTP/1.1" 200 (- ms)
[01/Nov/2018:17:04:39 -0300] 0:0:0:0:0:0:0:1 "GET /favicon.ico HTTP/1.1" 200 (- ms)
[01/Nov/2018:17:32:42 -0300] 0:0:0:0:0:0:0:1 "GET /cliente/exibe HTTP/1.1" 200 (- ms)
[01/Nov/2018:17:32:42 -0300] 0:0:0:0:0:0:0:1 "GET /favicon.ico HTTP/1.1" 200 (- ms)
[01/Nov/2018:17:51:56 -0300] 0:0:0:0:0:0:0:1 "POST /h2-console/login.do?jsessionid=9ae63d84f44df211f4f0b0c5e17dcbd1 HTTP/1.1" 200 (- ms)
[01/Nov/2018:17:51:57 -0300] 0:0:0:0:0:0:0:1 "GET /h2-console/stylesheet.css HTTP/1.1" 200 (- ms)
[01/Nov/2018:17:51:57 -0300] 0:0:0:0:0:0:0:1 "GET /h2-console/login.jsp?jsessionid=8a6e0331c061cdbe9763c11844b09e6f HTTP/1.1" 200 (- ms)
[01/Nov/2018:17:51:57 -0300] 0:0:0:0:0:0:0:1 "GET /h2-console/background.gif HTTP/1.1" 200 (- ms)
[01/Nov/2018:17:51:57 -0300] 0:0:0:0:0:0:0:1 "GET /favicon.ico HTTP/1.1" 200 (- ms)
[01/Nov/2018:17:51:58 -0300] 0:0:0:0:0:0:0:1 "POST /h2-console/login.do?jsessionid=8a6e0331c061cdbe9763c11844b09e6f HTTP/1.1" 200 (- ms)
[01/Nov/2018:17:51:58 -0300] 0:0:0:0:0:0:0:1 "GET /h2-console/header.jsp?jsessionid=8a6e0331c061cdbe9763c11844b09e6f HTTP/1.1" 200 (- ms)
[01/Nov/2018:17:51:59 -0300] 0:0:0:0:0:0:0:1 "GET /h2-console/help.jsp?jsessionid=8a6e0331c061cdbe9763c11844b09e6f HTTP/1.1" 200 (- ms)
[01/Nov/2018:17:51:59 -0300] 0:0:0:0:0:0:0:1 "GET /h2-console/query.jsp?jsessionid=8a6e0331c061cdbe9763c11844b09e6f HTTP/1.1" 200 (- ms)
[01/Nov/2018:17:51:59 -0300] 0:0:0:0:0:0:0:1 "GET /h2-console/icon_disconnect.gif HTTP/1.1" 200 (- ms)
[01/Nov/2018:17:51:59 -0300] 0:0:0:0:0:0:0:1 "GET /h2-console/icon_refresh.gif HTTP/1.1" 200 (- ms)
[01/Nov/2018:17:51:59 -0300] 0:0:0:0:0:0:0:1 "GET /h2-console/icon_line.gif HTTP/1.1" 200 (- ms)
[01/Nov/2018:17:51:59 -0300] 0:0:0:0:0:0:0:1 "GET /h2-console/icon_run.gif HTTP/1.1" 200 (- ms)
[01/Nov/2018:17:51:59 -0300] 0:0:0:0:0:0:0:1 "GET /h2-console/icon_rollback.gif HTTP/1.1" 200 (- ms)
[01/Nov/2018:17:51:59 -0300] 0:0:0:0:0:0:0:1 "GET /h2-console/icon_run_selected.gif HTTP/1.1" 200 (- ms)
[01/Nov/2018:17:51:59 -0300] 0:0:0:0:0:0:0:1 "GET /h2-console/icon_stop.gif HTTP/1.1" 200 (- ms)
[01/Nov/2018:17:51:59 -0300] 0:0:0:0:0:0:0:1 "GET /h2-console/icon_commit.gif HTTP/1.1" 200 (- ms)
[01/Nov/2018:17:51:59 -0300] 0:0:0:0:0:0:0:1 "GET /h2-console/icon_help.gif HTTP/1.1" 200 (- ms)
[01/Nov/2018:17:51:59 -0300] 0:0:0:0:0:0:0:1 "GET /h2-console/icon_history.gif HTTP/1.1" 200 (- ms)
[01/Nov/2018:17:51:59 -0300] 0:0:0:0:0:0:0:1 "GET /h2-console/tables.do?jsessionid=8a6e0331c061cdbe9763c11844b09e6f HTTP/1.1" 200 (- ms)
[01/Nov/2018:17:51:59 -0300] 0:0:0:0:0:0:0:1 "GET /h2-console/tree.js HTTP/1.1" 200 (- ms)
[01/Nov/2018:17:51:59 -0300] 0:0:0:0:0:0:0:1 "GET /h2-console/tree_minus.gif HTTP/1.1" 200 (- ms)
[01/Nov/2018:17:51:59 -0300] 0:0:0:0:0:0:0:1 "GET /h2-console/tree_table.gif HTTP/1.1" 200 (- ms)
[01/Nov/2018:17:51:59 -0300] 0:0:0:0:0:0:0:1 "GET /h2-console/tree_database.gif HTTP/1.1" 200 (- ms)
[01/Nov/2018:17:51:59 -0300] 0:0:0:0:0:0:0:1 "GET /h2-console/tree_plus.gif HTTP/1.1" 200 (- ms)
[01/Nov/2018:17:51:59 -0300] 0:0:0:0:0:0:0:1 "GET /h2-console/tree_empty.gif HTTP/1.1" 200 (- ms)
[01/Nov/2018:17:51:59 -0300] 0:0:0:0:0:0:0:1 "GET /h2-console/tree_column.gif HTTP/1.1" 200 (- ms)
[01/Nov/2018:17:51:59 -0300] 0:0:0:0:0:0:0:1 "GET /h2-console/tree_info.gif HTTP/1.1" 200 (- ms)
[01/Nov/2018:17:51:59 -0300] 0:0:0:0:0:0:0:1 "GET /h2-console/tree_users.gif HTTP/1.1" 200 (- ms)
[01/Nov/2018:17:51:59 -0300] 0:0:0:0:0:0:0:1 "GET /h2-console/tree_sequences.gif HTTP/1.1" 200 (- ms)
[01/Nov/2018:17:51:59 -0300] 0:0:0:0:0:0:0:1 "GET /h2-console/tree_folder.gif HTTP/1.1" 200 (- ms)
[01/Nov/2018:17:51:59 -0300] 0:0:0:0:0:0:0:1 "GET /h2-console/tree_type.gif HTTP/1.1" 200 (- ms)
[01/Nov/2018:17:51:59 -0300] 0:0:0:0:0:0:0:1 "GET /h2-console/tree_index_az.gif HTTP/1.1" 200 (- ms)
[01/Nov/2018:17:51:59 -0300] 0:0:0:0:0:0:0:1 "GET /h2-console/tree_index.gif HTTP/1.1" 200 (- ms)
[01/Nov/2018:17:51:59 -0300] 0:0:0:0:0:0:0:1 "GET /h2-console/tree_sequence.gif HTTP/1.1" 200 (- ms)
[01/Nov/2018:17:51:59 -0300] 0:0:0:0:0:0:0:1 "GET /h2-console/tree_user.gif HTTP/1.1" 200 (- ms)
[01/Nov/2018:17:52:03 -0300] 0:0:0:0:0:0:0:1 "POST /h2-console/query.do?jsessionid=8a6e0331c061cdbe9763c11844b09e6f HTTP/1.1" 200 (- ms)
[01/Nov/2018:17:52:03 -0300] 0:0:0:0:0:0:0:1 "GET /h2-console/table.js HTTP/1.1" 200 (- ms)
[01/Nov/2018:17:52:11 -0300] 0:0:0:0:0:0:0:1 "POST /h2-console/query.do?jsessionid=8a6e0331c061cdbe9763c11844b09e6f HTTP/1.1" 200 (- ms)
[01/Nov/2018:17:52:11 -0300] 0:0:0:0:0:0:0:1 "GET /h2-console/stylesheet.css HTTP/1.1" 304 (- ms)
[01/Nov/2018:17:58:38 -0300] 0:0:0:0:0:0:0:1 "GET /cliente/exibe HTTP/1.1" 200 (- ms)
[01/Nov/2018:17:58:38 -0300] 0:0:0:0:0:0:0:1 "GET /favicon.ico HTTP/1.1" 200 (- ms)
[01/Nov/2018:17:58:45 -0300] 0:0:0:0:0:0:0:1 "POST /h2-console/login.do?jsessionid=8a6e0331c061cdbe9763c11844b09e6f HTTP/1.1" 200 (- ms)
[01/Nov/2018:17:58:45 -0300] 0:0:0:0:0:0:0:1 "GET /h2-console/stylesheet.css HTTP/1.1" 200 (- ms)
[01/Nov/2018:17:58:45 -0300] 0:0:0:0:0:0:0:1 "GET /h2-console/login.jsp?jsessionid=9b9a09d7bbabf37c93fedcf4a95b9e40 HTTP/1.1" 200 (- ms)
[01/Nov/2018:17:58:46 -0300] 0:0:0:0:0:0:0:1 "GET /h2-console/background.gif HTTP/1.1" 200 (- ms)
[01/Nov/2018:17:58:46 -0300] 0:0:0:0:0:0:0:1 "GET /favicon.ico HTTP/1.1" 200 (- ms)
[01/Nov/2018:17:58:47 -0300] 0:0:0:0:0:0:0:1 "POST /h2-console/login.do?jsessionid=9b9a09d7bbabf37c93fedcf4a95b9e40 HTTP/1.1" 200 (- ms)
[01/Nov/2018:17:58:47 -0300] 0:0:0:0:0:0:0:1 "GET /h2-console/header.jsp?jsessionid=9b9a09d7bbabf37c93fedcf4a95b9e40 HTTP/1.1" 200 (- ms)
[01/Nov/2018:17:58:47 -0300] 0:0:0:0:0:0:0:1 "GET /h2-console/help.jsp?jsessionid=9b9a09d7bbabf37c93fedcf4a95b9e40 HTTP/1.1" 200 (- ms)
[01/Nov/2018:17:58:47 -0300] 0:0:0:0:0:0:0:1 "GET /h2-console/icon_line.gif HTTP/1.1" 200 (- ms)
[01/Nov/2018:17:58:47 -0300] 0:0:0:0:0:0:0:1 "GET /h2-console/icon_refresh.gif HTTP/1.1" 200 (- ms)
[01/Nov/2018:17:58:47 -0300] 0:0:0:0:0:0:0:1 "GET /h2-console/icon_disconnect.gif HTTP/1.1" 200 (- ms)
[01/Nov/2018:17:58:47 -0300] 0:0:0:0:0:0:0:1 "GET /h2-console/icon_rollback.gif HTTP/1.1" 200 (- ms)
[01/Nov/2018:17:58:47 -0300] 0:0:0:0:0:0:0:1 "GET /h2-console/query.jsp?jsessionid=9b9a09d7bbabf37c93fedcf4a95b9e40 HTTP/1.1" 200 (- ms)
[01/Nov/2018:17:58:47 -0300] 0:0:0:0:0:0:0:1 "GET /h2-console/icon_stop.gif HTTP/1.1" 200 (- ms)
[01/Nov/2018:17:58:47 -0300] 0:0:0:0:0:0:0:1 "GET /h2-console/icon_run_selected.gif HTTP/1.1" 200 (- ms)
[01/Nov/2018:17:58:47 -0300] 0:0:0:0:0:0:0:1 "GET /h2-console/icon_history.gif HTTP/1.1" 200 (- ms)
[01/Nov/2018:17:58:47 -0300] 0:0:0:0:0:0:0:1 "GET /h2-console/icon_commit.gif HTTP/1.1" 200 (- ms)
[01/Nov/2018:17:58:47 -0300] 0:0:0:0:0:0:0:1 "GET /h2-console/icon_help.gif HTTP/1.1" 200 (- ms)
[01/Nov/2018:17:58:47 -0300] 0:0:0:0:0:0:0:1 "GET /h2-console/icon_run.gif HTTP/1.1" 200 (- ms)
[01/Nov/2018:17:58:48 -0300] 0:0:0:0:0:0:0:1 "GET /h2-console/tables.do?jsessionid=9b9a09d7bbabf37c93fedcf4a95b9e40 HTTP/1.1" 200 (- ms)
[01/Nov/2018:17:58:48 -0300] 0:0:0:0:0:0:0:1 "GET /h2-console/tree.js HTTP/1.1" 200 (- ms)
[01/Nov/2018:17:58:48 -0300] 0:0:0:0:0:0:0:1 "GET /h2-console/tree_database.gif HTTP/1.1" 200 (- ms)
[01/Nov/2018:17:58:48 -0300] 0:0:0:0:0:0:0:1 "GET /h2-console/tree_minus.gif HTTP/1.1" 200 (- ms)
[01/Nov/2018:17:58:48 -0300] 0:0:0:0:0:0:0:1 "GET /h2-console/tree_table.gif HTTP/1.1" 200 (- ms)
[01/Nov/2018:17:58:48 -0300] 0:0:0:0:0:0:0:1 "GET /h2-console/tree_plus.gif HTTP/1.1" 200 (- ms)
[01/Nov/2018:17:58:48 -0300] 0:0:0:0:0:0:0:1 "GET /h2-console/tree_empty.gif HTTP/1.1" 200 (- ms)
[01/Nov/2018:17:58:48 -0300] 0:0:0:0:0:0:0:1 "GET /h2-console/tree_column.gif HTTP/1.1" 200 (- ms)
[01/Nov/2018:17:58:48 -0300] 0:0:0:0:0:0:0:1 "GET /h2-console/tree_users.gif HTTP/1.1" 200 (- ms)
[01/Nov/2018:17:58:48 -0300] 0:0:0:0:0:0:0:1 "GET /h2-console/tree_sequences.gif HTTP/1.1" 200 (- ms)
[01/Nov/2018:17:58:48 -0300] 0:0:0:0:0:0:0:1 "GET /h2-console/tree_folder.gif HTTP/1.1" 200 (- ms)
[01/Nov/2018:17:58:48 -0300] 0:0:0:0:0:0:0:1 "GET /h2-console/tree_info.gif HTTP/1.1" 200 (- ms)
[01/Nov/2018:17:58:48 -0300] 0:0:0:0:0:0:0:1 "GET /h2-console/tree_type.gif HTTP/1.1" 200 (- ms)
[01/Nov/2018:17:58:48 -0300] 0:0:0:0:0:0:0:1 "GET /h2-console/tree_index_az.gif HTTP/1.1" 200 (- ms)
[01/Nov/2018:17:58:48 -0300] 0:0:0:0:0:0:0:1 "GET /h2-console/tree_index.gif HTTP/1.1" 200 (- ms)
[01/Nov/2018:17:58:48 -0300] 0:0:0:0:0:0:0:1 "GET /h2-console/tree_sequence.gif HTTP/1.1" 200 (- ms)
[01/Nov/2018:17:58:48 -0300] 0:0:0:0:0:0:0:1 "GET /h2-console/tree_user.gif HTTP/1.1" 200 (- ms)
[01/Nov/2018:17:58:51 -0300] 0:0:0:0:0:0:0:1 "POST /h2-console/query.do?jsessionid=9b9a09d7bbabf37c93fedcf4a95b9e40 HTTP/1.1" 200 (- ms)
[01/Nov/2018:17:58:51 -0300] 0:0:0:0:0:0:0:1 "GET /h2-console/table.js HTTP/1.1" 200 (- ms)
[01/Nov/2018:18:00:09 -0300] 0:0:0:0:0:0:0:1 "POST /h2-console/login.do?jsessionid=9b9a09d7bbabf37c93fedcf4a95b9e40 HTTP/1.1" 200 (- ms)
[01/Nov/2018:18:00:09 -0300] 0:0:0:0:0:0:0:1 "GET /h2-console/stylesheet.css HTTP/1.1" 200 (- ms)
[01/Nov/2018:18:00:09 -0300] 0:0:0:0:0:0:0:1 "GET /h2-console/login.jsp?jsessionid=970684726ddea78bf05dc4b5f95eeb9f HTTP/1.1" 200 (- ms)
[01/Nov/2018:18:00:10 -0300] 0:0:0:0:0:0:0:1 "GET /h2-console/background.gif HTTP/1.1" 200 (- ms)
[01/Nov/2018:18:00:10 -0300] 0:0:0:0:0:0:0:1 "GET /favicon.ico HTTP/1.1" 200 (- ms)
[01/Nov/2018:18:00:11 -0300] 0:0:0:0:0:0:0:1 "POST /h2-console/login.do?jsessionid=970684726ddea78bf05dc4b5f95eeb9f HTTP/1.1" 200 (- ms)
[01/Nov/2018:18:00:11 -0300] 0:0:0:0:0:0:0:1 "GET /h2-console/query.jsp?jsessionid=970684726ddea78bf05dc4b5f95eeb9f HTTP/1.1" 200 (- ms)
[01/Nov/2018:18:00:11 -0300] 0:0:0:0:0:0:0:1 "GET /h2-console/help.jsp?jsessionid=970684726ddea78bf05dc4b5f95eeb9f HTTP/1.1" 200 (- ms)
[01/Nov/2018:18:00:11 -0300] 0:0:0:0:0:0:0:1 "GET /h2-console/header.jsp?jsessionid=970684726ddea78bf05dc4b5f95eeb9f HTTP/1.1" 200 (- ms)
[01/Nov/2018:18:00:11 -0300] 0:0:0:0:0:0:0:1 "GET /h2-console/icon_history.gif HTTP/1.1" 200 (- ms)
[01/Nov/2018:18:00:11 -0300] 0:0:0:0:0:0:0:1 "GET /h2-console/icon_help.gif HTTP/1.1" 200 (- ms)
[01/Nov/2018:18:00:11 -0300] 0:0:0:0:0:0:0:1 "GET /h2-console/icon_run_selected.gif HTTP/1.1" 200 (- ms)
[01/Nov/2018:18:00:11 -0300] 0:0:0:0:0:0:0:1 "GET /h2-console/icon_run.gif HTTP/1.1" 200 (- ms)
[01/Nov/2018:18:00:11 -0300] 0:0:0:0:0:0:0:1 "GET /h2-console/icon_disconnect.gif HTTP/1.1" 200 (- ms)
[01/Nov/2018:18:00:11 -0300] 0:0:0:0:0:0:0:1 "GET /h2-console/icon_line.gif HTTP/1.1" 200 (- ms)
[01/Nov/2018:18:00:11 -0300] 0:0:0:0:0:0:0:1 "GET /h2-console/icon_rollback.gif HTTP/1.1" 200 (- ms)
[01/Nov/2018:18:00:11 -0300] 0:0:0:0:0:0:0:1 "GET /h2-console/icon_refresh.gif HTTP/1.1" 200 (- ms)
[01/Nov/2018:18:00:11 -0300] 0:0:0:0:0:0:0:1 "GET /h2-console/icon_stop.gif HTTP/1.1" 200 (- ms)
[01/Nov/2018:18:00:11 -0300] 0:0:0:0:0:0:0:1 "GET /h2-console/icon_commit.gif HTTP/1.1" 200 (- ms)
[01/Nov/2018:18:00:12 -0300] 0:0:0:0:0:0:0:1 "GET /h2-console/tables.do?jsessionid=970684726ddea78bf05dc4b5f95eeb9f HTTP/1.1" 200 (- ms)
[01/Nov/2018:18:00:12 -0300] 0:0:0:0:0:0:0:1 "GET /h2-console/tree.js HTTP/1.1" 200 (- ms)
[01/Nov/2018:18:00:12 -0300] 0:0:0:0:0:0:0:1 "GET /h2-console/tree_minus.gif HTTP/1.1" 200 (- ms)
[01/Nov/2018:18:00:12 -0300] 0:0:0:0:0:0:0:1 "GET /h2-console/tree_plus.gif HTTP/1.1" 200 (- ms)
[01/Nov/2018:18:00:12 -0300] 0:0:0:0:0:0:0:1 "GET /h2-console/tree_table.gif HTTP/1.1" 200 (- ms)
[01/Nov/2018:18:00:12 -0300] 0:0:0:0:0:0:0:1 "GET /h2-console/tree_empty.gif HTTP/1.1" 200 (- ms)
[01/Nov/2018:18:00:12 -0300] 0:0:0:0:0:0:0:1 "GET /h2-console/tree_database.gif HTTP/1.1" 200 (- ms)
[01/Nov/2018:18:00:12 -0300] 0:0:0:0:0:0:0:1 "GET /h2-console/tree_column.gif HTTP/1.1" 200 (- ms)
[01/Nov/2018:18:00:12 -0300] 0:0:0:0:0:0:0:1 "GET /h2-console/tree_users.gif HTTP/1.1" 200 (- ms)
[01/Nov/2018:18:00:12 -0300] 0:0:0:0:0:0:0:1 "GET /h2-console/tree_folder.gif HTTP/1.1" 200 (- ms)
[01/Nov/2018:18:00:12 -0300] 0:0:0:0:0:0:0:1 "GET /h2-console/tree_info.gif HTTP/1.1" 200 (- ms)
[01/Nov/2018:18:00:12 -0300] 0:0:0:0:0:0:0:1 "GET /h2-console/tree_sequences.gif HTTP/1.1" 200 (- ms)
[01/Nov/2018:18:00:12 -0300] 0:0:0:0:0:0:0:1 "GET /h2-console/tree_type.gif HTTP/1.1" 200 (- ms)
[01/Nov/2018:18:00:12 -0300] 0:0:0:0:0:0:0:1 "GET /h2-console/tree_index_az.gif HTTP/1.1" 200 (- ms)
[01/Nov/2018:18:00:12 -0300] 0:0:0:0:0:0:0:1 "GET /h2-console/tree_index.gif HTTP/1.1" 200 (- ms)
[01/Nov/2018:18:00:12 -0300] 0:0:0:0:0:0:0:1 "GET /h2-console/tree_sequence.gif HTTP/1.1" 200 (- ms)
[01/Nov/2018:18:00:12 -0300] 0:0:0:0:0:0:0:1 "GET /h2-console/tree_user.gif HTTP/1.1" 200 (- ms)
[01/Nov/2018:18:00:14 -0300] 0:0:0:0:0:0:0:1 "POST /h2-console/query.do?jsessionid=970684726ddea78bf05dc4b5f95eeb9f HTTP/1.1" 200 (- ms)
[01/Nov/2018:18:00:15 -0300] 0:0:0:0:0:0:0:1 "GET /h2-console/table.js HTTP/1.1" 200 (- ms)
[01/Nov/2018:18:01:36 -0300] 0:0:0:0:0:0:0:1 "POST /h2-console/login.do?jsessionid=970684726ddea78bf05dc4b5f95eeb9f HTTP/1.1" 200 (- ms)
[01/Nov/2018:18:01:36 -0300] 0:0:0:0:0:0:0:1 "GET /h2-console/stylesheet.css HTTP/1.1" 200 (- ms)
[01/Nov/2018:18:01:36 -0300] 0:0:0:0:0:0:0:1 "GET /h2-console/login.jsp?jsessionid=c949136ffa532471a7f87567cf711bf7 HTTP/1.1" 200 (- ms)
[01/Nov/2018:18:01:37 -0300] 0:0:0:0:0:0:0:1 "GET /h2-console/background.gif HTTP/1.1" 200 (- ms)
[01/Nov/2018:18:01:37 -0300] 0:0:0:0:0:0:0:1 "GET /favicon.ico HTTP/1.1" 200 (- ms)
[01/Nov/2018:18:01:38 -0300] 0:0:0:0:0:0:0:1 "POST /h2-console/login.do?jsessionid=c949136ffa532471a7f87567cf711bf7 HTTP/1.1" 200 (- ms)
[01/Nov/2018:18:01:38 -0300] 0:0:0:0:0:0:0:1 "GET /h2-console/header.jsp?jsessionid=c949136ffa532471a7f87567cf711bf7 HTTP/1.1" 200 (- ms)
[01/Nov/2018:18:01:38 -0300] 0:0:0:0:0:0:0:1 "GET /h2-console/help.jsp?jsessionid=c949136ffa532471a7f87567cf711bf7 HTTP/1.1" 200 (- ms)
[01/Nov/2018:18:01:38 -0300] 0:0:0:0:0:0:0:1 "GET /h2-console/query.jsp?jsessionid=c949136ffa532471a7f87567cf711bf7 HTTP/1.1" 200 (- ms)
[01/Nov/2018:18:01:38 -0300] 0:0:0:0:0:0:0:1 "GET /h2-console/icon_line.gif HTTP/1.1" 200 (- ms)
[01/Nov/2018:18:01:38 -0300] 0:0:0:0:0:0:0:1 "GET /h2-console/icon_disconnect.gif HTTP/1.1" 200 (- ms)
[01/Nov/2018:18:01:38 -0300] 0:0:0:0:0:0:0:1 "GET /h2-console/icon_refresh.gif HTTP/1.1" 200 (- ms)
[01/Nov/2018:18:01:38 -0300] 0:0:0:0:0:0:0:1 "GET /h2-console/icon_rollback.gif HTTP/1.1" 200 (- ms)
[01/Nov/2018:18:01:38 -0300] 0:0:0:0:0:0:0:1 "GET /h2-console/icon_run.gif HTTP/1.1" 200 (- ms)
[01/Nov/2018:18:01:38 -0300] 0:0:0:0:0:0:0:1 "GET /h2-console/icon_commit.gif HTTP/1.1" 200 (- ms)
[01/Nov/2018:18:01:38 -0300] 0:0:0:0:0:0:0:1 "GET /h2-console/icon_run_selected.gif HTTP/1.1" 200 (- ms)
[01/Nov/2018:18:01:38 -0300] 0:0:0:0:0:0:0:1 "GET /h2-console/icon_stop.gif HTTP/1.1" 200 (- ms)
[01/Nov/2018:18:01:38 -0300] 0:0:0:0:0:0:0:1 "GET /h2-console/icon_help.gif HTTP/1.1" 200 (- ms)
[01/Nov/2018:18:01:38 -0300] 0:0:0:0:0:0:0:1 "GET /h2-console/icon_history.gif HTTP/1.1" 200 (- ms)
[01/Nov/2018:18:01:39 -0300] 0:0:0:0:0:0:0:1 "GET /h2-console/tables.do?jsessionid=c949136ffa532471a7f87567cf711bf7 HTTP/1.1" 200 (- ms)
[01/Nov/2018:18:01:39 -0300] 0:0:0:0:0:0:0:1 "GET /h2-console/tree.js HTTP/1.1" 200 (- ms)
[01/Nov/2018:18:01:39 -0300] 0:0:0:0:0:0:0:1 "GET /h2-console/tree_minus.gif HTTP/1.1" 200 (- ms)
[01/Nov/2018:18:01:39 -0300] 0:0:0:0:0:0:0:1 "GET /h2-console/tree_plus.gif HTTP/1.1" 200 (- ms)
[01/Nov/2018:18:01:39 -0300] 0:0:0:0:0:0:0:1 "GET /h2-console/tree_column.gif HTTP/1.1" 200 (- ms)
[01/Nov/2018:18:01:39 -0300] 0:0:0:0:0:0:0:1 "GET /h2-console/tree_database.gif HTTP/1.1" 200 (- ms)
[01/Nov/2018:18:01:39 -0300] 0:0:0:0:0:0:0:1 "GET /h2-console/tree_empty.gif HTTP/1.1" 200 (- ms)
[01/Nov/2018:18:01:39 -0300] 0:0:0:0:0:0:0:1 "GET /h2-console/tree_table.gif HTTP/1.1" 200 (- ms)
[01/Nov/2018:18:01:39 -0300] 0:0:0:0:0:0:0:1 "GET /h2-console/tree_users.gif HTTP/1.1" 200 (- ms)
[01/Nov/2018:18:01:39 -0300] 0:0:0:0:0:0:0:1 "GET /h2-console/tree_info.gif HTTP/1.1" 200 (- ms)
[01/Nov/2018:18:01:39 -0300] 0:0:0:0:0:0:0:1 "GET /h2-console/tree_folder.gif HTTP/1.1" 200 (- ms)
[01/Nov/2018:18:01:39 -0300] 0:0:0:0:0:0:0:1 "GET /h2-console/tree_sequences.gif HTTP/1.1" 200 (- ms)
[01/Nov/2018:18:01:39 -0300] 0:0:0:0:0:0:0:1 "GET /h2-console/tree_type.gif HTTP/1.1" 200 (- ms)
[01/Nov/2018:18:01:39 -0300] 0:0:0:0:0:0:0:1 "GET /h2-console/tree_index_az.gif HTTP/1.1" 200 (- ms)
[01/Nov/2018:18:01:39 -0300] 0:0:0:0:0:0:0:1 "GET /h2-console/tree_index.gif HTTP/1.1" 200 (- ms)
[01/Nov/2018:18:01:39 -0300] 0:0:0:0:0:0:0:1 "GET /h2-console/tree_sequence.gif HTTP/1.1" 200 (- ms)
[01/Nov/2018:18:01:39 -0300] 0:0:0:0:0:0:0:1 "GET /h2-console/tree_user.gif HTTP/1.1" 200 (- ms)
[01/Nov/2018:18:01:41 -0300] 0:0:0:0:0:0:0:1 "POST /h2-console/query.do?jsessionid=c949136ffa532471a7f87567cf711bf7 HTTP/1.1" 200 (- ms)
[01/Nov/2018:18:01:41 -0300] 0:0:0:0:0:0:0:1 "GET /h2-console/table.js HTTP/1.1" 200 (- ms)
[01/Nov/2018:18:01:50 -0300] 0:0:0:0:0:0:0:1 "POST /h2-console/query.do?jsessionid=c949136ffa532471a7f87567cf711bf7 HTTP/1.1" 200 (- ms)
[01/Nov/2018:18:01:50 -0300] 0:0:0:0:0:0:0:1 "GET /h2-console/stylesheet.css HTTP/1.1" 304 (- ms)
[01/Nov/2018:18:03:22 -0300] 0:0:0:0:0:0:0:1 "GET /h2-console/login.do?jsessionid=c949136ffa532471a7f87567cf711bf7 HTTP/1.1" 200 (- ms)
[01/Nov/2018:18:03:23 -0300] 0:0:0:0:0:0:0:1 "GET /h2-console/stylesheet.css HTTP/1.1" 200 (- ms)
[01/Nov/2018:18:03:24 -0300] 0:0:0:0:0:0:0:1 "GET /h2-console/login.jsp?jsessionid=5308c09de627f8a219419ab4e61fbe26 HTTP/1.1" 200 (- ms)
[01/Nov/2018:18:03:24 -0300] 0:0:0:0:0:0:0:1 "GET /h2-console/background.gif HTTP/1.1" 200 (- ms)
[01/Nov/2018:18:03:25 -0300] 0:0:0:0:0:0:0:1 "GET /favicon.ico HTTP/1.1" 200 (- ms)
[01/Nov/2018:18:03:26 -0300] 0:0:0:0:0:0:0:1 "POST /h2-console/login.do?jsessionid=5308c09de627f8a219419ab4e61fbe26 HTTP/1.1" 200 (- ms)
[01/Nov/2018:18:03:26 -0300] 0:0:0:0:0:0:0:1 "GET /h2-console/header.jsp?jsessionid=5308c09de627f8a219419ab4e61fbe26 HTTP/1.1" 200 (- ms)
[01/Nov/2018:18:03:26 -0300] 0:0:0:0:0:0:0:1 "GET /h2-console/help.jsp?jsessionid=5308c09de627f8a219419ab4e61fbe26 HTTP/1.1" 200 (- ms)
[01/Nov/2018:18:03:27 -0300] 0:0:0:0:0:0:0:1 "GET /h2-console/query.jsp?jsessionid=5308c09de627f8a219419ab4e61fbe26 HTTP/1.1" 200 (- ms)
[01/Nov/2018:18:03:27 -0300] 0:0:0:0:0:0:0:1 "GET /h2-console/icon_line.gif HTTP/1.1" 200 (- ms)
[01/Nov/2018:18:03:27 -0300] 0:0:0:0:0:0:0:1 "GET /h2-console/icon_refresh.gif HTTP/1.1" 200 (- ms)
[01/Nov/2018:18:03:27 -0300] 0:0:0:0:0:0:0:1 "GET /h2-console/icon_disconnect.gif HTTP/1.1" 200 (- ms)
[01/Nov/2018:18:03:27 -0300] 0:0:0:0:0:0:0:1 "GET /h2-console/icon_commit.gif HTTP/1.1" 200 (- ms)
[01/Nov/2018:18:03:27 -0300] 0:0:0:0:0:0:0:1 "GET /h2-console/icon_rollback.gif HTTP/1.1" 200 (- ms)
[01/Nov/2018:18:03:27 -0300] 0:0:0:0:0:0:0:1 "GET /h2-console/icon_run.gif HTTP/1.1" 200 (- ms)
[01/Nov/2018:18:03:27 -0300] 0:0:0:0:0:0:0:1 "GET /h2-console/icon_run_selected.gif HTTP/1.1" 200 (- ms)
[01/Nov/2018:18:03:27 -0300] 0:0:0:0:0:0:0:1 "GET /h2-console/icon_stop.gif HTTP/1.1" 200 (- ms)
[01/Nov/2018:18:03:27 -0300] 0:0:0:0:0:0:0:1 "GET /h2-console/icon_history.gif HTTP/1.1" 200 (- ms)
[01/Nov/2018:18:03:27 -0300] 0:0:0:0:0:0:0:1 "GET /h2-console/icon_help.gif HTTP/1.1" 200 (- ms)
[01/Nov/2018:18:03:28 -0300] 0:0:0:0:0:0:0:1 "GET /h2-console/tables.do?jsessionid=5308c09de627f8a219419ab4e61fbe26 HTTP/1.1" 200 (- ms)
[01/Nov/2018:18:03:28 -0300] 0:0:0:0:0:0:0:1 "GET /h2-console/tree.js HTTP/1.1" 200 (- ms)
[01/Nov/2018:18:03:28 -0300] 0:0:0:0:0:0:0:1 "GET /h2-console/tree_minus.gif HTTP/1.1" 200 (- ms)
[01/Nov/2018:18:03:28 -0300] 0:0:0:0:0:0:0:1 "GET /h2-console/tree_database.gif HTTP/1.1" 200 (- ms)
[01/Nov/2018:18:03:28 -0300] 0:0:0:0:0:0:0:1 "GET /h2-console/tree_plus.gif HTTP/1.1" 200 (- ms)
[01/Nov/2018:18:03:28 -0300] 0:0:0:0:0:0:0:1 "GET /h2-console/tree_table.gif HTTP/1.1" 200 (- ms)
[01/Nov/2018:18:03:28 -0300] 0:0:0:0:0:0:0:1 "GET /h2-console/tree_empty.gif HTTP/1.1" 200 (- ms)
[01/Nov/2018:18:03:28 -0300] 0:0:0:0:0:0:0:1 "GET /h2-console/tree_column.gif HTTP/1.1" 200 (- ms)
[01/Nov/2018:18:03:28 -0300] 0:0:0:0:0:0:0:1 "GET /h2-console/tree_type.gif HTTP/1.1" 200 (- ms)
[01/Nov/2018:18:03:28 -0300] 0:0:0:0:0:0:0:1 "GET /h2-console/tree_index_az.gif HTTP/1.1" 200 (- ms)
[01/Nov/2018:18:03:28 -0300] 0:0:0:0:0:0:0:1 "GET /h2-console/tree_index.gif HTTP/1.1" 200 (- ms)
[01/Nov/2018:18:03:28 -0300] 0:0:0:0:0:0:0:1 "GET /h2-console/tree_folder.gif HTTP/1.1" 200 (- ms)
[01/Nov/2018:18:03:28 -0300] 0:0:0:0:0:0:0:1 "GET /h2-console/tree_sequences.gif HTTP/1.1" 200 (- ms)
[01/Nov/2018:18:03:28 -0300] 0:0:0:0:0:0:0:1 "GET /h2-console/tree_sequence.gif HTTP/1.1" 200 (- ms)
[01/Nov/2018:18:03:28 -0300] 0:0:0:0:0:0:0:1 "GET /h2-console/tree_users.gif HTTP/1.1" 200 (- ms)
[01/Nov/2018:18:03:28 -0300] 0:0:0:0:0:0:0:1 "GET /h2-console/tree_user.gif HTTP/1.1" 200 (- ms)
[01/Nov/2018:18:03:28 -0300] 0:0:0:0:0:0:0:1 "GET /h2-console/tree_info.gif HTTP/1.1" 200 (- ms)
[01/Nov/2018:18:03:30 -0300] 0:0:0:0:0:0:0:1 "POST /h2-console/query.do?jsessionid=5308c09de627f8a219419ab4e61fbe26 HTTP/1.1" 200 (- ms)
[01/Nov/2018:18:03:30 -0300] 0:0:0:0:0:0:0:1 "GET /h2-console/table.js HTTP/1.1" 200 (- ms)
[01/Nov/2018:18:08:16 -0300] 0:0:0:0:0:0:0:1 "POST /h2-console/login.do?jsessionid=5308c09de627f8a219419ab4e61fbe26 HTTP/1.1" 200 (- ms)
[01/Nov/2018:18:08:16 -0300] 0:0:0:0:0:0:0:1 "GET /h2-console/stylesheet.css HTTP/1.1" 200 (- ms)
[01/Nov/2018:18:08:16 -0300] 0:0:0:0:0:0:0:1 "GET /h2-console/login.jsp?jsessionid=6e559c2e76643c32e8b747d9c53f0f1b HTTP/1.1" 200 (- ms)
[01/Nov/2018:18:08:16 -0300] 0:0:0:0:0:0:0:1 "GET /h2-console/background.gif HTTP/1.1" 200 (- ms)
[01/Nov/2018:18:08:16 -0300] 0:0:0:0:0:0:0:1 "GET /favicon.ico HTTP/1.1" 200 (- ms)
[01/Nov/2018:18:08:18 -0300] 0:0:0:0:0:0:0:1 "POST /h2-console/login.do?jsessionid=6e559c2e76643c32e8b747d9c53f0f1b HTTP/1.1" 200 (- ms)
[01/Nov/2018:18:08:19 -0300] 0:0:0:0:0:0:0:1 "GET /h2-console/header.jsp?jsessionid=6e559c2e76643c32e8b747d9c53f0f1b HTTP/1.1" 200 (- ms)
[01/Nov/2018:18:08:19 -0300] 0:0:0:0:0:0:0:1 "GET /h2-console/query.jsp?jsessionid=6e559c2e76643c32e8b747d9c53f0f1b HTTP/1.1" 200 (- ms)
[01/Nov/2018:18:08:19 -0300] 0:0:0:0:0:0:0:1 "GET /h2-console/help.jsp?jsessionid=6e559c2e76643c32e8b747d9c53f0f1b HTTP/1.1" 200 (- ms)
[01/Nov/2018:18:08:19 -0300] 0:0:0:0:0:0:0:1 "GET /h2-console/icon_disconnect.gif HTTP/1.1" 200 (- ms)
[01/Nov/2018:18:08:19 -0300] 0:0:0:0:0:0:0:1 "GET /h2-console/icon_line.gif HTTP/1.1" 200 (- ms)
[01/Nov/2018:18:08:19 -0300] 0:0:0:0:0:0:0:1 "GET /h2-console/icon_refresh.gif HTTP/1.1" 200 (- ms)
[01/Nov/2018:18:08:19 -0300] 0:0:0:0:0:0:0:1 "GET /h2-console/icon_rollback.gif HTTP/1.1" 200 (- ms)
[01/Nov/2018:18:08:19 -0300] 0:0:0:0:0:0:0:1 "GET /h2-console/icon_commit.gif HTTP/1.1" 200 (- ms)
[01/Nov/2018:18:08:19 -0300] 0:0:0:0:0:0:0:1 "GET /h2-console/icon_run_selected.gif HTTP/1.1" 200 (- ms)
[01/Nov/2018:18:08:19 -0300] 0:0:0:0:0:0:0:1 "GET /h2-console/icon_run.gif HTTP/1.1" 200 (- ms)
[01/Nov/2018:18:08:19 -0300] 0:0:0:0:0:0:0:1 "GET /h2-console/icon_help.gif HTTP/1.1" 200 (- ms)
[01/Nov/2018:18:08:19 -0300] 0:0:0:0:0:0:0:1 "GET /h2-console/icon_history.gif HTTP/1.1" 200 (- ms)
[01/Nov/2018:18:08:19 -0300] 0:0:0:0:0:0:0:1 "GET /h2-console/icon_stop.gif HTTP/1.1" 200 (- ms)
[01/Nov/2018:18:08:19 -0300] 0:0:0:0:0:0:0:1 "GET /h2-console/tables.do?jsessionid=6e559c2e76643c32e8b747d9c53f0f1b HTTP/1.1" 200 (- ms)
[01/Nov/2018:18:08:19 -0300] 0:0:0:0:0:0:0:1 "GET /h2-console/tree.js HTTP/1.1" 200 (- ms)
[01/Nov/2018:18:08:19 -0300] 0:0:0:0:0:0:0:1 "GET /h2-console/tree_table.gif HTTP/1.1" 200 (- ms)
[01/Nov/2018:18:08:19 -0300] 0:0:0:0:0:0:0:1 "GET /h2-console/tree_minus.gif HTTP/1.1" 200 (- ms)
[01/Nov/2018:18:08:19 -0300] 0:0:0:0:0:0:0:1 "GET /h2-console/tree_plus.gif HTTP/1.1" 200 (- ms)
[01/Nov/2018:18:08:19 -0300] 0:0:0:0:0:0:0:1 "GET /h2-console/tree_empty.gif HTTP/1.1" 200 (- ms)
[01/Nov/2018:18:08:19 -0300] 0:0:0:0:0:0:0:1 "GET /h2-console/tree_column.gif HTTP/1.1" 200 (- ms)
[01/Nov/2018:18:08:19 -0300] 0:0:0:0:0:0:0:1 "GET /h2-console/tree_database.gif HTTP/1.1" 200 (- ms)
[01/Nov/2018:18:08:19 -0300] 0:0:0:0:0:0:0:1 "GET /h2-console/tree_users.gif HTTP/1.1" 200 (- ms)
[01/Nov/2018:18:08:19 -0300] 0:0:0:0:0:0:0:1 "GET /h2-console/tree_type.gif HTTP/1.1" 200 (- ms)
[01/Nov/2018:18:08:19 -0300] 0:0:0:0:0:0:0:1 "GET /h2-console/tree_folder.gif HTTP/1.1" 200 (- ms)
[01/Nov/2018:18:08:19 -0300] 0:0:0:0:0:0:0:1 "GET /h2-console/tree_index_az.gif HTTP/1.1" 200 (- ms)
[01/Nov/2018:18:08:19 -0300] 0:0:0:0:0:0:0:1 "GET /h2-console/tree_info.gif HTTP/1.1" 200 (- ms)
[01/Nov/2018:18:08:19 -0300] 0:0:0:0:0:0:0:1 "GET /h2-console/tree_sequences.gif HTTP/1.1" 200 (- ms)
[01/Nov/2018:18:08:19 -0300] 0:0:0:0:0:0:0:1 "GET /h2-console/tree_index.gif HTTP/1.1" 200 (- ms)
[01/Nov/2018:18:08:19 -0300] 0:0:0:0:0:0:0:1 "GET /h2-console/tree_sequence.gif HTTP/1.1" 200 (- ms)
[01/Nov/2018:18:08:19 -0300] 0:0:0:0:0:0:0:1 "GET /h2-console/tree_user.gif HTTP/1.1" 200 (- ms)
[01/Nov/2018:18:08:22 -0300] 0:0:0:0:0:0:0:1 "POST /h2-console/query.do?jsessionid=6e559c2e76643c32e8b747d9c53f0f1b HTTP/1.1" 200 (- ms)
[01/Nov/2018:18:08:22 -0300] 0:0:0:0:0:0:0:1 "GET /h2-console/table.js HTTP/1.1" 200 (- ms)
[01/Nov/2018:18:10:18 -0300] 0:0:0:0:0:0:0:1 "POST /h2-console/query.do?jsessionid=6e559c2e76643c32e8b747d9c53f0f1b HTTP/1.1" 200 (- ms)
[01/Nov/2018:18:10:18 -0300] 0:0:0:0:0:0:0:1 "GET /h2-console/stylesheet.css HTTP/1.1" 304 (- ms)
[01/Nov/2018:18:10:18 -0300] 0:0:0:0:0:0:0:1 "GET /h2-console/table.js HTTP/1.1" 304 (- ms)
[01/Nov/2018:18:10:58 -0300] 0:0:0:0:0:0:0:1 "POST /h2-console/login.do?jsessionid=6e559c2e76643c32e8b747d9c53f0f1b HTTP/1.1" 200 (- ms)
[01/Nov/2018:18:10:58 -0300] 0:0:0:0:0:0:0:1 "GET /h2-console/stylesheet.css HTTP/1.1" 200 (- ms)
[01/Nov/2018:18:10:58 -0300] 0:0:0:0:0:0:0:1 "GET /h2-console/login.jsp?jsessionid=c60794d17e6a69da54abb7e42a50456c HTTP/1.1" 200 (- ms)
[01/Nov/2018:18:10:58 -0300] 0:0:0:0:0:0:0:1 "GET /h2-console/background.gif HTTP/1.1" 200 (- ms)
[01/Nov/2018:18:10:58 -0300] 0:0:0:0:0:0:0:1 "GET /favicon.ico HTTP/1.1" 200 (- ms)
[01/Nov/2018:18:11:00 -0300] 0:0:0:0:0:0:0:1 "POST /h2-console/login.do?jsessionid=c60794d17e6a69da54abb7e42a50456c HTTP/1.1" 200 (- ms)
[01/Nov/2018:18:11:00 -0300] 0:0:0:0:0:0:0:1 "GET /h2-console/header.jsp?jsessionid=c60794d17e6a69da54abb7e42a50456c HTTP/1.1" 200 (- ms)
[01/Nov/2018:18:11:00 -0300] 0:0:0:0:0:0:0:1 "GET /h2-console/help.jsp?jsessionid=c60794d17e6a69da54abb7e42a50456c HTTP/1.1" 200 (- ms)
[01/Nov/2018:18:11:00 -0300] 0:0:0:0:0:0:0:1 "GET /h2-console/query.jsp?jsessionid=c60794d17e6a69da54abb7e42a50456c HTTP/1.1" 200 (- ms)
[01/Nov/2018:18:11:01 -0300] 0:0:0:0:0:0:0:1 "GET /h2-console/icon_disconnect.gif HTTP/1.1" 200 (- ms)
[01/Nov/2018:18:11:01 -0300] 0:0:0:0:0:0:0:1 "GET /h2-console/icon_refresh.gif HTTP/1.1" 200 (- ms)
[01/Nov/2018:18:11:01 -0300] 0:0:0:0:0:0:0:1 "GET /h2-console/icon_line.gif HTTP/1.1" 200 (- ms)
[01/Nov/2018:18:11:01 -0300] 0:0:0:0:0:0:0:1 "GET /h2-console/icon_rollback.gif HTTP/1.1" 200 (- ms)
[01/Nov/2018:18:11:01 -0300] 0:0:0:0:0:0:0:1 "GET /h2-console/icon_commit.gif HTTP/1.1" 200 (- ms)
[01/Nov/2018:18:11:01 -0300] 0:0:0:0:0:0:0:1 "GET /h2-console/icon_run.gif HTTP/1.1" 200 (- ms)
[01/Nov/2018:18:11:01 -0300] 0:0:0:0:0:0:0:1 "GET /h2-console/icon_run_selected.gif HTTP/1.1" 200 (- ms)
[01/Nov/2018:18:11:01 -0300] 0:0:0:0:0:0:0:1 "GET /h2-console/icon_stop.gif HTTP/1.1" 200 (- ms)
[01/Nov/2018:18:11:01 -0300] 0:0:0:0:0:0:0:1 "GET /h2-console/icon_help.gif HTTP/1.1" 200 (- ms)
[01/Nov/2018:18:11:01 -0300] 0:0:0:0:0:0:0:1 "GET /h2-console/icon_history.gif HTTP/1.1" 200 (- ms)
[01/Nov/2018:18:11:01 -0300] 0:0:0:0:0:0:0:1 "GET /h2-console/tables.do?jsessionid=c60794d17e6a69da54abb7e42a50456c HTTP/1.1" 200 (- ms)
[01/Nov/2018:18:11:01 -0300] 0:0:0:0:0:0:0:1 "GET /h2-console/tree.js HTTP/1.1" 200 (- ms)
[01/Nov/2018:18:11:01 -0300] 0:0:0:0:0:0:0:1 "GET /h2-console/tree_plus.gif HTTP/1.1" 200 (- ms)
[01/Nov/2018:18:11:01 -0300] 0:0:0:0:0:0:0:1 "GET /h2-console/tree_minus.gif HTTP/1.1" 200 (- ms)
[01/Nov/2018:18:11:01 -0300] 0:0:0:0:0:0:0:1 "GET /h2-console/tree_empty.gif HTTP/1.1" 200 (- ms)
[01/Nov/2018:18:11:01 -0300] 0:0:0:0:0:0:0:1 "GET /h2-console/tree_database.gif HTTP/1.1" 200 (- ms)
[01/Nov/2018:18:11:01 -0300] 0:0:0:0:0:0:0:1 "GET /h2-console/tree_table.gif HTTP/1.1" 200 (- ms)
[01/Nov/2018:18:11:01 -0300] 0:0:0:0:0:0:0:1 "GET /h2-console/tree_column.gif HTTP/1.1" 200 (- ms)
[01/Nov/2018:18:11:01 -0300] 0:0:0:0:0:0:0:1 "GET /h2-console/tree_users.gif HTTP/1.1" 200 (- ms)
[01/Nov/2018:18:11:01 -0300] 0:0:0:0:0:0:0:1 "GET /h2-console/tree_info.gif HTTP/1.1" 200 (- ms)
[01/Nov/2018:18:11:01 -0300] 0:0:0:0:0:0:0:1 "GET /h2-console/tree_sequences.gif HTTP/1.1" 200 (- ms)
[01/Nov/2018:18:11:01 -0300] 0:0:0:0:0:0:0:1 "GET /h2-console/tree_folder.gif HTTP/1.1" 200 (- ms)
[01/Nov/2018:18:11:01 -0300] 0:0:0:0:0:0:0:1 "GET /h2-console/tree_type.gif HTTP/1.1" 200 (- ms)
[01/Nov/2018:18:11:01 -0300] 0:0:0:0:0:0:0:1 "GET /h2-console/tree_index_az.gif HTTP/1.1" 200 (- ms)
[01/Nov/2018:18:11:01 -0300] 0:0:0:0:0:0:0:1 "GET /h2-console/tree_index.gif HTTP/1.1" 200 (- ms)
[01/Nov/2018:18:11:01 -0300] 0:0:0:0:0:0:0:1 "GET /h2-console/tree_sequence.gif HTTP/1.1" 200 (- ms)
[01/Nov/2018:18:11:01 -0300] 0:0:0:0:0:0:0:1 "GET /h2-console/tree_user.gif HTTP/1.1" 200 (- ms)
[01/Nov/2018:18:11:23 -0300] 0:0:0:0:0:0:0:1 "POST /h2-console/query.do?jsessionid=c60794d17e6a69da54abb7e42a50456c HTTP/1.1" 200 (- ms)
[01/Nov/2018:18:11:23 -0300] 0:0:0:0:0:0:0:1 "GET /h2-console/stylesheet.css HTTP/1.1" 304 (- ms)
[01/Nov/2018:18:11:23 -0300] 0:0:0:0:0:0:0:1 "GET /h2-console/table.js HTTP/1.1" 200 (- ms)
[01/Nov/2018:21:40:29 -0300] 0:0:0:0:0:0:0:1 "GET /cliente/processar HTTP/1.1" 500 (- ms)
[01/Nov/2018:21:43:40 -0300] 0:0:0:0:0:0:0:1 "GET /cliente/processar HTTP/1.1" 200 (- ms)
[01/Nov/2018:21:43:40 -0300] 0:0:0:0:0:0:0:1 "GET /favicon.ico HTTP/1.1" 200 (- ms)
[01/Nov/2018:21:46:55 -0300] 0:0:0:0:0:0:0:1 "GET /cliente/processar HTTP/1.1" 500 (- ms)
[01/Nov/2018:21:46:55 -0300] 0:0:0:0:0:0:0:1 "GET /favicon.ico HTTP/1.1" 200 (- ms)
[01/Nov/2018:21:55:43 -0300] 0:0:0:0:0:0:0:1 "GET /cliente/processar HTTP/1.1" 200 (- ms)
[01/Nov/2018:21:55:43 -0300] 0:0:0:0:0:0:0:1 "GET /favicon.ico HTTP/1.1" 200 (- ms)
[01/Nov/2018:21:58:28 -0300] 0:0:0:0:0:0:0:1 "GET /cliente/my/name HTTP/1.1" 200 (- ms)
[01/Nov/2018:22:38:16 -0300] 0:0:0:0:0:0:0:1 "GET /cliente/my/name HTTP/1.1" 500 (- ms)
[01/Nov/2018:22:38:16 -0300] 0:0:0:0:0:0:0:1 "GET /favicon.ico HTTP/1.1" 200 (- ms)
[01/Nov/2018:22:40:02 -0300] 0:0:0:0:0:0:0:1 "GET /cliente/my/index HTTP/1.1" 200 (- ms)
[01/Nov/2018:22:40:05 -0300] 0:0:0:0:0:0:0:1 "GET /cliente/processar HTTP/1.1" 200 (- ms)
[01/Nov/2018:22:40:05 -0300] 0:0:0:0:0:0:0:1 "GET /favicon.ico HTTP/1.1" 200 (- ms)
