[02/Nov/2018:20:43:01 -0300] 0:0:0:0:0:0:0:1 "POST /h2-console/login.do?jsessionid=50122f6968add6568f1e5c87e236f374 HTTP/1.1" 200 (- ms)
[02/Nov/2018:20:43:01 -0300] 0:0:0:0:0:0:0:1 "GET /h2-console/stylesheet.css HTTP/1.1" 200 (- ms)
[02/Nov/2018:20:43:01 -0300] 0:0:0:0:0:0:0:1 "GET /h2-console/login.jsp?jsessionid=0cdd499ef9603809e4329fe8315265f9 HTTP/1.1" 200 (- ms)
[02/Nov/2018:20:43:01 -0300] 0:0:0:0:0:0:0:1 "GET /h2-console/background.gif HTTP/1.1" 200 (- ms)
[02/Nov/2018:20:43:02 -0300] 0:0:0:0:0:0:0:1 "POST /h2-console/login.do?jsessionid=0cdd499ef9603809e4329fe8315265f9 HTTP/1.1" 200 (- ms)
[02/Nov/2018:20:43:03 -0300] 0:0:0:0:0:0:0:1 "GET /h2-console/header.jsp?jsessionid=0cdd499ef9603809e4329fe8315265f9 HTTP/1.1" 200 (- ms)
[02/Nov/2018:20:43:03 -0300] 0:0:0:0:0:0:0:1 "GET /h2-console/help.jsp?jsessionid=0cdd499ef9603809e4329fe8315265f9 HTTP/1.1" 200 (- ms)
[02/Nov/2018:20:43:03 -0300] 0:0:0:0:0:0:0:1 "GET /h2-console/query.jsp?jsessionid=0cdd499ef9603809e4329fe8315265f9 HTTP/1.1" 200 (- ms)
[02/Nov/2018:20:43:03 -0300] 0:0:0:0:0:0:0:1 "GET /h2-console/icon_line.gif HTTP/1.1" 200 (- ms)
[02/Nov/2018:20:43:03 -0300] 0:0:0:0:0:0:0:1 "GET /h2-console/icon_disconnect.gif HTTP/1.1" 200 (- ms)
[02/Nov/2018:20:43:03 -0300] 0:0:0:0:0:0:0:1 "GET /h2-console/icon_refresh.gif HTTP/1.1" 200 (- ms)
[02/Nov/2018:20:43:03 -0300] 0:0:0:0:0:0:0:1 "GET /h2-console/icon_rollback.gif HTTP/1.1" 200 (- ms)
[02/Nov/2018:20:43:03 -0300] 0:0:0:0:0:0:0:1 "GET /h2-console/icon_commit.gif HTTP/1.1" 200 (- ms)
[02/Nov/2018:20:43:03 -0300] 0:0:0:0:0:0:0:1 "GET /h2-console/icon_run.gif HTTP/1.1" 200 (- ms)
[02/Nov/2018:20:43:03 -0300] 0:0:0:0:0:0:0:1 "GET /h2-console/icon_run_selected.gif HTTP/1.1" 200 (- ms)
[02/Nov/2018:20:43:03 -0300] 0:0:0:0:0:0:0:1 "GET /h2-console/icon_stop.gif HTTP/1.1" 200 (- ms)
[02/Nov/2018:20:43:03 -0300] 0:0:0:0:0:0:0:1 "GET /h2-console/icon_history.gif HTTP/1.1" 200 (- ms)
[02/Nov/2018:20:43:03 -0300] 0:0:0:0:0:0:0:1 "GET /h2-console/icon_help.gif HTTP/1.1" 200 (- ms)
[02/Nov/2018:20:43:03 -0300] 0:0:0:0:0:0:0:1 "GET /h2-console/tables.do?jsessionid=0cdd499ef9603809e4329fe8315265f9 HTTP/1.1" 200 (- ms)
[02/Nov/2018:20:43:03 -0300] 0:0:0:0:0:0:0:1 "GET /h2-console/tree.js HTTP/1.1" 200 (- ms)
[02/Nov/2018:20:43:03 -0300] 0:0:0:0:0:0:0:1 "GET /h2-console/tree_column.gif HTTP/1.1" 200 (- ms)
[02/Nov/2018:20:43:03 -0300] 0:0:0:0:0:0:0:1 "GET /h2-console/tree_minus.gif HTTP/1.1" 200 (- ms)
[02/Nov/2018:20:43:03 -0300] 0:0:0:0:0:0:0:1 "GET /h2-console/tree_database.gif HTTP/1.1" 200 (- ms)
[02/Nov/2018:20:43:03 -0300] 0:0:0:0:0:0:0:1 "GET /h2-console/tree_plus.gif HTTP/1.1" 200 (- ms)
[02/Nov/2018:20:43:03 -0300] 0:0:0:0:0:0:0:1 "GET /h2-console/tree_table.gif HTTP/1.1" 200 (- ms)
[02/Nov/2018:20:43:03 -0300] 0:0:0:0:0:0:0:1 "GET /h2-console/tree_empty.gif HTTP/1.1" 200 (- ms)
[02/Nov/2018:20:43:03 -0300] 0:0:0:0:0:0:0:1 "GET /h2-console/tree_users.gif HTTP/1.1" 200 (- ms)
[02/Nov/2018:20:43:03 -0300] 0:0:0:0:0:0:0:1 "GET /h2-console/tree_type.gif HTTP/1.1" 200 (- ms)
[02/Nov/2018:20:43:03 -0300] 0:0:0:0:0:0:0:1 "GET /h2-console/tree_folder.gif HTTP/1.1" 200 (- ms)
[02/Nov/2018:20:43:03 -0300] 0:0:0:0:0:0:0:1 "GET /h2-console/tree_sequences.gif HTTP/1.1" 200 (- ms)
[02/Nov/2018:20:43:03 -0300] 0:0:0:0:0:0:0:1 "GET /h2-console/tree_info.gif HTTP/1.1" 200 (- ms)
[02/Nov/2018:20:43:03 -0300] 0:0:0:0:0:0:0:1 "GET /h2-console/tree_index_az.gif HTTP/1.1" 200 (- ms)
[02/Nov/2018:20:43:03 -0300] 0:0:0:0:0:0:0:1 "GET /h2-console/tree_index.gif HTTP/1.1" 200 (- ms)
[02/Nov/2018:20:43:03 -0300] 0:0:0:0:0:0:0:1 "GET /h2-console/tree_sequence.gif HTTP/1.1" 200 (- ms)
[02/Nov/2018:20:43:03 -0300] 0:0:0:0:0:0:0:1 "GET /h2-console/tree_user.gif HTTP/1.1" 200 (- ms)
[02/Nov/2018:20:54:38 -0300] 0:0:0:0:0:0:0:1 "POST /h2-console/login.do?jsessionid=0cdd499ef9603809e4329fe8315265f9 HTTP/1.1" 200 (- ms)
[02/Nov/2018:20:54:38 -0300] 0:0:0:0:0:0:0:1 "GET /h2-console/stylesheet.css HTTP/1.1" 200 (- ms)
[02/Nov/2018:20:54:38 -0300] 0:0:0:0:0:0:0:1 "GET /h2-console/login.jsp?jsessionid=d39543d312ee70cc6223d9ff0fcd466a HTTP/1.1" 200 (- ms)
[02/Nov/2018:20:54:38 -0300] 0:0:0:0:0:0:0:1 "GET /h2-console/background.gif HTTP/1.1" 200 (- ms)
[02/Nov/2018:20:54:39 -0300] 0:0:0:0:0:0:0:1 "GET /favicon.ico HTTP/1.1" 200 (- ms)
[02/Nov/2018:20:54:40 -0300] 0:0:0:0:0:0:0:1 "POST /h2-console/login.do?jsessionid=d39543d312ee70cc6223d9ff0fcd466a HTTP/1.1" 200 (- ms)
[02/Nov/2018:20:54:40 -0300] 0:0:0:0:0:0:0:1 "GET /h2-console/help.jsp?jsessionid=d39543d312ee70cc6223d9ff0fcd466a HTTP/1.1" 200 (- ms)
[02/Nov/2018:20:54:40 -0300] 0:0:0:0:0:0:0:1 "GET /h2-console/query.jsp?jsessionid=d39543d312ee70cc6223d9ff0fcd466a HTTP/1.1" 200 (- ms)
[02/Nov/2018:20:54:40 -0300] 0:0:0:0:0:0:0:1 "GET /h2-console/header.jsp?jsessionid=d39543d312ee70cc6223d9ff0fcd466a HTTP/1.1" 200 (- ms)
[02/Nov/2018:20:54:40 -0300] 0:0:0:0:0:0:0:1 "GET /h2-console/icon_help.gif HTTP/1.1" 200 (- ms)
[02/Nov/2018:20:54:40 -0300] 0:0:0:0:0:0:0:1 "GET /h2-console/icon_run.gif HTTP/1.1" 200 (- ms)
[02/Nov/2018:20:54:40 -0300] 0:0:0:0:0:0:0:1 "GET /h2-console/icon_history.gif HTTP/1.1" 200 (- ms)
[02/Nov/2018:20:54:40 -0300] 0:0:0:0:0:0:0:1 "GET /h2-console/icon_run_selected.gif HTTP/1.1" 200 (- ms)
[02/Nov/2018:20:54:40 -0300] 0:0:0:0:0:0:0:1 "GET /h2-console/icon_disconnect.gif HTTP/1.1" 200 (- ms)
[02/Nov/2018:20:54:40 -0300] 0:0:0:0:0:0:0:1 "GET /h2-console/icon_line.gif HTTP/1.1" 200 (- ms)
[02/Nov/2018:20:54:40 -0300] 0:0:0:0:0:0:0:1 "GET /h2-console/icon_refresh.gif HTTP/1.1" 200 (- ms)
[02/Nov/2018:20:54:40 -0300] 0:0:0:0:0:0:0:1 "GET /h2-console/icon_rollback.gif HTTP/1.1" 200 (- ms)
[02/Nov/2018:20:54:40 -0300] 0:0:0:0:0:0:0:1 "GET /h2-console/icon_commit.gif HTTP/1.1" 200 (- ms)
[02/Nov/2018:20:54:40 -0300] 0:0:0:0:0:0:0:1 "GET /h2-console/icon_stop.gif HTTP/1.1" 200 (- ms)
[02/Nov/2018:20:54:41 -0300] 0:0:0:0:0:0:0:1 "GET /h2-console/tables.do?jsessionid=d39543d312ee70cc6223d9ff0fcd466a HTTP/1.1" 200 (- ms)
[02/Nov/2018:20:54:41 -0300] 0:0:0:0:0:0:0:1 "GET /h2-console/tree.js HTTP/1.1" 200 (- ms)
[02/Nov/2018:20:54:41 -0300] 0:0:0:0:0:0:0:1 "GET /h2-console/tree_plus.gif HTTP/1.1" 200 (- ms)
[02/Nov/2018:20:54:41 -0300] 0:0:0:0:0:0:0:1 "GET /h2-console/tree_minus.gif HTTP/1.1" 200 (- ms)
[02/Nov/2018:20:54:41 -0300] 0:0:0:0:0:0:0:1 "GET /h2-console/tree_table.gif HTTP/1.1" 200 (- ms)
[02/Nov/2018:20:54:41 -0300] 0:0:0:0:0:0:0:1 "GET /h2-console/tree_empty.gif HTTP/1.1" 200 (- ms)
[02/Nov/2018:20:54:41 -0300] 0:0:0:0:0:0:0:1 "GET /h2-console/tree_column.gif HTTP/1.1" 200 (- ms)
[02/Nov/2018:20:54:41 -0300] 0:0:0:0:0:0:0:1 "GET /h2-console/tree_database.gif HTTP/1.1" 200 (- ms)
[02/Nov/2018:20:54:41 -0300] 0:0:0:0:0:0:0:1 "GET /h2-console/tree_index_az.gif HTTP/1.1" 200 (- ms)
[02/Nov/2018:20:54:41 -0300] 0:0:0:0:0:0:0:1 "GET /h2-console/tree_type.gif HTTP/1.1" 200 (- ms)
[02/Nov/2018:20:54:41 -0300] 0:0:0:0:0:0:0:1 "GET /h2-console/tree_sequences.gif HTTP/1.1" 200 (- ms)
[02/Nov/2018:20:54:41 -0300] 0:0:0:0:0:0:0:1 "GET /h2-console/tree_index.gif HTTP/1.1" 200 (- ms)
[02/Nov/2018:20:54:41 -0300] 0:0:0:0:0:0:0:1 "GET /h2-console/tree_folder.gif HTTP/1.1" 200 (- ms)
[02/Nov/2018:20:54:41 -0300] 0:0:0:0:0:0:0:1 "GET /h2-console/tree_users.gif HTTP/1.1" 200 (- ms)
[02/Nov/2018:20:54:41 -0300] 0:0:0:0:0:0:0:1 "GET /h2-console/tree_info.gif HTTP/1.1" 200 (- ms)
[02/Nov/2018:20:54:41 -0300] 0:0:0:0:0:0:0:1 "GET /h2-console/tree_sequence.gif HTTP/1.1" 200 (- ms)
[02/Nov/2018:20:54:41 -0300] 0:0:0:0:0:0:0:1 "GET /h2-console/tree_user.gif HTTP/1.1" 200 (- ms)
[02/Nov/2018:20:54:46 -0300] 0:0:0:0:0:0:0:1 "POST /h2-console/query.do?jsessionid=d39543d312ee70cc6223d9ff0fcd466a HTTP/1.1" 200 (- ms)
[02/Nov/2018:20:54:46 -0300] 0:0:0:0:0:0:0:1 "GET /h2-console/table.js HTTP/1.1" 200 (- ms)
[02/Nov/2018:20:54:57 -0300] 0:0:0:0:0:0:0:1 "POST /h2-console/query.do?jsessionid=d39543d312ee70cc6223d9ff0fcd466a HTTP/1.1" 200 (- ms)
[02/Nov/2018:20:54:57 -0300] 0:0:0:0:0:0:0:1 "GET /h2-console/table.js HTTP/1.1" 304 (- ms)
[02/Nov/2018:20:54:57 -0300] 0:0:0:0:0:0:0:1 "GET /h2-console/stylesheet.css HTTP/1.1" 304 (- ms)
[02/Nov/2018:20:55:07 -0300] 0:0:0:0:0:0:0:1 "GET /h2-console/query.do?jsessionid=d39543d312ee70cc6223d9ff0fcd466a&sql=@cancel. HTTP/1.1" 200 (- ms)
[02/Nov/2018:20:55:07 -0300] 0:0:0:0:0:0:0:1 "GET /h2-console/stylesheet.css HTTP/1.1" 304 (- ms)
[02/Nov/2018:20:55:07 -0300] 0:0:0:0:0:0:0:1 "GET /h2-console/table.js HTTP/1.1" 304 (- ms)
[02/Nov/2018:20:55:22 -0300] 0:0:0:0:0:0:0:1 "GET /swagger-ui.html HTTP/1.1" 200 (- ms)
[02/Nov/2018:20:55:22 -0300] 0:0:0:0:0:0:0:1 "GET /webjars/springfox-swagger-ui/springfox.css?v=2.9.2 HTTP/1.1" 200 (- ms)
[02/Nov/2018:20:55:22 -0300] 0:0:0:0:0:0:0:1 "GET /webjars/springfox-swagger-ui/springfox.js?v=2.9.2 HTTP/1.1" 200 (- ms)
[02/Nov/2018:20:55:22 -0300] 0:0:0:0:0:0:0:1 "GET /webjars/springfox-swagger-ui/swagger-ui.css?v=2.9.2 HTTP/1.1" 200 (- ms)
[02/Nov/2018:20:55:23 -0300] 0:0:0:0:0:0:0:1 "GET /webjars/springfox-swagger-ui/swagger-ui-standalone-preset.js?v=2.9.2 HTTP/1.1" 200 (- ms)
[02/Nov/2018:20:55:23 -0300] 0:0:0:0:0:0:0:1 "GET /webjars/springfox-swagger-ui/swagger-ui-bundle.js?v=2.9.2 HTTP/1.1" 200 (- ms)
[02/Nov/2018:20:55:23 -0300] 0:0:0:0:0:0:0:1 "GET /webjars/springfox-swagger-ui/favicon-32x32.png?v=2.9.2 HTTP/1.1" 200 (- ms)
[02/Nov/2018:20:55:23 -0300] 0:0:0:0:0:0:0:1 "GET /webjars/springfox-swagger-ui/favicon-16x16.png?v=2.9.2 HTTP/1.1" 200 (- ms)
[02/Nov/2018:20:55:23 -0300] 0:0:0:0:0:0:0:1 "GET /swagger-resources/configuration/ui HTTP/1.1" 200 (- ms)
[02/Nov/2018:20:55:23 -0300] 0:0:0:0:0:0:0:1 "GET /swagger-resources/configuration/security HTTP/1.1" 200 (- ms)
[02/Nov/2018:20:55:23 -0300] 0:0:0:0:0:0:0:1 "GET /swagger-resources HTTP/1.1" 200 (- ms)
[02/Nov/2018:20:55:23 -0300] 0:0:0:0:0:0:0:1 "GET / HTTP/1.1" 302 (- ms)
[02/Nov/2018:20:55:23 -0300] 0:0:0:0:0:0:0:1 "GET /webjars/springfox-swagger-ui/fonts/titillium-web-v6-latin-700.woff2 HTTP/1.1" 200 (- ms)
[02/Nov/2018:20:55:23 -0300] 0:0:0:0:0:0:0:1 "GET /webjars/springfox-swagger-ui/fonts/open-sans-v15-latin-regular.woff2 HTTP/1.1" 200 (- ms)
[02/Nov/2018:20:55:24 -0300] 0:0:0:0:0:0:0:1 "GET /v2/api-docs HTTP/1.1" 200 (- ms)
[02/Nov/2018:20:55:24 -0300] 0:0:0:0:0:0:0:1 "GET /index HTTP/1.1" 200 (- ms)
[02/Nov/2018:20:55:24 -0300] 0:0:0:0:0:0:0:1 "GET /webjars/springfox-swagger-ui/fonts/open-sans-v15-latin-700.woff2 HTTP/1.1" 200 (- ms)
[02/Nov/2018:20:55:24 -0300] 0:0:0:0:0:0:0:1 "GET /webjars/springfox-swagger-ui/fonts/source-code-pro-v7-latin-300.woff2 HTTP/1.1" 200 (- ms)
[02/Nov/2018:20:55:24 -0300] 0:0:0:0:0:0:0:1 "GET /csrf HTTP/1.1" 404 (- ms)
[02/Nov/2018:20:55:30 -0300] 0:0:0:0:0:0:0:1 "GET /webjars/springfox-swagger-ui/fonts/source-code-pro-v7-latin-600.woff2 HTTP/1.1" 200 (- ms)
[02/Nov/2018:20:55:47 -0300] 0:0:0:0:0:0:0:1 "GET /v2/api-docs HTTP/1.1" 200 (- ms)
[02/Nov/2018:20:56:47 -0300] 0:0:0:0:0:0:0:1 "GET /webjars/springfox-swagger-ui/fonts/titillium-web-v6-latin-600.woff2 HTTP/1.1" 200 (- ms)
[02/Nov/2018:23:22:05 -0300] 0:0:0:0:0:0:0:1 "GET /errortest HTTP/1.1" 404 (- ms)
[02/Nov/2018:23:22:12 -0300] 127.0.0.1 "POST /invoices/async HTTP/1.1" 200 (- ms)
[02/Nov/2018:23:22:12 -0300] 0:0:0:0:0:0:0:1 "GET /test/start HTTP/1.1" 500 (- ms)
[02/Nov/2018:23:33:47 -0300] 127.0.0.1 "POST /invoices/async HTTP/1.1" 200 (- ms)
[02/Nov/2018:23:33:47 -0300] 0:0:0:0:0:0:0:1 "GET /test/start HTTP/1.1" 500 (- ms)
[02/Nov/2018:23:33:48 -0300] 0:0:0:0:0:0:0:1 "GET /favicon.ico HTTP/1.1" 200 (- ms)
[02/Nov/2018:23:52:01 -0300] 127.0.0.1 "POST /invoices/async HTTP/1.1" 500 (- ms)
[02/Nov/2018:23:52:01 -0300] 0:0:0:0:0:0:0:1 "GET /test/start HTTP/1.1" 500 (- ms)
[02/Nov/2018:23:52:01 -0300] 0:0:0:0:0:0:0:1 "GET /favicon.ico HTTP/1.1" 200 (- ms)
