[05/Nov/2018:00:38:21 -0200] 0:0:0:0:0:0:0:1 "GET /invoices/111 HTTP/1.1" 200 (- ms)
[05/Nov/2018:01:35:18 -0200] 0:0:0:0:0:0:0:1 "GET /invoices/111 HTTP/1.1" 200 (- ms)
[05/Nov/2018:01:35:33 -0200] 0:0:0:0:0:0:0:1 "GET /invoices/111/transactions HTTP/1.1" 200 (- ms)
[05/Nov/2018:01:35:56 -0200] 0:0:0:0:0:0:0:1 "GET /invoices/111/transactions HTTP/1.1" 200 (- ms)
[05/Nov/2018:01:40:43 -0200] 0:0:0:0:0:0:0:1 "GET /invoices/111 HTTP/1.1" 200 (- ms)
[05/Nov/2018:01:41:09 -0200] 0:0:0:0:0:0:0:1 "GET /invoices/111/transactions HTTP/1.1" 200 (- ms)
[05/Nov/2018:01:41:44 -0200] 0:0:0:0:0:0:0:1 "GET /invoices/111/transactions HTTP/1.1" 200 (- ms)
[05/Nov/2018:01:45:14 -0200] 0:0:0:0:0:0:0:1 "GET /invoices/111 HTTP/1.1" 200 (- ms)
[05/Nov/2018:01:47:17 -0200] 0:0:0:0:0:0:0:1 "GET /invoices/111/transactions HTTP/1.1" 200 (- ms)
[05/Nov/2018:01:47:17 -0200] 0:0:0:0:0:0:0:1 "POST /h2-console/login.do?jsessionid=71c1059394e8f7bc06795ee01d57d384 HTTP/1.1" 200 (- ms)
[05/Nov/2018:01:47:17 -0200] 0:0:0:0:0:0:0:1 "GET /h2-console/stylesheet.css HTTP/1.1" 200 (- ms)
[05/Nov/2018:01:47:17 -0200] 0:0:0:0:0:0:0:1 "GET /h2-console/login.jsp?jsessionid=2fdd7479823e76a33233db86aa2b4dc5 HTTP/1.1" 200 (- ms)
[05/Nov/2018:01:47:17 -0200] 0:0:0:0:0:0:0:1 "GET /h2-console/background.gif HTTP/1.1" 200 (- ms)
[05/Nov/2018:01:47:21 -0200] 0:0:0:0:0:0:0:1 "POST /h2-console/login.do?jsessionid=2fdd7479823e76a33233db86aa2b4dc5 HTTP/1.1" 200 (- ms)
[05/Nov/2018:01:47:21 -0200] 0:0:0:0:0:0:0:1 "GET /h2-console/header.jsp?jsessionid=2fdd7479823e76a33233db86aa2b4dc5 HTTP/1.1" 200 (- ms)
[05/Nov/2018:01:47:21 -0200] 0:0:0:0:0:0:0:1 "GET /h2-console/help.jsp?jsessionid=2fdd7479823e76a33233db86aa2b4dc5 HTTP/1.1" 200 (- ms)
[05/Nov/2018:01:47:21 -0200] 0:0:0:0:0:0:0:1 "GET /h2-console/query.jsp?jsessionid=2fdd7479823e76a33233db86aa2b4dc5 HTTP/1.1" 200 (- ms)
[05/Nov/2018:01:47:22 -0200] 0:0:0:0:0:0:0:1 "GET /h2-console/icon_disconnect.gif HTTP/1.1" 200 (- ms)
[05/Nov/2018:01:47:22 -0200] 0:0:0:0:0:0:0:1 "GET /h2-console/icon_line.gif HTTP/1.1" 200 (- ms)
[05/Nov/2018:01:47:22 -0200] 0:0:0:0:0:0:0:1 "GET /h2-console/icon_refresh.gif HTTP/1.1" 200 (- ms)
[05/Nov/2018:01:47:22 -0200] 0:0:0:0:0:0:0:1 "GET /h2-console/icon_commit.gif HTTP/1.1" 200 (- ms)
[05/Nov/2018:01:47:22 -0200] 0:0:0:0:0:0:0:1 "GET /h2-console/icon_rollback.gif HTTP/1.1" 200 (- ms)
[05/Nov/2018:01:47:22 -0200] 0:0:0:0:0:0:0:1 "GET /h2-console/icon_run_selected.gif HTTP/1.1" 200 (- ms)
[05/Nov/2018:01:47:22 -0200] 0:0:0:0:0:0:0:1 "GET /h2-console/icon_run.gif HTTP/1.1" 200 (- ms)
[05/Nov/2018:01:47:22 -0200] 0:0:0:0:0:0:0:1 "GET /h2-console/icon_stop.gif HTTP/1.1" 200 (- ms)
[05/Nov/2018:01:47:22 -0200] 0:0:0:0:0:0:0:1 "GET /h2-console/icon_help.gif HTTP/1.1" 200 (- ms)
[05/Nov/2018:01:47:22 -0200] 0:0:0:0:0:0:0:1 "GET /h2-console/icon_history.gif HTTP/1.1" 200 (- ms)
[05/Nov/2018:01:47:22 -0200] 0:0:0:0:0:0:0:1 "GET /h2-console/tables.do?jsessionid=2fdd7479823e76a33233db86aa2b4dc5 HTTP/1.1" 200 (- ms)
[05/Nov/2018:01:47:22 -0200] 0:0:0:0:0:0:0:1 "GET /h2-console/tree.js HTTP/1.1" 200 (- ms)
[05/Nov/2018:01:47:22 -0200] 0:0:0:0:0:0:0:1 "GET /h2-console/tree_minus.gif HTTP/1.1" 200 (- ms)
[05/Nov/2018:01:47:22 -0200] 0:0:0:0:0:0:0:1 "GET /h2-console/tree_table.gif HTTP/1.1" 200 (- ms)
[05/Nov/2018:01:47:22 -0200] 0:0:0:0:0:0:0:1 "GET /h2-console/tree_column.gif HTTP/1.1" 200 (- ms)
[05/Nov/2018:01:47:22 -0200] 0:0:0:0:0:0:0:1 "GET /h2-console/tree_empty.gif HTTP/1.1" 200 (- ms)
[05/Nov/2018:01:47:22 -0200] 0:0:0:0:0:0:0:1 "GET /h2-console/tree_plus.gif HTTP/1.1" 200 (- ms)
[05/Nov/2018:01:47:22 -0200] 0:0:0:0:0:0:0:1 "GET /h2-console/tree_database.gif HTTP/1.1" 200 (- ms)
[05/Nov/2018:01:47:22 -0200] 0:0:0:0:0:0:0:1 "GET /h2-console/tree_users.gif HTTP/1.1" 200 (- ms)
[05/Nov/2018:01:47:22 -0200] 0:0:0:0:0:0:0:1 "GET /h2-console/tree_index_az.gif HTTP/1.1" 200 (- ms)
[05/Nov/2018:01:47:22 -0200] 0:0:0:0:0:0:0:1 "GET /h2-console/tree_type.gif HTTP/1.1" 200 (- ms)
[05/Nov/2018:01:47:22 -0200] 0:0:0:0:0:0:0:1 "GET /h2-console/tree_info.gif HTTP/1.1" 200 (- ms)
[05/Nov/2018:01:47:22 -0200] 0:0:0:0:0:0:0:1 "GET /h2-console/tree_index.gif HTTP/1.1" 200 (- ms)
[05/Nov/2018:01:47:22 -0200] 0:0:0:0:0:0:0:1 "GET /h2-console/tree_sequences.gif HTTP/1.1" 200 (- ms)
[05/Nov/2018:01:47:22 -0200] 0:0:0:0:0:0:0:1 "GET /h2-console/tree_sequence.gif HTTP/1.1" 200 (- ms)
[05/Nov/2018:01:47:22 -0200] 0:0:0:0:0:0:0:1 "GET /h2-console/tree_folder.gif HTTP/1.1" 200 (- ms)
[05/Nov/2018:01:47:22 -0200] 0:0:0:0:0:0:0:1 "GET /h2-console/tree_user.gif HTTP/1.1" 200 (- ms)
[05/Nov/2018:02:00:27 -0200] 0:0:0:0:0:0:0:1 "GET /invoices/111 HTTP/1.1" 200 (- ms)
[05/Nov/2018:02:00:40 -0200] 0:0:0:0:0:0:0:1 "GET /invoices/111/transactions HTTP/1.1" 500 (- ms)
[05/Nov/2018:02:02:41 -0200] 0:0:0:0:0:0:0:1 "GET /invoices/111 HTTP/1.1" 200 (- ms)
[05/Nov/2018:02:03:10 -0200] 0:0:0:0:0:0:0:1 "GET /invoices/111/transactions HTTP/1.1" 200 (- ms)
[05/Nov/2018:02:11:17 -0200] 0:0:0:0:0:0:0:1 "GET /invoices/111/transactions HTTP/1.1" 200 (- ms)
[05/Nov/2018:02:11:29 -0200] 0:0:0:0:0:0:0:1 "GET /invoices/111 HTTP/1.1" 200 (- ms)
[05/Nov/2018:02:12:04 -0200] 0:0:0:0:0:0:0:1 "GET /invoices HTTP/1.1" 200 (- ms)
[05/Nov/2018:02:13:06 -0200] 0:0:0:0:0:0:0:1 "GET /transactions HTTP/1.1" 200 (- ms)
