[03/Nov/2018:00:23:34 -0300] 0:0:0:0:0:0:0:1 "GET /test/start HTTP/1.1" 200 (- ms)
[03/Nov/2018:00:23:34 -0300] 127.0.0.1 "POST /invoices/async HTTP/1.1" 201 (- ms)
[03/Nov/2018:00:23:34 -0300] 0:0:0:0:0:0:0:1 "GET /favicon.ico HTTP/1.1" 200 (- ms)
[03/Nov/2018:00:23:55 -0300] 0:0:0:0:0:0:0:1 "POST /h2-console/login.do?jsessionid=d39543d312ee70cc6223d9ff0fcd466a HTTP/1.1" 200 (- ms)
[03/Nov/2018:00:23:56 -0300] 0:0:0:0:0:0:0:1 "GET /h2-console/stylesheet.css HTTP/1.1" 200 (- ms)
[03/Nov/2018:00:23:56 -0300] 0:0:0:0:0:0:0:1 "GET /h2-console/login.jsp?jsessionid=e8bde40d4c99484e3c93c04d3623d8c6 HTTP/1.1" 200 (- ms)
[03/Nov/2018:00:23:56 -0300] 0:0:0:0:0:0:0:1 "GET /h2-console/background.gif HTTP/1.1" 200 (- ms)
[03/Nov/2018:00:23:56 -0300] 0:0:0:0:0:0:0:1 "GET /favicon.ico HTTP/1.1" 200 (- ms)
[03/Nov/2018:00:24:10 -0300] 0:0:0:0:0:0:0:1 "POST /h2-console/login.do?jsessionid=e8bde40d4c99484e3c93c04d3623d8c6 HTTP/1.1" 200 (- ms)
[03/Nov/2018:00:24:11 -0300] 0:0:0:0:0:0:0:1 "GET /h2-console/stylesheet.css HTTP/1.1" 304 (- ms)
[03/Nov/2018:00:24:11 -0300] 0:0:0:0:0:0:0:1 "GET /h2-console/header.jsp?jsessionid=e8bde40d4c99484e3c93c04d3623d8c6 HTTP/1.1" 200 (- ms)
[03/Nov/2018:00:24:11 -0300] 0:0:0:0:0:0:0:1 "GET /h2-console/query.jsp?jsessionid=e8bde40d4c99484e3c93c04d3623d8c6 HTTP/1.1" 200 (- ms)
[03/Nov/2018:00:24:11 -0300] 0:0:0:0:0:0:0:1 "GET /h2-console/help.jsp?jsessionid=e8bde40d4c99484e3c93c04d3623d8c6 HTTP/1.1" 200 (- ms)
[03/Nov/2018:00:24:11 -0300] 0:0:0:0:0:0:0:1 "GET /h2-console/icon_line.gif HTTP/1.1" 200 (- ms)
[03/Nov/2018:00:24:11 -0300] 0:0:0:0:0:0:0:1 "GET /h2-console/icon_disconnect.gif HTTP/1.1" 200 (- ms)
[03/Nov/2018:00:24:11 -0300] 0:0:0:0:0:0:0:1 "GET /h2-console/icon_rollback.gif HTTP/1.1" 200 (- ms)
[03/Nov/2018:00:24:11 -0300] 0:0:0:0:0:0:0:1 "GET /h2-console/icon_refresh.gif HTTP/1.1" 200 (- ms)
[03/Nov/2018:00:24:11 -0300] 0:0:0:0:0:0:0:1 "GET /h2-console/icon_commit.gif HTTP/1.1" 200 (- ms)
[03/Nov/2018:00:24:11 -0300] 0:0:0:0:0:0:0:1 "GET /h2-console/icon_run.gif HTTP/1.1" 200 (- ms)
[03/Nov/2018:00:24:11 -0300] 0:0:0:0:0:0:0:1 "GET /h2-console/icon_run_selected.gif HTTP/1.1" 200 (- ms)
[03/Nov/2018:00:24:11 -0300] 0:0:0:0:0:0:0:1 "GET /h2-console/icon_stop.gif HTTP/1.1" 200 (- ms)
[03/Nov/2018:00:24:11 -0300] 0:0:0:0:0:0:0:1 "GET /h2-console/icon_history.gif HTTP/1.1" 200 (- ms)
[03/Nov/2018:00:24:11 -0300] 0:0:0:0:0:0:0:1 "GET /h2-console/icon_help.gif HTTP/1.1" 200 (- ms)
[03/Nov/2018:00:24:11 -0300] 0:0:0:0:0:0:0:1 "GET /h2-console/tables.do?jsessionid=e8bde40d4c99484e3c93c04d3623d8c6 HTTP/1.1" 200 (- ms)
[03/Nov/2018:00:24:11 -0300] 0:0:0:0:0:0:0:1 "GET /h2-console/tree.js HTTP/1.1" 200 (- ms)
[03/Nov/2018:00:24:11 -0300] 0:0:0:0:0:0:0:1 "GET /h2-console/tree_minus.gif HTTP/1.1" 200 (- ms)
[03/Nov/2018:00:24:11 -0300] 0:0:0:0:0:0:0:1 "GET /h2-console/tree_database.gif HTTP/1.1" 200 (- ms)
[03/Nov/2018:00:24:11 -0300] 0:0:0:0:0:0:0:1 "GET /h2-console/tree_empty.gif HTTP/1.1" 200 (- ms)
[03/Nov/2018:00:24:11 -0300] 0:0:0:0:0:0:0:1 "GET /h2-console/tree_table.gif HTTP/1.1" 200 (- ms)
[03/Nov/2018:00:24:11 -0300] 0:0:0:0:0:0:0:1 "GET /h2-console/tree_plus.gif HTTP/1.1" 200 (- ms)
[03/Nov/2018:00:24:11 -0300] 0:0:0:0:0:0:0:1 "GET /h2-console/tree_column.gif HTTP/1.1" 200 (- ms)
[03/Nov/2018:00:24:11 -0300] 0:0:0:0:0:0:0:1 "GET /h2-console/tree_index_az.gif HTTP/1.1" 200 (- ms)
[03/Nov/2018:00:24:11 -0300] 0:0:0:0:0:0:0:1 "GET /h2-console/tree_index.gif HTTP/1.1" 200 (- ms)
[03/Nov/2018:00:24:11 -0300] 0:0:0:0:0:0:0:1 "GET /h2-console/tree_type.gif HTTP/1.1" 200 (- ms)
[03/Nov/2018:00:24:11 -0300] 0:0:0:0:0:0:0:1 "GET /h2-console/tree_folder.gif HTTP/1.1" 200 (- ms)
[03/Nov/2018:00:24:11 -0300] 0:0:0:0:0:0:0:1 "GET /h2-console/tree_sequences.gif HTTP/1.1" 200 (- ms)
[03/Nov/2018:00:24:11 -0300] 0:0:0:0:0:0:0:1 "GET /h2-console/tree_users.gif HTTP/1.1" 200 (- ms)
[03/Nov/2018:00:24:11 -0300] 0:0:0:0:0:0:0:1 "GET /h2-console/tree_info.gif HTTP/1.1" 200 (- ms)
[03/Nov/2018:00:24:11 -0300] 0:0:0:0:0:0:0:1 "GET /h2-console/tree_sequence.gif HTTP/1.1" 200 (- ms)
[03/Nov/2018:00:24:11 -0300] 0:0:0:0:0:0:0:1 "GET /h2-console/tree_user.gif HTTP/1.1" 200 (- ms)
[03/Nov/2018:00:24:14 -0300] 0:0:0:0:0:0:0:1 "POST /h2-console/query.do?jsessionid=e8bde40d4c99484e3c93c04d3623d8c6 HTTP/1.1" 200 (- ms)
[03/Nov/2018:00:24:14 -0300] 0:0:0:0:0:0:0:1 "GET /h2-console/table.js HTTP/1.1" 200 (- ms)
[03/Nov/2018:00:24:24 -0300] 0:0:0:0:0:0:0:1 "POST /h2-console/query.do?jsessionid=e8bde40d4c99484e3c93c04d3623d8c6 HTTP/1.1" 200 (- ms)
[03/Nov/2018:00:24:24 -0300] 0:0:0:0:0:0:0:1 "GET /h2-console/stylesheet.css HTTP/1.1" 304 (- ms)
[03/Nov/2018:00:24:24 -0300] 0:0:0:0:0:0:0:1 "GET /h2-console/table.js HTTP/1.1" 304 (- ms)
[03/Nov/2018:00:24:42 -0300] 0:0:0:0:0:0:0:1 "GET /swagger-ui.html HTTP/1.1" 304 (- ms)
[03/Nov/2018:00:24:42 -0300] 0:0:0:0:0:0:0:1 "GET /webjars/springfox-swagger-ui/swagger-ui-bundle.js?v=2.9.2 HTTP/1.1" 304 (- ms)
[03/Nov/2018:00:24:42 -0300] 0:0:0:0:0:0:0:1 "GET /webjars/springfox-swagger-ui/swagger-ui.css?v=2.9.2 HTTP/1.1" 304 (- ms)
[03/Nov/2018:00:24:42 -0300] 0:0:0:0:0:0:0:1 "GET /webjars/springfox-swagger-ui/swagger-ui-standalone-preset.js?v=2.9.2 HTTP/1.1" 304 (- ms)
[03/Nov/2018:00:24:42 -0300] 0:0:0:0:0:0:0:1 "GET /webjars/springfox-swagger-ui/springfox.css?v=2.9.2 HTTP/1.1" 304 (- ms)
[03/Nov/2018:00:24:42 -0300] 0:0:0:0:0:0:0:1 "GET /webjars/springfox-swagger-ui/springfox.js?v=2.9.2 HTTP/1.1" 304 (- ms)
[03/Nov/2018:00:24:43 -0300] 0:0:0:0:0:0:0:1 "GET /swagger-resources/configuration/ui HTTP/1.1" 200 (- ms)
[03/Nov/2018:00:24:43 -0300] 0:0:0:0:0:0:0:1 "GET /swagger-resources/configuration/security HTTP/1.1" 200 (- ms)
[03/Nov/2018:00:24:43 -0300] 0:0:0:0:0:0:0:1 "GET /swagger-resources HTTP/1.1" 200 (- ms)
[03/Nov/2018:00:24:43 -0300] 0:0:0:0:0:0:0:1 "GET / HTTP/1.1" 302 (- ms)
[03/Nov/2018:00:24:43 -0300] 0:0:0:0:0:0:0:1 "GET /webjars/springfox-swagger-ui/fonts/titillium-web-v6-latin-700.woff2 HTTP/1.1" 304 (- ms)
[03/Nov/2018:00:24:43 -0300] 0:0:0:0:0:0:0:1 "GET /webjars/springfox-swagger-ui/fonts/open-sans-v15-latin-regular.woff2 HTTP/1.1" 304 (- ms)
[03/Nov/2018:00:24:43 -0300] 0:0:0:0:0:0:0:1 "GET /v2/api-docs HTTP/1.1" 200 (- ms)
[03/Nov/2018:00:24:43 -0300] 0:0:0:0:0:0:0:1 "GET /index HTTP/1.1" 200 (- ms)
[03/Nov/2018:00:24:43 -0300] 0:0:0:0:0:0:0:1 "GET /webjars/springfox-swagger-ui/fonts/open-sans-v15-latin-700.woff2 HTTP/1.1" 304 (- ms)
[03/Nov/2018:00:24:44 -0300] 0:0:0:0:0:0:0:1 "GET /webjars/springfox-swagger-ui/fonts/source-code-pro-v7-latin-300.woff2 HTTP/1.1" 304 (- ms)
[03/Nov/2018:00:24:44 -0300] 0:0:0:0:0:0:0:1 "GET /csrf HTTP/1.1" 404 (- ms)
[03/Nov/2018:00:24:47 -0300] 0:0:0:0:0:0:0:1 "GET /webjars/springfox-swagger-ui/fonts/source-code-pro-v7-latin-600.woff2 HTTP/1.1" 304 (- ms)
